  {
    "EventTime": "2025-08-03T12:30:31",
    "Hostname": "DC01.corp.local",
    "EventType": "AUDIT_FAILURE",
    "EventID": 4625,
    "SourceName": "Microsoft-Windows-Security-Auditing",
    "Channel": "Security",
    "Message": "An account failed to log on.\r\n\r\nSubject:\r\n\tSecurity ID:\t\tS-1-0-0\r\n\tAccount Name:\t\t-\r\n\tAccount Domain:\t\t-\r\n\tLogon ID:\t\t0x0\r\n\r\nLogon Type:\t\t3\r\n\r\nAccount For Which Logon Failed:\r\n\tSecurity ID:\t\tS-1-0-0\r\n\tAccount Name:\t\ttestuser\r\n\tAccount Domain:\t\tCORP\r\n\r\nFailure Information:\r\n\tFailure Reason:\t\tUnknown user name or bad password.\r\n\tStatus:\t\t\t0xc000006d\r\n\tSub Status:\t\t0xc000006a\r\n\r\nNetwork Information:\r\n\tWorkstation Name:\tDC01\r\n\tSource Network Address:\t203.0.113.76\r\n\tSource Port:\t\t53817\r\n"
  },
  {
    "EventTime": "2025-08-03T12:45:09",
    "Hostname": "DC01.corp.local",
    "EventType": "AUDIT_FAILURE",
    "EventID": 4672,
    "SourceName": "Microsoft-Windows-Security-Auditing",
    "Channel": "Security",
    "Message": "Special privileges assigned to new logon.\r\n\tAccount Name:\t\ttestuser\r\n"
  },
  {
    "EventTime": "2025-08-03T12:23:49",
    "Hostname": "DC01.corp.local",
    "EventType": "AUDIT_SUCCESS",
    "EventID": 4624,
    "SourceName": "Microsoft-Windows-Security-Auditing",
    "Channel": "Security",
    "Message": "An account was successfully logged on.\r\n\r\nSubject:\r\n\tSecurity ID:\t\tS-1-5-21\r\n\tAccount Name:\t\tjsmith\r\n\tAccount Domain:\t\tCORP\r\n\tLogon ID:\t\t0x1234\r\n\r\nLogon Type:\t\t2\r\n\r\nNetwork Information:\r\n\tSource Network Address:\t162.243.187.132\r\n\tSource Port:\t\t44256\r\n"
  },
  {
    "EventTime": "2025-08-03T12:36:16",
    "Hostname": "DC01.corp.local",
    "EventType": "AUDIT_SUCCESS",
    "EventID": 4624,
    "SourceName": "Microsoft-Windows-Security-Auditing",
    "Channel": "Security",
    "Message": "An account was successfully logged on.\r\n\r\nSubject:\r\n\tSecurity ID:\t\tS-1-5-21\r\n\tAccount Name:\t\tjsmith\r\n\tAccount Domain:\t\tCORP\r\n\tLogon ID:\t\t0x1234\r\n\r\nLogon Type:\t\t2\r\n\r\nNetwork Information:\r\n\tSource Network Address:\t8.8.8.8\r\n\tSource Port:\t\t42615\r\n"
  },
  {
    "EventTime": "2025-08-03T12:33:40",
    "Hostname": "DC01.corp.local",
    "EventType": "AUDIT_FAILURE",
    "EventID": 4634,
    "SourceName": "Microsoft-Windows-Security-Auditing",
    "Channel": "Security",
    "Message": "An account was logged off.\r\n\r\nAccount Name:\t\ttestuser\r\n"
  },
  {
    "EventTime": "2025-08-03T12:28:14",
    "Hostname": "DC01.corp.local",
    "EventType": "AUDIT_SUCCESS",
    "EventID": 4624,
    "SourceName": "Microsoft-Windows-Security-Auditing",
    "Channel": "Security",
    "Message": "An account was successfully logged on.\r\n\r\nSubject:\r\n\tSecurity ID:\t\tS-1-5-21\r\n\tAccount Name:\t\tadmin\r\n\tAccount Domain:\t\tCORP\r\n\tLogon ID:\t\t0x1234\r\n\r\nLogon Type:\t\t2\r\n\r\nNetwork Information:\r\n\tSource Network Address:\t104.244.42.1\r\n\tSource Port:\t\t39225\r\n"
  },
  {
    "EventTime": "2025-08-03T12:04:05",
    "Hostname": "DC01.corp.local",
    "EventType": "AUDIT_FAILURE",
    "EventID": 4625,
    "SourceName": "Microsoft-Windows-Security-Auditing",
    "Channel": "Security",
    "Message": "An account failed to log on.\r\n\r\nSubject:\r\n\tSecurity ID:\t\tS-1-0-0\r\n\tAccount Name:\t\t-\r\n\tAccount Domain:\t\t-\r\n\tLogon ID:\t\t0x0\r\n\r\nLogon Type:\t\t3\r\n\r\nAccount For Which Logon Failed:\r\n\tSecurity ID:\t\tS-1-0-0\r\n\tAccount Name:\t\tjinny\r\n\tAccount Domain:\t\tCORP\r\n\r\nFailure Information:\r\n\tFailure Reason:\t\tUnknown user name or bad password.\r\n\tStatus:\t\t\t0xc000006d\r\n\tSub Status:\t\t0xc000006a\r\n\r\nNetwork Information:\r\n\tWorkstation Name:\tDC01\r\n\tSource Network Address:\t8.8.8.8\r\n\tSource Port:\t\t17238\r\n"
  },
  {
    "EventTime": "2025-08-03T12:17:35",
    "Hostname": "DC01.corp.local",
    "EventType": "AUDIT_FAILURE",
    "EventID": 4634,
    "SourceName": "Microsoft-Windows-Security-Auditing",
    "Channel": "Security",
    "Message": "An account was logged off.\r\n\r\nAccount Name:\t\tuser1\r\n"
  },
  {
    "EventTime": "2025-08-03T12:04:29",
    "Hostname": "DC01.corp.local",
    "EventType": "AUDIT_FAILURE",
    "EventID": 4634,
    "SourceName": "Microsoft-Windows-Security-Auditing",
    "Channel": "Security",
    "Message": "An account was logged off.\r\n\r\nAccount Name:\t\ttestuser\r\n"
  },
  {
    "EventTime": "2025-08-03T12:21:48",
    "Hostname": "DC01.corp.local",
    "EventType": "AUDIT_SUCCESS",
    "EventID": 4624,
    "SourceName": "Microsoft-Windows-Security-Auditing",
    "Channel": "Security",
    "Message": "An account was successfully logged on.\r\n\r\nSubject:\r\n\tSecurity ID:\t\tS-1-5-21\r\n\tAccount Name:\t\tuser1\r\n\tAccount Domain:\t\tCORP\r\n\tLogon ID:\t\t0x1234\r\n\r\nLogon Type:\t\t2\r\n\r\nNetwork Information:\r\n\tSource Network Address:\t8.8.8.8\r\n\tSource Port:\t\t5209\r\n"
  },
  {
    "EventTime": "2025-08-03T12:52:54",
    "Hostname": "DC01.corp.local",
    "EventType": "AUDIT_FAILURE",
    "EventID": 4625,
    "SourceName": "Microsoft-Windows-Security-Auditing",
    "Channel": "Security",
    "Message": "An account failed to log on.\r\n\r\nSubject:\r\n\tSecurity ID:\t\tS-1-0-0\r\n\tAccount Name:\t\t-\r\n\tAccount Domain:\t\t-\r\n\tLogon ID:\t\t0x0\r\n\r\nLogon Type:\t\t3\r\n\r\nAccount For Which Logon Failed:\r\n\tSecurity ID:\t\tS-1-0-0\r\n\tAccount Name:\t\ttestuser\r\n\tAccount Domain:\t\tCORP\r\n\r\nFailure Information:\r\n\tFailure Reason:\t\tUnknown user name or bad password.\r\n\tStatus:\t\t\t0xc000006d\r\n\tSub Status:\t\t0xc000006a\r\n\r\nNetwork Information:\r\n\tWorkstation Name:\tDC01\r\n\tSource Network Address:\t198.51.100.23\r\n\tSource Port:\t\t22603\r\n"
  },
  {
    "EventTime": "2025-08-03T12:51:54",
    "Hostname": "DC01.corp.local",
    "EventType": "AUDIT_FAILURE",
    "EventID": 4625,
    "SourceName": "Microsoft-Windows-Security-Auditing",
    "Channel": "Security",
    "Message": "An account failed to log on.\r\n\r\nSubject:\r\n\tSecurity ID:\t\tS-1-0-0\r\n\tAccount Name:\t\t-\r\n\tAccount Domain:\t\t-\r\n\tLogon ID:\t\t0x0\r\n\r\nLogon Type:\t\t3\r\n\r\nAccount For Which Logon Failed:\r\n\tSecurity ID:\t\tS-1-0-0\r\n\tAccount Name:\t\tjsmith\r\n\tAccount Domain:\t\tCORP\r\n\r\nFailure Information:\r\n\tFailure Reason:\t\tUnknown user name or bad password.\r\n\tStatus:\t\t\t0xc000006d\r\n\tSub Status:\t\t0xc000006a\r\n\r\nNetwork Information:\r\n\tWorkstation Name:\tDC01\r\n\tSource Network Address:\t185.199.108.45\r\n\tSource Port:\t\t17872\r\n"
  },
  {
    "EventTime": "2025-08-03T12:36:58",
    "Hostname": "DC01.corp.local",
    "EventType": "AUDIT_FAILURE",
    "EventID": 4625,
    "SourceName": "Microsoft-Windows-Security-Auditing",
    "Channel": "Security",
    "Message": "An account failed to log on.\r\n\r\nSubject:\r\n\tSecurity ID:\t\tS-1-0-0\r\n\tAccount Name:\t\t-\r\n\tAccount Domain:\t\t-\r\n\tLogon ID:\t\t0x0\r\n\r\nLogon Type:\t\t3\r\n\r\nAccount For Which Logon Failed:\r\n\tSecurity ID:\t\tS-1-0-0\r\n\tAccount Name:\t\tuser1\r\n\tAccount Domain:\t\tCORP\r\n\r\nFailure Information:\r\n\tFailure Reason:\t\tUnknown user name or bad password.\r\n\tStatus:\t\t\t0xc000006d\r\n\tSub Status:\t\t0xc000006a\r\n\r\nNetwork Information:\r\n\tWorkstation Name:\tDC01\r\n\tSource Network Address:\t203.0.113.76\r\n\tSource Port:\t\t15102\r\n"
  },
  {
    "EventTime": "2025-08-03T12:56:22",
    "Hostname": "DC01.corp.local",
    "EventType": "AUDIT_FAILURE",
    "EventID": 5140,
    "SourceName": "Microsoft-Windows-Security-Auditing",
    "Channel": "Security",
    "Message": "A network share object was accessed.\r\n\r\n\tSource Network Address:\t8.8.8.8\r\n"
  },
  {
    "EventTime": "2025-08-03T12:05:01",
    "Hostname": "DC01.corp.local",
    "EventType": "AUDIT_SUCCESS",
    "EventID": 4720,
    "SourceName": "Microsoft-Windows-Security-Auditing",
    "Channel": "Security",
    "Message": "A user account was created.\r\n\r\nNew Account:\r\n\tAccount Name:\t\tjinny\r\n"
  },
  {
    "EventTime": "2025-08-03T12:55:14",
    "Hostname": "DC01.corp.local",
    "EventType": "AUDIT_SUCCESS",
    "EventID": 4624,
    "SourceName": "Microsoft-Windows-Security-Auditing",
    "Channel": "Security",
    "Message": "An account was successfully logged on.\r\n\r\nSubject:\r\n\tSecurity ID:\t\tS-1-5-21\r\n\tAccount Name:\t\tjsmith\r\n\tAccount Domain:\t\tCORP\r\n\tLogon ID:\t\t0x1234\r\n\r\nLogon Type:\t\t2\r\n\r\nNetwork Information:\r\n\tSource Network Address:\t162.243.187.132\r\n\tSource Port:\t\t32714\r\n"
  },
  {
    "EventTime": "2025-08-03T12:30:00",
    "Hostname": "DC01.corp.local",
    "EventType": "AUDIT_SUCCESS",
    "EventID": 4624,
    "SourceName": "Microsoft-Windows-Security-Auditing",
    "Channel": "Security",
    "Message": "An account was successfully logged on.\r\n\r\nSubject:\r\n\tSecurity ID:\t\tS-1-5-21\r\n\tAccount Name:\t\tguest\r\n\tAccount Domain:\t\tCORP\r\n\tLogon ID:\t\t0x1234\r\n\r\nLogon Type:\t\t2\r\n\r\nNetwork Information:\r\n\tSource Network Address:\t45.33.32.156\r\n\tSource Port:\t\t27723\r\n"
  },
  {
    "EventTime": "2025-08-03T12:54:21",
    "Hostname": "DC01.corp.local",
    "EventType": "AUDIT_FAILURE",
    "EventID": 4634,
    "SourceName": "Microsoft-Windows-Security-Auditing",
    "Channel": "Security",
    "Message": "An account was logged off.\r\n\r\nAccount Name:\t\tadmin\r\n"
  },
  {
    "EventTime": "2025-08-03T12:10:58",
    "Hostname": "DC01.corp.local",
    "EventType": "AUDIT_SUCCESS",
    "EventID": 4720,
    "SourceName": "Microsoft-Windows-Security-Auditing",
    "Channel": "Security",
    "Message": "A user account was created.\r\n\r\nNew Account:\r\n\tAccount Name:\t\ttestuser\r\n"
  },
  {
    "EventTime": "2025-08-03T12:41:43",
    "Hostname": "DC01.corp.local",
    "EventType": "AUDIT_FAILURE",
    "EventID": 4634,
    "SourceName": "Microsoft-Windows-Security-Auditing",
    "Channel": "Security",
    "Message": "An account was logged off.\r\n\r\nAccount Name:\t\ttestuser\r\n"
  },
  {
    "EventTime": "2025-08-03T12:11:40",
    "Hostname": "DC01.corp.local",
    "EventType": "AUDIT_SUCCESS",
    "EventID": 4720,
    "SourceName": "Microsoft-Windows-Security-Auditing",
    "Channel": "Security",
    "Message": "A user account was created.\r\n\r\nNew Account:\r\n\tAccount Name:\t\tjinny\r\n"
  },
  {
    "EventTime": "2025-08-03T12:08:32",
    "Hostname": "DC01.corp.local",
    "EventType": "AUDIT_FAILURE",
    "EventID": 4648,
    "SourceName": "Microsoft-Windows-Security-Auditing",
    "Channel": "Security",
    "Message": "A logon was attempted using explicit credentials.\r\n\r\nAccount Name:\t\tjinny\r\n\tNetwork Address:\t162.243.187.132\r\n\tPort:\t\t9046\r\n"
  },
  {
    "EventTime": "2025-08-03T12:30:21",
    "Hostname": "DC01.corp.local",
    "EventType": "AUDIT_FAILURE",
    "EventID": 4625,
    "SourceName": "Microsoft-Windows-Security-Auditing",
    "Channel": "Security",
    "Message": "An account failed to log on.\r\n\r\nSubject:\r\n\tSecurity ID:\t\tS-1-0-0\r\n\tAccount Name:\t\t-\r\n\tAccount Domain:\t\t-\r\n\tLogon ID:\t\t0x0\r\n\r\nLogon Type:\t\t3\r\n\r\nAccount For Which Logon Failed:\r\n\tSecurity ID:\t\tS-1-0-0\r\n\tAccount Name:\t\tadmin\r\n\tAccount Domain:\t\tCORP\r\n\r\nFailure Information:\r\n\tFailure Reason:\t\tUnknown user name or bad password.\r\n\tStatus:\t\t\t0xc000006d\r\n\tSub Status:\t\t0xc000006a\r\n\r\nNetwork Information:\r\n\tWorkstation Name:\tDC01\r\n\tSource Network Address:\t51.79.19.58\r\n\tSource Port:\t\t60158\r\n"
  },
  {
    "EventTime": "2025-08-03T12:46:46",
    "Hostname": "DC01.corp.local",
    "EventType": "AUDIT_FAILURE",
    "EventID": 4648,
    "SourceName": "Microsoft-Windows-Security-Auditing",
    "Channel": "Security",
    "Message": "A logon was attempted using explicit credentials.\r\n\r\nAccount Name:\t\ttestuser\r\n\tNetwork Address:\t104.244.42.1\r\n\tPort:\t\t52153\r\n"
  },
  {
    "EventTime": "2025-08-03T12:11:21",
    "Hostname": "DC01.corp.local",
    "EventType": "AUDIT_FAILURE",
    "EventID": 4634,
    "SourceName": "Microsoft-Windows-Security-Auditing",
    "Channel": "Security",
    "Message": "An account was logged off.\r\n\r\nAccount Name:\t\thradmin\r\n"
  },
  {
    "EventTime": "2025-08-03T12:42:44",
    "Hostname": "DC01.corp.local",
    "EventType": "AUDIT_SUCCESS",
    "EventID": 4624,
    "SourceName": "Microsoft-Windows-Security-Auditing",
    "Channel": "Security",
    "Message": "An account was successfully logged on.\r\n\r\nSubject:\r\n\tSecurity ID:\t\tS-1-5-21\r\n\tAccount Name:\t\tjinny\r\n\tAccount Domain:\t\tCORP\r\n\tLogon ID:\t\t0x1234\r\n\r\nLogon Type:\t\t2\r\n\r\nNetwork Information:\r\n\tSource Network Address:\t203.0.113.45\r\n\tSource Port:\t\t15631\r\n"
  },
  {
    "EventTime": "2025-08-03T12:14:48",
    "Hostname": "DC01.corp.local",
    "EventType": "AUDIT_FAILURE",
    "EventID": 4625,
    "SourceName": "Microsoft-Windows-Security-Auditing",
    "Channel": "Security",
    "Message": "An account failed to log on.\r\n\r\nSubject:\r\n\tSecurity ID:\t\tS-1-0-0\r\n\tAccount Name:\t\t-\r\n\tAccount Domain:\t\t-\r\n\tLogon ID:\t\t0x0\r\n\r\nLogon Type:\t\t3\r\n\r\nAccount For Which Logon Failed:\r\n\tSecurity ID:\t\tS-1-0-0\r\n\tAccount Name:\t\tjinny\r\n\tAccount Domain:\t\tCORP\r\n\r\nFailure Information:\r\n\tFailure Reason:\t\tUnknown user name or bad password.\r\n\tStatus:\t\t\t0xc000006d\r\n\tSub Status:\t\t0xc000006a\r\n\r\nNetwork Information:\r\n\tWorkstation Name:\tDC01\r\n\tSource Network Address:\t45.33.32.156\r\n\tSource Port:\t\t51507\r\n"
  },
  {
    "EventTime": "2025-08-03T12:28:32",
    "Hostname": "DC01.corp.local",
    "EventType": "AUDIT_FAILURE",
    "EventID": 4634,
    "SourceName": "Microsoft-Windows-Security-Auditing",
    "Channel": "Security",
    "Message": "An account was logged off.\r\n\r\nAccount Name:\t\tadmin\r\n"
  },
  {
    "EventTime": "2025-08-03T12:00:55",
    "Hostname": "DC01.corp.local",
    "EventType": "AUDIT_SUCCESS",
    "EventID": 4624,
    "SourceName": "Microsoft-Windows-Security-Auditing",
    "Channel": "Security",
    "Message": "An account was successfully logged on.\r\n\r\nSubject:\r\n\tSecurity ID:\t\tS-1-5-21\r\n\tAccount Name:\t\tadministrator\r\n\tAccount Domain:\t\tCORP\r\n\tLogon ID:\t\t0x1234\r\n\r\nLogon Type:\t\t2\r\n\r\nNetwork Information:\r\n\tSource Network Address:\t198.51.100.23\r\n\tSource Port:\t\t56647\r\n"
  },
  {
    "EventTime": "2025-08-03T12:21:01",
    "Hostname": "DC01.corp.local",
    "EventType": "AUDIT_FAILURE",
    "EventID": 4625,
    "SourceName": "Microsoft-Windows-Security-Auditing",
    "Channel": "Security",
    "Message": "An account failed to log on.\r\n\r\nSubject:\r\n\tSecurity ID:\t\tS-1-0-0\r\n\tAccount Name:\t\t-\r\n\tAccount Domain:\t\t-\r\n\tLogon ID:\t\t0x0\r\n\r\nLogon Type:\t\t3\r\n\r\nAccount For Which Logon Failed:\r\n\tSecurity ID:\t\tS-1-0-0\r\n\tAccount Name:\t\tjinny\r\n\tAccount Domain:\t\tCORP\r\n\r\nFailure Information:\r\n\tFailure Reason:\t\tUnknown user name or bad password.\r\n\tStatus:\t\t\t0xc000006d\r\n\tSub Status:\t\t0xc000006a\r\n\r\nNetwork Information:\r\n\tWorkstation Name:\tDC01\r\n\tSource Network Address:\t23.235.33.141\r\n\tSource Port:\t\t48070\r\n"
  },
  {
    "EventTime": "2025-08-03T12:47:41",
    "Hostname": "DC01.corp.local",
    "EventType": "AUDIT_FAILURE",
    "EventID": 4625,
    "SourceName": "Microsoft-Windows-Security-Auditing",
    "Channel": "Security",
    "Message": "An account failed to log on.\r\n\r\nSubject:\r\n\tSecurity ID:\t\tS-1-0-0\r\n\tAccount Name:\t\t-\r\n\tAccount Domain:\t\t-\r\n\tLogon ID:\t\t0x0\r\n\r\nLogon Type:\t\t3\r\n\r\nAccount For Which Logon Failed:\r\n\tSecurity ID:\t\tS-1-0-0\r\n\tAccount Name:\t\tjsmith\r\n\tAccount Domain:\t\tCORP\r\n\r\nFailure Information:\r\n\tFailure Reason:\t\tUnknown user name or bad password.\r\n\tStatus:\t\t\t0xc000006d\r\n\tSub Status:\t\t0xc000006a\r\n\r\nNetwork Information:\r\n\tWorkstation Name:\tDC01\r\n\tSource Network Address:\t51.79.19.58\r\n\tSource Port:\t\t26377\r\n"
  },
  {
    "EventTime": "2025-08-03T12:57:17",
    "Hostname": "DC01.corp.local",
    "EventType": "AUDIT_FAILURE",
    "EventID": 5140,
    "SourceName": "Microsoft-Windows-Security-Auditing",
    "Channel": "Security",
    "Message": "A network share object was accessed.\r\n\r\n\tSource Network Address:\t185.199.108.45\r\n"
  },
  {
    "EventTime": "2025-08-03T12:59:21",
    "Hostname": "DC01.corp.local",
    "EventType": "AUDIT_FAILURE",
    "EventID": 4672,
    "SourceName": "Microsoft-Windows-Security-Auditing",
    "Channel": "Security",
    "Message": "Special privileges assigned to new logon.\r\n\tAccount Name:\t\tjinny\r\n"
  },
  {
    "EventTime": "2025-08-03T12:26:04",
    "Hostname": "DC01.corp.local",
    "EventType": "AUDIT_FAILURE",
    "EventID": 4634,
    "SourceName": "Microsoft-Windows-Security-Auditing",
    "Channel": "Security",
    "Message": "An account was logged off.\r\n\r\nAccount Name:\t\thradmin\r\n"
  },
  {
    "EventTime": "2025-08-03T12:11:16",
    "Hostname": "DC01.corp.local",
    "EventType": "AUDIT_FAILURE",
    "EventID": 4625,
    "SourceName": "Microsoft-Windows-Security-Auditing",
    "Channel": "Security",
    "Message": "An account failed to log on.\r\n\r\nSubject:\r\n\tSecurity ID:\t\tS-1-0-0\r\n\tAccount Name:\t\t-\r\n\tAccount Domain:\t\t-\r\n\tLogon ID:\t\t0x0\r\n\r\nLogon Type:\t\t3\r\n\r\nAccount For Which Logon Failed:\r\n\tSecurity ID:\t\tS-1-0-0\r\n\tAccount Name:\t\tuser1\r\n\tAccount Domain:\t\tCORP\r\n\r\nFailure Information:\r\n\tFailure Reason:\t\tUnknown user name or bad password.\r\n\tStatus:\t\t\t0xc000006d\r\n\tSub Status:\t\t0xc000006a\r\n\r\nNetwork Information:\r\n\tWorkstation Name:\tDC01\r\n\tSource Network Address:\t8.8.8.8\r\n\tSource Port:\t\t64596\r\n"
  },
  {
    "EventTime": "2025-08-03T12:40:34",
    "Hostname": "DC01.corp.local",
    "EventType": "AUDIT_SUCCESS",
    "EventID": 4624,
    "SourceName": "Microsoft-Windows-Security-Auditing",
    "Channel": "Security",
    "Message": "An account was successfully logged on.\r\n\r\nSubject:\r\n\tSecurity ID:\t\tS-1-5-21\r\n\tAccount Name:\t\thradmin\r\n\tAccount Domain:\t\tCORP\r\n\tLogon ID:\t\t0x1234\r\n\r\nLogon Type:\t\t2\r\n\r\nNetwork Information:\r\n\tSource Network Address:\t51.79.19.58\r\n\tSource Port:\t\t22402\r\n"
  },
  {
    "EventTime": "2025-08-03T12:25:36",
    "Hostname": "DC01.corp.local",
    "EventType": "AUDIT_FAILURE",
    "EventID": 4625,
    "SourceName": "Microsoft-Windows-Security-Auditing",
    "Channel": "Security",
    "Message": "An account failed to log on.\r\n\r\nSubject:\r\n\tSecurity ID:\t\tS-1-0-0\r\n\tAccount Name:\t\t-\r\n\tAccount Domain:\t\t-\r\n\tLogon ID:\t\t0x0\r\n\r\nLogon Type:\t\t3\r\n\r\nAccount For Which Logon Failed:\r\n\tSecurity ID:\t\tS-1-0-0\r\n\tAccount Name:\t\tadmin\r\n\tAccount Domain:\t\tCORP\r\n\r\nFailure Information:\r\n\tFailure Reason:\t\tUnknown user name or bad password.\r\n\tStatus:\t\t\t0xc000006d\r\n\tSub Status:\t\t0xc000006a\r\n\r\nNetwork Information:\r\n\tWorkstation Name:\tDC01\r\n\tSource Network Address:\t45.33.32.156\r\n\tSource Port:\t\t43107\r\n"
  },
  {
    "EventTime": "2025-08-03T12:00:37",
    "Hostname": "DC01.corp.local",
    "EventType": "AUDIT_SUCCESS",
    "EventID": 4624,
    "SourceName": "Microsoft-Windows-Security-Auditing",
    "Channel": "Security",
    "Message": "An account was successfully logged on.\r\n\r\nSubject:\r\n\tSecurity ID:\t\tS-1-5-21\r\n\tAccount Name:\t\tuser1\r\n\tAccount Domain:\t\tCORP\r\n\tLogon ID:\t\t0x1234\r\n\r\nLogon Type:\t\t2\r\n\r\nNetwork Information:\r\n\tSource Network Address:\t45.79.0.12\r\n\tSource Port:\t\t30082\r\n"
  },
  {
    "EventTime": "2025-08-03T12:43:34",
    "Hostname": "DC01.corp.local",
    "EventType": "AUDIT_FAILURE",
    "EventID": 4648,
    "SourceName": "Microsoft-Windows-Security-Auditing",
    "Channel": "Security",
    "Message": "A logon was attempted using explicit credentials.\r\n\r\nAccount Name:\t\tadministrator\r\n\tNetwork Address:\t198.51.100.23\r\n\tPort:\t\t40478\r\n"
  },
  {
    "EventTime": "2025-08-03T12:56:25",
    "Hostname": "DC01.corp.local",
    "EventType": "AUDIT_SUCCESS",
    "EventID": 4624,
    "SourceName": "Microsoft-Windows-Security-Auditing",
    "Channel": "Security",
    "Message": "An account was successfully logged on.\r\n\r\nSubject:\r\n\tSecurity ID:\t\tS-1-5-21\r\n\tAccount Name:\t\tguest\r\n\tAccount Domain:\t\tCORP\r\n\tLogon ID:\t\t0x1234\r\n\r\nLogon Type:\t\t2\r\n\r\nNetwork Information:\r\n\tSource Network Address:\t198.51.100.23\r\n\tSource Port:\t\t64918\r\n"
  },
  {
    "EventTime": "2025-08-03T12:50:58",
    "Hostname": "DC01.corp.local",
    "EventType": "AUDIT_FAILURE",
    "EventID": 4625,
    "SourceName": "Microsoft-Windows-Security-Auditing",
    "Channel": "Security",
    "Message": "An account failed to log on.\r\n\r\nSubject:\r\n\tSecurity ID:\t\tS-1-0-0\r\n\tAccount Name:\t\t-\r\n\tAccount Domain:\t\t-\r\n\tLogon ID:\t\t0x0\r\n\r\nLogon Type:\t\t3\r\n\r\nAccount For Which Logon Failed:\r\n\tSecurity ID:\t\tS-1-0-0\r\n\tAccount Name:\t\tjsmith\r\n\tAccount Domain:\t\tCORP\r\n\r\nFailure Information:\r\n\tFailure Reason:\t\tUnknown user name or bad password.\r\n\tStatus:\t\t\t0xc000006d\r\n\tSub Status:\t\t0xc000006a\r\n\r\nNetwork Information:\r\n\tWorkstation Name:\tDC01\r\n\tSource Network Address:\t203.0.113.76\r\n\tSource Port:\t\t39007\r\n"
  },
  {
    "EventTime": "2025-08-03T12:37:35",
    "Hostname": "DC01.corp.local",
    "EventType": "AUDIT_FAILURE",
    "EventID": 4625,
    "SourceName": "Microsoft-Windows-Security-Auditing",
    "Channel": "Security",
    "Message": "An account failed to log on.\r\n\r\nSubject:\r\n\tSecurity ID:\t\tS-1-0-0\r\n\tAccount Name:\t\t-\r\n\tAccount Domain:\t\t-\r\n\tLogon ID:\t\t0x0\r\n\r\nLogon Type:\t\t3\r\n\r\nAccount For Which Logon Failed:\r\n\tSecurity ID:\t\tS-1-0-0\r\n\tAccount Name:\t\tadmin\r\n\tAccount Domain:\t\tCORP\r\n\r\nFailure Information:\r\n\tFailure Reason:\t\tUnknown user name or bad password.\r\n\tStatus:\t\t\t0xc000006d\r\n\tSub Status:\t\t0xc000006a\r\n\r\nNetwork Information:\r\n\tWorkstation Name:\tDC01\r\n\tSource Network Address:\t51.79.19.58\r\n\tSource Port:\t\t9689\r\n"
  },
  {
    "EventTime": "2025-08-03T12:38:57",
    "Hostname": "DC01.corp.local",
    "EventType": "AUDIT_FAILURE",
    "EventID": 4648,
    "SourceName": "Microsoft-Windows-Security-Auditing",
    "Channel": "Security",
    "Message": "A logon was attempted using explicit credentials.\r\n\r\nAccount Name:\t\tguest\r\n\tNetwork Address:\t51.79.19.58\r\n\tPort:\t\t34600\r\n"
  },
  {
    "EventTime": "2025-08-03T12:02:48",
    "Hostname": "DC01.corp.local",
    "EventType": "AUDIT_FAILURE",
    "EventID": 5140,
    "SourceName": "Microsoft-Windows-Security-Auditing",
    "Channel": "Security",
    "Message": "A network share object was accessed.\r\n\r\n\tSource Network Address:\t203.0.113.76\r\n"
  },
  {
    "EventTime": "2025-08-03T12:01:57",
    "Hostname": "DC01.corp.local",
    "EventType": "AUDIT_SUCCESS",
    "EventID": 4624,
    "SourceName": "Microsoft-Windows-Security-Auditing",
    "Channel": "Security",
    "Message": "An account was successfully logged on.\r\n\r\nSubject:\r\n\tSecurity ID:\t\tS-1-5-21\r\n\tAccount Name:\t\tadmin\r\n\tAccount Domain:\t\tCORP\r\n\tLogon ID:\t\t0x1234\r\n\r\nLogon Type:\t\t2\r\n\r\nNetwork Information:\r\n\tSource Network Address:\t162.243.187.132\r\n\tSource Port:\t\t57833\r\n"
  },
  {
    "EventTime": "2025-08-03T12:54:42",
    "Hostname": "DC01.corp.local",
    "EventType": "AUDIT_FAILURE",
    "EventID": 4625,
    "SourceName": "Microsoft-Windows-Security-Auditing",
    "Channel": "Security",
    "Message": "An account failed to log on.\r\n\r\nSubject:\r\n\tSecurity ID:\t\tS-1-0-0\r\n\tAccount Name:\t\t-\r\n\tAccount Domain:\t\t-\r\n\tLogon ID:\t\t0x0\r\n\r\nLogon Type:\t\t3\r\n\r\nAccount For Which Logon Failed:\r\n\tSecurity ID:\t\tS-1-0-0\r\n\tAccount Name:\t\tadmin\r\n\tAccount Domain:\t\tCORP\r\n\r\nFailure Information:\r\n\tFailure Reason:\t\tUnknown user name or bad password.\r\n\tStatus:\t\t\t0xc000006d\r\n\tSub Status:\t\t0xc000006a\r\n\r\nNetwork Information:\r\n\tWorkstation Name:\tDC01\r\n\tSource Network Address:\t104.244.42.1\r\n\tSource Port:\t\t55979\r\n"
  },
  {
    "EventTime": "2025-08-03T12:37:36",
    "Hostname": "DC01.corp.local",
    "EventType": "AUDIT_FAILURE",
    "EventID": 4634,
    "SourceName": "Microsoft-Windows-Security-Auditing",
    "Channel": "Security",
    "Message": "An account was logged off.\r\n\r\nAccount Name:\t\tjinny\r\n"
  },
  {
    "EventTime": "2025-08-03T12:07:18",
    "Hostname": "DC01.corp.local",
    "EventType": "AUDIT_FAILURE",
    "EventID": 4634,
    "SourceName": "Microsoft-Windows-Security-Auditing",
    "Channel": "Security",
    "Message": "An account was logged off.\r\n\r\nAccount Name:\t\tguest\r\n"
  },
  {
    "EventTime": "2025-08-03T12:21:16",
    "Hostname": "DC01.corp.local",
    "EventType": "AUDIT_SUCCESS",
    "EventID": 4624,
    "SourceName": "Microsoft-Windows-Security-Auditing",
    "Channel": "Security",
    "Message": "An account was successfully logged on.\r\n\r\nSubject:\r\n\tSecurity ID:\t\tS-1-5-21\r\n\tAccount Name:\t\tjinny\r\n\tAccount Domain:\t\tCORP\r\n\tLogon ID:\t\t0x1234\r\n\r\nLogon Type:\t\t2\r\n\r\nNetwork Information:\r\n\tSource Network Address:\t45.79.0.12\r\n\tSource Port:\t\t43678\r\n"
  },
  {
    "EventTime": "2025-08-03T12:13:06",
    "Hostname": "DC01.corp.local",
    "EventType": "AUDIT_FAILURE",
    "EventID": 4625,
    "SourceName": "Microsoft-Windows-Security-Auditing",
    "Channel": "Security",
    "Message": "An account failed to log on.\r\n\r\nSubject:\r\n\tSecurity ID:\t\tS-1-0-0\r\n\tAccount Name:\t\t-\r\n\tAccount Domain:\t\t-\r\n\tLogon ID:\t\t0x0\r\n\r\nLogon Type:\t\t3\r\n\r\nAccount For Which Logon Failed:\r\n\tSecurity ID:\t\tS-1-0-0\r\n\tAccount Name:\t\tjinny\r\n\tAccount Domain:\t\tCORP\r\n\r\nFailure Information:\r\n\tFailure Reason:\t\tUnknown user name or bad password.\r\n\tStatus:\t\t\t0xc000006d\r\n\tSub Status:\t\t0xc000006a\r\n\r\nNetwork Information:\r\n\tWorkstation Name:\tDC01\r\n\tSource Network Address:\t104.244.42.1\r\n\tSource Port:\t\t12933\r\n"
  },
  {
    "EventTime": "2025-08-03T12:28:52",
    "Hostname": "DC01.corp.local",
    "EventType": "AUDIT_SUCCESS",
    "EventID": 4624,
    "SourceName": "Microsoft-Windows-Security-Auditing",
    "Channel": "Security",
    "Message": "An account was successfully logged on.\r\n\r\nSubject:\r\n\tSecurity ID:\t\tS-1-5-21\r\n\tAccount Name:\t\tadministrator\r\n\tAccount Domain:\t\tCORP\r\n\tLogon ID:\t\t0x1234\r\n\r\nLogon Type:\t\t2\r\n\r\nNetwork Information:\r\n\tSource Network Address:\t203.0.113.45\r\n\tSource Port:\t\t5168\r\n"
  },
  {
    "EventTime": "2025-08-03T12:55:54",
    "Hostname": "DC01.corp.local",
    "EventType": "AUDIT_SUCCESS",
    "EventID": 4624,
    "SourceName": "Microsoft-Windows-Security-Auditing",
    "Channel": "Security",
    "Message": "An account was successfully logged on.\r\n\r\nSubject:\r\n\tSecurity ID:\t\tS-1-5-21\r\n\tAccount Name:\t\tadministrator\r\n\tAccount Domain:\t\tCORP\r\n\tLogon ID:\t\t0x1234\r\n\r\nLogon Type:\t\t2\r\n\r\nNetwork Information:\r\n\tSource Network Address:\t203.0.113.76\r\n\tSource Port:\t\t35814\r\n"
  },
  {
    "EventTime": "2025-08-03T12:47:58",
    "Hostname": "DC01.corp.local",
    "EventType": "AUDIT_FAILURE",
    "EventID": 4625,
    "SourceName": "Microsoft-Windows-Security-Auditing",
    "Channel": "Security",
    "Message": "An account failed to log on.\r\n\r\nSubject:\r\n\tSecurity ID:\t\tS-1-0-0\r\n\tAccount Name:\t\t-\r\n\tAccount Domain:\t\t-\r\n\tLogon ID:\t\t0x0\r\n\r\nLogon Type:\t\t3\r\n\r\nAccount For Which Logon Failed:\r\n\tSecurity ID:\t\tS-1-0-0\r\n\tAccount Name:\t\thradmin\r\n\tAccount Domain:\t\tCORP\r\n\r\nFailure Information:\r\n\tFailure Reason:\t\tUnknown user name or bad password.\r\n\tStatus:\t\t\t0xc000006d\r\n\tSub Status:\t\t0xc000006a\r\n\r\nNetwork Information:\r\n\tWorkstation Name:\tDC01\r\n\tSource Network Address:\t45.79.0.12\r\n\tSource Port:\t\t38596\r\n"
  },
  {
    "EventTime": "2025-08-03T12:45:45",
    "Hostname": "DC01.corp.local",
    "EventType": "AUDIT_FAILURE",
    "EventID": 4634,
    "SourceName": "Microsoft-Windows-Security-Auditing",
    "Channel": "Security",
    "Message": "An account was logged off.\r\n\r\nAccount Name:\t\thradmin\r\n"
  },
  {
    "EventTime": "2025-08-03T12:48:58",
    "Hostname": "DC01.corp.local",
    "EventType": "AUDIT_FAILURE",
    "EventID": 5140,
    "SourceName": "Microsoft-Windows-Security-Auditing",
    "Channel": "Security",
    "Message": "A network share object was accessed.\r\n\r\n\tSource Network Address:\t23.235.33.141\r\n"
  },
  {
    "EventTime": "2025-08-03T12:55:01",
    "Hostname": "DC01.corp.local",
    "EventType": "AUDIT_FAILURE",
    "EventID": 4648,
    "SourceName": "Microsoft-Windows-Security-Auditing",
    "Channel": "Security",
    "Message": "A logon was attempted using explicit credentials.\r\n\r\nAccount Name:\t\tjsmith\r\n\tNetwork Address:\t45.33.32.156\r\n\tPort:\t\t8894\r\n"
  },
  {
    "EventTime": "2025-08-03T12:00:29",
    "Hostname": "DC01.corp.local",
    "EventType": "AUDIT_FAILURE",
    "EventID": 4634,
    "SourceName": "Microsoft-Windows-Security-Auditing",
    "Channel": "Security",
    "Message": "An account was logged off.\r\n\r\nAccount Name:\t\tadmin\r\n"
  },
  {
    "EventTime": "2025-08-03T12:54:52",
    "Hostname": "DC01.corp.local",
    "EventType": "AUDIT_FAILURE",
    "EventID": 4648,
    "SourceName": "Microsoft-Windows-Security-Auditing",
    "Channel": "Security",
    "Message": "A logon was attempted using explicit credentials.\r\n\r\nAccount Name:\t\tuser1\r\n\tNetwork Address:\t104.244.42.1\r\n\tPort:\t\t38266\r\n"
  },
  {
    "EventTime": "2025-08-03T12:27:52",
    "Hostname": "DC01.corp.local",
    "EventType": "AUDIT_FAILURE",
    "EventID": 4625,
    "SourceName": "Microsoft-Windows-Security-Auditing",
    "Channel": "Security",
    "Message": "An account failed to log on.\r\n\r\nSubject:\r\n\tSecurity ID:\t\tS-1-0-0\r\n\tAccount Name:\t\t-\r\n\tAccount Domain:\t\t-\r\n\tLogon ID:\t\t0x0\r\n\r\nLogon Type:\t\t3\r\n\r\nAccount For Which Logon Failed:\r\n\tSecurity ID:\t\tS-1-0-0\r\n\tAccount Name:\t\tadmin\r\n\tAccount Domain:\t\tCORP\r\n\r\nFailure Information:\r\n\tFailure Reason:\t\tUnknown user name or bad password.\r\n\tStatus:\t\t\t0xc000006d\r\n\tSub Status:\t\t0xc000006a\r\n\r\nNetwork Information:\r\n\tWorkstation Name:\tDC01\r\n\tSource Network Address:\t203.0.113.76\r\n\tSource Port:\t\t3565\r\n"
  },
  {
    "EventTime": "2025-08-03T12:04:46",
    "Hostname": "DC01.corp.local",
    "EventType": "AUDIT_FAILURE",
    "EventID": 4625,
    "SourceName": "Microsoft-Windows-Security-Auditing",
    "Channel": "Security",
    "Message": "An account failed to log on.\r\n\r\nSubject:\r\n\tSecurity ID:\t\tS-1-0-0\r\n\tAccount Name:\t\t-\r\n\tAccount Domain:\t\t-\r\n\tLogon ID:\t\t0x0\r\n\r\nLogon Type:\t\t3\r\n\r\nAccount For Which Logon Failed:\r\n\tSecurity ID:\t\tS-1-0-0\r\n\tAccount Name:\t\tadministrator\r\n\tAccount Domain:\t\tCORP\r\n\r\nFailure Information:\r\n\tFailure Reason:\t\tUnknown user name or bad password.\r\n\tStatus:\t\t\t0xc000006d\r\n\tSub Status:\t\t0xc000006a\r\n\r\nNetwork Information:\r\n\tWorkstation Name:\tDC01\r\n\tSource Network Address:\t203.0.113.76\r\n\tSource Port:\t\t2198\r\n"
  },
  {
    "EventTime": "2025-08-03T12:17:39",
    "Hostname": "DC01.corp.local",
    "EventType": "AUDIT_SUCCESS",
    "EventID": 4624,
    "SourceName": "Microsoft-Windows-Security-Auditing",
    "Channel": "Security",
    "Message": "An account was successfully logged on.\r\n\r\nSubject:\r\n\tSecurity ID:\t\tS-1-5-21\r\n\tAccount Name:\t\tjinny\r\n\tAccount Domain:\t\tCORP\r\n\tLogon ID:\t\t0x1234\r\n\r\nLogon Type:\t\t2\r\n\r\nNetwork Information:\r\n\tSource Network Address:\t23.235.33.141\r\n\tSource Port:\t\t64980\r\n"
  },
  {
    "EventTime": "2025-08-03T12:01:06",
    "Hostname": "DC01.corp.local",
    "EventType": "AUDIT_SUCCESS",
    "EventID": 4624,
    "SourceName": "Microsoft-Windows-Security-Auditing",
    "Channel": "Security",
    "Message": "An account was successfully logged on.\r\n\r\nSubject:\r\n\tSecurity ID:\t\tS-1-5-21\r\n\tAccount Name:\t\tjinny\r\n\tAccount Domain:\t\tCORP\r\n\tLogon ID:\t\t0x1234\r\n\r\nLogon Type:\t\t2\r\n\r\nNetwork Information:\r\n\tSource Network Address:\t185.199.108.45\r\n\tSource Port:\t\t8579\r\n"
  },
  {
    "EventTime": "2025-08-03T12:24:42",
    "Hostname": "DC01.corp.local",
    "EventType": "AUDIT_FAILURE",
    "EventID": 4672,
    "SourceName": "Microsoft-Windows-Security-Auditing",
    "Channel": "Security",
    "Message": "Special privileges assigned to new logon.\r\n\tAccount Name:\t\ttestuser\r\n"
  },
  {
    "EventTime": "2025-08-03T12:41:54",
    "Hostname": "DC01.corp.local",
    "EventType": "AUDIT_SUCCESS",
    "EventID": 4624,
    "SourceName": "Microsoft-Windows-Security-Auditing",
    "Channel": "Security",
    "Message": "An account was successfully logged on.\r\n\r\nSubject:\r\n\tSecurity ID:\t\tS-1-5-21\r\n\tAccount Name:\t\tadministrator\r\n\tAccount Domain:\t\tCORP\r\n\tLogon ID:\t\t0x1234\r\n\r\nLogon Type:\t\t2\r\n\r\nNetwork Information:\r\n\tSource Network Address:\t23.235.33.141\r\n\tSource Port:\t\t17175\r\n"
  },
  {
    "EventTime": "2025-08-03T12:24:58",
    "Hostname": "DC01.corp.local",
    "EventType": "AUDIT_FAILURE",
    "EventID": 4634,
    "SourceName": "Microsoft-Windows-Security-Auditing",
    "Channel": "Security",
    "Message": "An account was logged off.\r\n\r\nAccount Name:\t\tjinny\r\n"
  },
  {
    "EventTime": "2025-08-03T12:18:24",
    "Hostname": "DC01.corp.local",
    "EventType": "AUDIT_FAILURE",
    "EventID": 4634,
    "SourceName": "Microsoft-Windows-Security-Auditing",
    "Channel": "Security",
    "Message": "An account was logged off.\r\n\r\nAccount Name:\t\tadmin\r\n"
  },
  {
    "EventTime": "2025-08-03T12:26:20",
    "Hostname": "DC01.corp.local",
    "EventType": "AUDIT_FAILURE",
    "EventID": 4625,
    "SourceName": "Microsoft-Windows-Security-Auditing",
    "Channel": "Security",
    "Message": "An account failed to log on.\r\n\r\nSubject:\r\n\tSecurity ID:\t\tS-1-0-0\r\n\tAccount Name:\t\t-\r\n\tAccount Domain:\t\t-\r\n\tLogon ID:\t\t0x0\r\n\r\nLogon Type:\t\t3\r\n\r\nAccount For Which Logon Failed:\r\n\tSecurity ID:\t\tS-1-0-0\r\n\tAccount Name:\t\tguest\r\n\tAccount Domain:\t\tCORP\r\n\r\nFailure Information:\r\n\tFailure Reason:\t\tUnknown user name or bad password.\r\n\tStatus:\t\t\t0xc000006d\r\n\tSub Status:\t\t0xc000006a\r\n\r\nNetwork Information:\r\n\tWorkstation Name:\tDC01\r\n\tSource Network Address:\t45.33.32.156\r\n\tSource Port:\t\t42129\r\n"
  },
  {
    "EventTime": "2025-08-03T12:31:18",
    "Hostname": "DC01.corp.local",
    "EventType": "AUDIT_SUCCESS",
    "EventID": 4624,
    "SourceName": "Microsoft-Windows-Security-Auditing",
    "Channel": "Security",
    "Message": "An account was successfully logged on.\r\n\r\nSubject:\r\n\tSecurity ID:\t\tS-1-5-21\r\n\tAccount Name:\t\tadministrator\r\n\tAccount Domain:\t\tCORP\r\n\tLogon ID:\t\t0x1234\r\n\r\nLogon Type:\t\t2\r\n\r\nNetwork Information:\r\n\tSource Network Address:\t8.8.8.8\r\n\tSource Port:\t\t57876\r\n"
  },
  {
    "EventTime": "2025-08-03T12:07:36",
    "Hostname": "DC01.corp.local",
    "EventType": "AUDIT_FAILURE",
    "EventID": 4625,
    "SourceName": "Microsoft-Windows-Security-Auditing",
    "Channel": "Security",
    "Message": "An account failed to log on.\r\n\r\nSubject:\r\n\tSecurity ID:\t\tS-1-0-0\r\n\tAccount Name:\t\t-\r\n\tAccount Domain:\t\t-\r\n\tLogon ID:\t\t0x0\r\n\r\nLogon Type:\t\t3\r\n\r\nAccount For Which Logon Failed:\r\n\tSecurity ID:\t\tS-1-0-0\r\n\tAccount Name:\t\tadmin\r\n\tAccount Domain:\t\tCORP\r\n\r\nFailure Information:\r\n\tFailure Reason:\t\tUnknown user name or bad password.\r\n\tStatus:\t\t\t0xc000006d\r\n\tSub Status:\t\t0xc000006a\r\n\r\nNetwork Information:\r\n\tWorkstation Name:\tDC01\r\n\tSource Network Address:\t8.8.8.8\r\n\tSource Port:\t\t29936\r\n"
  },
  {
    "EventTime": "2025-08-03T12:27:36",
    "Hostname": "DC01.corp.local",
    "EventType": "AUDIT_SUCCESS",
    "EventID": 4624,
    "SourceName": "Microsoft-Windows-Security-Auditing",
    "Channel": "Security",
    "Message": "An account was successfully logged on.\r\n\r\nSubject:\r\n\tSecurity ID:\t\tS-1-5-21\r\n\tAccount Name:\t\tuser1\r\n\tAccount Domain:\t\tCORP\r\n\tLogon ID:\t\t0x1234\r\n\r\nLogon Type:\t\t2\r\n\r\nNetwork Information:\r\n\tSource Network Address:\t162.243.187.132\r\n\tSource Port:\t\t11716\r\n"
  },
  {
    "EventTime": "2025-08-03T12:59:30",
    "Hostname": "DC01.corp.local",
    "EventType": "AUDIT_SUCCESS",
    "EventID": 4624,
    "SourceName": "Microsoft-Windows-Security-Auditing",
    "Channel": "Security",
    "Message": "An account was successfully logged on.\r\n\r\nSubject:\r\n\tSecurity ID:\t\tS-1-5-21\r\n\tAccount Name:\t\tjsmith\r\n\tAccount Domain:\t\tCORP\r\n\tLogon ID:\t\t0x1234\r\n\r\nLogon Type:\t\t2\r\n\r\nNetwork Information:\r\n\tSource Network Address:\t104.244.42.1\r\n\tSource Port:\t\t26242\r\n"
  },
  {
    "EventTime": "2025-08-03T12:55:58",
    "Hostname": "DC01.corp.local",
    "EventType": "AUDIT_SUCCESS",
    "EventID": 4624,
    "SourceName": "Microsoft-Windows-Security-Auditing",
    "Channel": "Security",
    "Message": "An account was successfully logged on.\r\n\r\nSubject:\r\n\tSecurity ID:\t\tS-1-5-21\r\n\tAccount Name:\t\tadmin\r\n\tAccount Domain:\t\tCORP\r\n\tLogon ID:\t\t0x1234\r\n\r\nLogon Type:\t\t2\r\n\r\nNetwork Information:\r\n\tSource Network Address:\t185.199.108.45\r\n\tSource Port:\t\t30048\r\n"
  },
  {
    "EventTime": "2025-08-03T12:44:39",
    "Hostname": "DC01.corp.local",
    "EventType": "AUDIT_SUCCESS",
    "EventID": 4624,
    "SourceName": "Microsoft-Windows-Security-Auditing",
    "Channel": "Security",
    "Message": "An account was successfully logged on.\r\n\r\nSubject:\r\n\tSecurity ID:\t\tS-1-5-21\r\n\tAccount Name:\t\tadmin\r\n\tAccount Domain:\t\tCORP\r\n\tLogon ID:\t\t0x1234\r\n\r\nLogon Type:\t\t2\r\n\r\nNetwork Information:\r\n\tSource Network Address:\t8.8.8.8\r\n\tSource Port:\t\t48877\r\n"
  },
  {
    "EventTime": "2025-08-03T12:36:33",
    "Hostname": "DC01.corp.local",
    "EventType": "AUDIT_FAILURE",
    "EventID": 4634,
    "SourceName": "Microsoft-Windows-Security-Auditing",
    "Channel": "Security",
    "Message": "An account was logged off.\r\n\r\nAccount Name:\t\tjsmith\r\n"
  },
  {
    "EventTime": "2025-08-03T12:07:56",
    "Hostname": "DC01.corp.local",
    "EventType": "AUDIT_SUCCESS",
    "EventID": 4624,
    "SourceName": "Microsoft-Windows-Security-Auditing",
    "Channel": "Security",
    "Message": "An account was successfully logged on.\r\n\r\nSubject:\r\n\tSecurity ID:\t\tS-1-5-21\r\n\tAccount Name:\t\thradmin\r\n\tAccount Domain:\t\tCORP\r\n\tLogon ID:\t\t0x1234\r\n\r\nLogon Type:\t\t2\r\n\r\nNetwork Information:\r\n\tSource Network Address:\t203.0.113.45\r\n\tSource Port:\t\t45805\r\n"
  },
  {
    "EventTime": "2025-08-03T12:55:33",
    "Hostname": "DC01.corp.local",
    "EventType": "AUDIT_SUCCESS",
    "EventID": 4624,
    "SourceName": "Microsoft-Windows-Security-Auditing",
    "Channel": "Security",
    "Message": "An account was successfully logged on.\r\n\r\nSubject:\r\n\tSecurity ID:\t\tS-1-5-21\r\n\tAccount Name:\t\tadministrator\r\n\tAccount Domain:\t\tCORP\r\n\tLogon ID:\t\t0x1234\r\n\r\nLogon Type:\t\t2\r\n\r\nNetwork Information:\r\n\tSource Network Address:\t162.243.187.132\r\n\tSource Port:\t\t57179\r\n"
  },
  {
    "EventTime": "2025-08-03T12:58:20",
    "Hostname": "DC01.corp.local",
    "EventType": "AUDIT_FAILURE",
    "EventID": 4625,
    "SourceName": "Microsoft-Windows-Security-Auditing",
    "Channel": "Security",
    "Message": "An account failed to log on.\r\n\r\nSubject:\r\n\tSecurity ID:\t\tS-1-0-0\r\n\tAccount Name:\t\t-\r\n\tAccount Domain:\t\t-\r\n\tLogon ID:\t\t0x0\r\n\r\nLogon Type:\t\t3\r\n\r\nAccount For Which Logon Failed:\r\n\tSecurity ID:\t\tS-1-0-0\r\n\tAccount Name:\t\tuser1\r\n\tAccount Domain:\t\tCORP\r\n\r\nFailure Information:\r\n\tFailure Reason:\t\tUnknown user name or bad password.\r\n\tStatus:\t\t\t0xc000006d\r\n\tSub Status:\t\t0xc000006a\r\n\r\nNetwork Information:\r\n\tWorkstation Name:\tDC01\r\n\tSource Network Address:\t23.235.33.141\r\n\tSource Port:\t\t50938\r\n"
  },
  {
    "EventTime": "2025-08-03T12:21:25",
    "Hostname": "DC01.corp.local",
    "EventType": "AUDIT_FAILURE",
    "EventID": 4625,
    "SourceName": "Microsoft-Windows-Security-Auditing",
    "Channel": "Security",
    "Message": "An account failed to log on.\r\n\r\nSubject:\r\n\tSecurity ID:\t\tS-1-0-0\r\n\tAccount Name:\t\t-\r\n\tAccount Domain:\t\t-\r\n\tLogon ID:\t\t0x0\r\n\r\nLogon Type:\t\t3\r\n\r\nAccount For Which Logon Failed:\r\n\tSecurity ID:\t\tS-1-0-0\r\n\tAccount Name:\t\tuser1\r\n\tAccount Domain:\t\tCORP\r\n\r\nFailure Information:\r\n\tFailure Reason:\t\tUnknown user name or bad password.\r\n\tStatus:\t\t\t0xc000006d\r\n\tSub Status:\t\t0xc000006a\r\n\r\nNetwork Information:\r\n\tWorkstation Name:\tDC01\r\n\tSource Network Address:\t104.244.42.1\r\n\tSource Port:\t\t13853\r\n"
  },
  {
    "EventTime": "2025-08-03T12:25:57",
    "Hostname": "DC01.corp.local",
    "EventType": "AUDIT_FAILURE",
    "EventID": 4625,
    "SourceName": "Microsoft-Windows-Security-Auditing",
    "Channel": "Security",
    "Message": "An account failed to log on.\r\n\r\nSubject:\r\n\tSecurity ID:\t\tS-1-0-0\r\n\tAccount Name:\t\t-\r\n\tAccount Domain:\t\t-\r\n\tLogon ID:\t\t0x0\r\n\r\nLogon Type:\t\t3\r\n\r\nAccount For Which Logon Failed:\r\n\tSecurity ID:\t\tS-1-0-0\r\n\tAccount Name:\t\ttestuser\r\n\tAccount Domain:\t\tCORP\r\n\r\nFailure Information:\r\n\tFailure Reason:\t\tUnknown user name or bad password.\r\n\tStatus:\t\t\t0xc000006d\r\n\tSub Status:\t\t0xc000006a\r\n\r\nNetwork Information:\r\n\tWorkstation Name:\tDC01\r\n\tSource Network Address:\t203.0.113.45\r\n\tSource Port:\t\t43858\r\n"
  },
  {
    "EventTime": "2025-08-03T12:02:22",
    "Hostname": "DC01.corp.local",
    "EventType": "AUDIT_FAILURE",
    "EventID": 4648,
    "SourceName": "Microsoft-Windows-Security-Auditing",
    "Channel": "Security",
    "Message": "A logon was attempted using explicit credentials.\r\n\r\nAccount Name:\t\ttestuser\r\n\tNetwork Address:\t51.79.19.58\r\n\tPort:\t\t21443\r\n"
  },
  {
    "EventTime": "2025-08-03T12:09:47",
    "Hostname": "DC01.corp.local",
    "EventType": "AUDIT_FAILURE",
    "EventID": 4634,
    "SourceName": "Microsoft-Windows-Security-Auditing",
    "Channel": "Security",
    "Message": "An account was logged off.\r\n\r\nAccount Name:\t\tuser1\r\n"
  },
  {
    "EventTime": "2025-08-03T12:07:32",
    "Hostname": "DC01.corp.local",
    "EventType": "AUDIT_SUCCESS",
    "EventID": 4624,
    "SourceName": "Microsoft-Windows-Security-Auditing",
    "Channel": "Security",
    "Message": "An account was successfully logged on.\r\n\r\nSubject:\r\n\tSecurity ID:\t\tS-1-5-21\r\n\tAccount Name:\t\thradmin\r\n\tAccount Domain:\t\tCORP\r\n\tLogon ID:\t\t0x1234\r\n\r\nLogon Type:\t\t2\r\n\r\nNetwork Information:\r\n\tSource Network Address:\t45.79.0.12\r\n\tSource Port:\t\t28719\r\n"
  },
  {
    "EventTime": "2025-08-03T12:44:43",
    "Hostname": "DC01.corp.local",
    "EventType": "AUDIT_FAILURE",
    "EventID": 4625,
    "SourceName": "Microsoft-Windows-Security-Auditing",
    "Channel": "Security",
    "Message": "An account failed to log on.\r\n\r\nSubject:\r\n\tSecurity ID:\t\tS-1-0-0\r\n\tAccount Name:\t\t-\r\n\tAccount Domain:\t\t-\r\n\tLogon ID:\t\t0x0\r\n\r\nLogon Type:\t\t3\r\n\r\nAccount For Which Logon Failed:\r\n\tSecurity ID:\t\tS-1-0-0\r\n\tAccount Name:\t\tjsmith\r\n\tAccount Domain:\t\tCORP\r\n\r\nFailure Information:\r\n\tFailure Reason:\t\tUnknown user name or bad password.\r\n\tStatus:\t\t\t0xc000006d\r\n\tSub Status:\t\t0xc000006a\r\n\r\nNetwork Information:\r\n\tWorkstation Name:\tDC01\r\n\tSource Network Address:\t45.79.0.12\r\n\tSource Port:\t\t59799\r\n"
  },
  {
    "EventTime": "2025-08-03T12:04:11",
    "Hostname": "DC01.corp.local",
    "EventType": "AUDIT_SUCCESS",
    "EventID": 4720,
    "SourceName": "Microsoft-Windows-Security-Auditing",
    "Channel": "Security",
    "Message": "A user account was created.\r\n\r\nNew Account:\r\n\tAccount Name:\t\tguest\r\n"
  },
  {
    "EventTime": "2025-08-03T12:04:39",
    "Hostname": "DC01.corp.local",
    "EventType": "AUDIT_FAILURE",
    "EventID": 4634,
    "SourceName": "Microsoft-Windows-Security-Auditing",
    "Channel": "Security",
    "Message": "An account was logged off.\r\n\r\nAccount Name:\t\ttestuser\r\n"
  },
  {
    "EventTime": "2025-08-03T12:39:38",
    "Hostname": "DC01.corp.local",
    "EventType": "AUDIT_SUCCESS",
    "EventID": 4624,
    "SourceName": "Microsoft-Windows-Security-Auditing",
    "Channel": "Security",
    "Message": "An account was successfully logged on.\r\n\r\nSubject:\r\n\tSecurity ID:\t\tS-1-5-21\r\n\tAccount Name:\t\thradmin\r\n\tAccount Domain:\t\tCORP\r\n\tLogon ID:\t\t0x1234\r\n\r\nLogon Type:\t\t2\r\n\r\nNetwork Information:\r\n\tSource Network Address:\t162.243.187.132\r\n\tSource Port:\t\t56693\r\n"
  },
  {
    "EventTime": "2025-08-03T12:31:07",
    "Hostname": "DC01.corp.local",
    "EventType": "AUDIT_FAILURE",
    "EventID": 4634,
    "SourceName": "Microsoft-Windows-Security-Auditing",
    "Channel": "Security",
    "Message": "An account was logged off.\r\n\r\nAccount Name:\t\tjsmith\r\n"
  },
  {
    "EventTime": "2025-08-03T12:42:29",
    "Hostname": "DC01.corp.local",
    "EventType": "AUDIT_FAILURE",
    "EventID": 4672,
    "SourceName": "Microsoft-Windows-Security-Auditing",
    "Channel": "Security",
    "Message": "Special privileges assigned to new logon.\r\n\tAccount Name:\t\tadmin\r\n"
  },
  {
    "EventTime": "2025-08-03T12:32:06",
    "Hostname": "DC01.corp.local",
    "EventType": "AUDIT_FAILURE",
    "EventID": 4625,
    "SourceName": "Microsoft-Windows-Security-Auditing",
    "Channel": "Security",
    "Message": "An account failed to log on.\r\n\r\nSubject:\r\n\tSecurity ID:\t\tS-1-0-0\r\n\tAccount Name:\t\t-\r\n\tAccount Domain:\t\t-\r\n\tLogon ID:\t\t0x0\r\n\r\nLogon Type:\t\t3\r\n\r\nAccount For Which Logon Failed:\r\n\tSecurity ID:\t\tS-1-0-0\r\n\tAccount Name:\t\tjsmith\r\n\tAccount Domain:\t\tCORP\r\n\r\nFailure Information:\r\n\tFailure Reason:\t\tUnknown user name or bad password.\r\n\tStatus:\t\t\t0xc000006d\r\n\tSub Status:\t\t0xc000006a\r\n\r\nNetwork Information:\r\n\tWorkstation Name:\tDC01\r\n\tSource Network Address:\t104.244.42.1\r\n\tSource Port:\t\t23087\r\n"
  },
  {
    "EventTime": "2025-08-03T12:10:03",
    "Hostname": "DC01.corp.local",
    "EventType": "AUDIT_FAILURE",
    "EventID": 4634,
    "SourceName": "Microsoft-Windows-Security-Auditing",
    "Channel": "Security",
    "Message": "An account was logged off.\r\n\r\nAccount Name:\t\ttestuser\r\n"
  },
  {
    "EventTime": "2025-08-03T12:11:56",
    "Hostname": "DC01.corp.local",
    "EventType": "AUDIT_FAILURE",
    "EventID": 5140,
    "SourceName": "Microsoft-Windows-Security-Auditing",
    "Channel": "Security",
    "Message": "A network share object was accessed.\r\n\r\n\tSource Network Address:\t203.0.113.45\r\n"
  },
  {
    "EventTime": "2025-08-03T12:35:54",
    "Hostname": "DC01.corp.local",
    "EventType": "AUDIT_FAILURE",
    "EventID": 4625,
    "SourceName": "Microsoft-Windows-Security-Auditing",
    "Channel": "Security",
    "Message": "An account failed to log on.\r\n\r\nSubject:\r\n\tSecurity ID:\t\tS-1-0-0\r\n\tAccount Name:\t\t-\r\n\tAccount Domain:\t\t-\r\n\tLogon ID:\t\t0x0\r\n\r\nLogon Type:\t\t3\r\n\r\nAccount For Which Logon Failed:\r\n\tSecurity ID:\t\tS-1-0-0\r\n\tAccount Name:\t\ttestuser\r\n\tAccount Domain:\t\tCORP\r\n\r\nFailure Information:\r\n\tFailure Reason:\t\tUnknown user name or bad password.\r\n\tStatus:\t\t\t0xc000006d\r\n\tSub Status:\t\t0xc000006a\r\n\r\nNetwork Information:\r\n\tWorkstation Name:\tDC01\r\n\tSource Network Address:\t8.8.8.8\r\n\tSource Port:\t\t32895\r\n"
  },
  {
    "EventTime": "2025-08-03T12:44:09",
    "Hostname": "DC01.corp.local",
    "EventType": "AUDIT_SUCCESS",
    "EventID": 4624,
    "SourceName": "Microsoft-Windows-Security-Auditing",
    "Channel": "Security",
    "Message": "An account was successfully logged on.\r\n\r\nSubject:\r\n\tSecurity ID:\t\tS-1-5-21\r\n\tAccount Name:\t\ttestuser\r\n\tAccount Domain:\t\tCORP\r\n\tLogon ID:\t\t0x1234\r\n\r\nLogon Type:\t\t2\r\n\r\nNetwork Information:\r\n\tSource Network Address:\t8.8.8.8\r\n\tSource Port:\t\t1459\r\n"
  },
  {
    "EventTime": "2025-08-03T12:59:10",
    "Hostname": "DC01.corp.local",
    "EventType": "AUDIT_FAILURE",
    "EventID": 4625,
    "SourceName": "Microsoft-Windows-Security-Auditing",
    "Channel": "Security",
    "Message": "An account failed to log on.\r\n\r\nSubject:\r\n\tSecurity ID:\t\tS-1-0-0\r\n\tAccount Name:\t\t-\r\n\tAccount Domain:\t\t-\r\n\tLogon ID:\t\t0x0\r\n\r\nLogon Type:\t\t3\r\n\r\nAccount For Which Logon Failed:\r\n\tSecurity ID:\t\tS-1-0-0\r\n\tAccount Name:\t\tuser1\r\n\tAccount Domain:\t\tCORP\r\n\r\nFailure Information:\r\n\tFailure Reason:\t\tUnknown user name or bad password.\r\n\tStatus:\t\t\t0xc000006d\r\n\tSub Status:\t\t0xc000006a\r\n\r\nNetwork Information:\r\n\tWorkstation Name:\tDC01\r\n\tSource Network Address:\t203.0.113.76\r\n\tSource Port:\t\t1907\r\n"
  },
