  {
    "EventTime": "2025-08-03T12:54:59",
    "Hostname": "DC01.corp.local",
    "EventType": "AUDIT_FAILURE",
    "EventID": 4625,
    "SourceName": "Microsoft-Windows-Security-Auditing",
    "Channel": "Security",
    "Message": "An account failed to log on.\r\n\r\nSubject:\r\n\tSecurity ID:\t\tS-1-0-0\r\n\tAccount Name:\t\t-\r\n\tAccount Domain:\t\t-\r\n\tLogon ID:\t\t0x0\r\n\r\nLogon Type:\t\t3\r\n\r\nAccount For Which Logon Failed:\r\n\tSecurity ID:\t\tS-1-0-0\r\n\tAccount Name:\t\tjsmith\r\n\tAccount Domain:\t\tCORP\r\n\r\nFailure Information:\r\n\tFailure Reason:\t\tUnknown user name or bad password.\r\n\tStatus:\t\t\t0xc000006d\r\n\tSub Status:\t\t0xc000006a\r\n\r\nNetwork Information:\r\n\tWorkstation Name:\tDC01\r\n\tSource Network Address:\t104.244.42.1\r\n\tSource Port:\t\t60189\r\n"
  },
  {
    "EventTime": "2025-08-03T12:55:15",
    "Hostname": "DC01.corp.local",
    "EventType": "AUDIT_FAILURE",
    "EventID": 4625,
    "SourceName": "Microsoft-Windows-Security-Auditing",
    "Channel": "Security",
    "Message": "An account failed to log on.\r\n\r\nSubject:\r\n\tSecurity ID:\t\tS-1-0-0\r\n\tAccount Name:\t\t-\r\n\tAccount Domain:\t\t-\r\n\tLogon ID:\t\t0x0\r\n\r\nLogon Type:\t\t3\r\n\r\nAccount For Which Logon Failed:\r\n\tSecurity ID:\t\tS-1-0-0\r\n\tAccount Name:\t\ttestuser\r\n\tAccount Domain:\t\tCORP\r\n\r\nFailure Information:\r\n\tFailure Reason:\t\tUnknown user name or bad password.\r\n\tStatus:\t\t\t0xc000006d\r\n\tSub Status:\t\t0xc000006a\r\n\r\nNetwork Information:\r\n\tWorkstation Name:\tDC01\r\n\tSource Network Address:\t185.199.108.45\r\n\tSource Port:\t\t18334\r\n"
  },
  {
    "EventTime": "2025-08-03T12:56:22",
    "Hostname": "DC01.corp.local",
    "EventType": "AUDIT_FAILURE",
    "EventID": 4648,
    "SourceName": "Microsoft-Windows-Security-Auditing",
    "Channel": "Security",
    "Message": "A logon was attempted using explicit credentials.\r\n\r\nAccount Name:\t\tjsmith\r\n\tNetwork Address:\t8.8.8.8\r\n\tPort:\t\t4355\r\n"
  },
  {
    "EventTime": "2025-08-03T12:35:08",
    "Hostname": "DC01.corp.local",
    "EventType": "AUDIT_FAILURE",
    "EventID": 4634,
    "SourceName": "Microsoft-Windows-Security-Auditing",
    "Channel": "Security",
    "Message": "An account was logged off.\r\n\r\nAccount Name:\t\ttestuser\r\n"
  },
  {
    "EventTime": "2025-08-03T12:33:05",
    "Hostname": "DC01.corp.local",
    "EventType": "AUDIT_FAILURE",
    "EventID": 4634,
    "SourceName": "Microsoft-Windows-Security-Auditing",
    "Channel": "Security",
    "Message": "An account was logged off.\r\n\r\nAccount Name:\t\ttestuser\r\n"
  },
  {
    "EventTime": "2025-08-03T12:56:24",
    "Hostname": "DC01.corp.local",
    "EventType": "AUDIT_FAILURE",
    "EventID": 4648,
    "SourceName": "Microsoft-Windows-Security-Auditing",
    "Channel": "Security",
    "Message": "A logon was attempted using explicit credentials.\r\n\r\nAccount Name:\t\ttestuser\r\n\tNetwork Address:\t185.199.108.45\r\n\tPort:\t\t17887\r\n"
  },
  {
    "EventTime": "2025-08-03T12:00:11",
    "Hostname": "DC01.corp.local",
    "EventType": "AUDIT_FAILURE",
    "EventID": 4625,
    "SourceName": "Microsoft-Windows-Security-Auditing",
    "Channel": "Security",
    "Message": "An account failed to log on.\r\n\r\nSubject:\r\n\tSecurity ID:\t\tS-1-0-0\r\n\tAccount Name:\t\t-\r\n\tAccount Domain:\t\t-\r\n\tLogon ID:\t\t0x0\r\n\r\nLogon Type:\t\t3\r\n\r\nAccount For Which Logon Failed:\r\n\tSecurity ID:\t\tS-1-0-0\r\n\tAccount Name:\t\tjsmith\r\n\tAccount Domain:\t\tCORP\r\n\r\nFailure Information:\r\n\tFailure Reason:\t\tUnknown user name or bad password.\r\n\tStatus:\t\t\t0xc000006d\r\n\tSub Status:\t\t0xc000006a\r\n\r\nNetwork Information:\r\n\tWorkstation Name:\tDC01\r\n\tSource Network Address:\t203.0.113.45\r\n\tSource Port:\t\t38478\r\n"
  },
  {
    "EventTime": "2025-08-03T12:54:05",
    "Hostname": "DC01.corp.local",
    "EventType": "AUDIT_FAILURE",
    "EventID": 4634,
    "SourceName": "Microsoft-Windows-Security-Auditing",
    "Channel": "Security",
    "Message": "An account was logged off.\r\n\r\nAccount Name:\t\thradmin\r\n"
  },
  {
    "EventTime": "2025-08-03T12:22:23",
    "Hostname": "DC01.corp.local",
    "EventType": "AUDIT_FAILURE",
    "EventID": 5140,
    "SourceName": "Microsoft-Windows-Security-Auditing",
    "Channel": "Security",
    "Message": "A network share object was accessed.\r\n\r\n\tSource Network Address:\t45.33.32.156\r\n"
  },
  {
    "EventTime": "2025-08-03T12:34:41",
    "Hostname": "DC01.corp.local",
    "EventType": "AUDIT_FAILURE",
    "EventID": 4625,
    "SourceName": "Microsoft-Windows-Security-Auditing",
    "Channel": "Security",
    "Message": "An account failed to log on.\r\n\r\nSubject:\r\n\tSecurity ID:\t\tS-1-0-0\r\n\tAccount Name:\t\t-\r\n\tAccount Domain:\t\t-\r\n\tLogon ID:\t\t0x0\r\n\r\nLogon Type:\t\t3\r\n\r\nAccount For Which Logon Failed:\r\n\tSecurity ID:\t\tS-1-0-0\r\n\tAccount Name:\t\thradmin\r\n\tAccount Domain:\t\tCORP\r\n\r\nFailure Information:\r\n\tFailure Reason:\t\tUnknown user name or bad password.\r\n\tStatus:\t\t\t0xc000006d\r\n\tSub Status:\t\t0xc000006a\r\n\r\nNetwork Information:\r\n\tWorkstation Name:\tDC01\r\n\tSource Network Address:\t45.79.0.12\r\n\tSource Port:\t\t44394\r\n"
  },
  {
    "EventTime": "2025-08-03T12:26:00",
    "Hostname": "DC01.corp.local",
    "EventType": "AUDIT_FAILURE",
    "EventID": 5140,
    "SourceName": "Microsoft-Windows-Security-Auditing",
    "Channel": "Security",
    "Message": "A network share object was accessed.\r\n\r\n\tSource Network Address:\t104.244.42.1\r\n"
  },
  {
    "EventTime": "2025-08-03T12:22:22",
    "Hostname": "DC01.corp.local",
    "EventType": "AUDIT_SUCCESS",
    "EventID": 4624,
    "SourceName": "Microsoft-Windows-Security-Auditing",
    "Channel": "Security",
    "Message": "An account was successfully logged on.\r\n\r\nSubject:\r\n\tSecurity ID:\t\tS-1-5-21\r\n\tAccount Name:\t\tjinny\r\n\tAccount Domain:\t\tCORP\r\n\tLogon ID:\t\t0x1234\r\n\r\nLogon Type:\t\t2\r\n\r\nNetwork Information:\r\n\tSource Network Address:\t23.235.33.141\r\n\tSource Port:\t\t22561\r\n"
  },
  {
    "EventTime": "2025-08-03T12:36:41",
    "Hostname": "DC01.corp.local",
    "EventType": "AUDIT_SUCCESS",
    "EventID": 4720,
    "SourceName": "Microsoft-Windows-Security-Auditing",
    "Channel": "Security",
    "Message": "A user account was created.\r\n\r\nNew Account:\r\n\tAccount Name:\t\tjsmith\r\n"
  },
  {
    "EventTime": "2025-08-03T12:57:19",
    "Hostname": "DC01.corp.local",
    "EventType": "AUDIT_FAILURE",
    "EventID": 4634,
    "SourceName": "Microsoft-Windows-Security-Auditing",
    "Channel": "Security",
    "Message": "An account was logged off.\r\n\r\nAccount Name:\t\tadministrator\r\n"
  },
  {
    "EventTime": "2025-08-03T12:07:20",
    "Hostname": "DC01.corp.local",
    "EventType": "AUDIT_SUCCESS",
    "EventID": 4624,
    "SourceName": "Microsoft-Windows-Security-Auditing",
    "Channel": "Security",
    "Message": "An account was successfully logged on.\r\n\r\nSubject:\r\n\tSecurity ID:\t\tS-1-5-21\r\n\tAccount Name:\t\tadmin\r\n\tAccount Domain:\t\tCORP\r\n\tLogon ID:\t\t0x1234\r\n\r\nLogon Type:\t\t2\r\n\r\nNetwork Information:\r\n\tSource Network Address:\t185.199.108.45\r\n\tSource Port:\t\t46301\r\n"
  },
  {
    "EventTime": "2025-08-03T12:45:51",
    "Hostname": "DC01.corp.local",
    "EventType": "AUDIT_SUCCESS",
    "EventID": 4624,
    "SourceName": "Microsoft-Windows-Security-Auditing",
    "Channel": "Security",
    "Message": "An account was successfully logged on.\r\n\r\nSubject:\r\n\tSecurity ID:\t\tS-1-5-21\r\n\tAccount Name:\t\ttestuser\r\n\tAccount Domain:\t\tCORP\r\n\tLogon ID:\t\t0x1234\r\n\r\nLogon Type:\t\t2\r\n\r\nNetwork Information:\r\n\tSource Network Address:\t198.51.100.23\r\n\tSource Port:\t\t55530\r\n"
  },
  {
    "EventTime": "2025-08-03T12:01:10",
    "Hostname": "DC01.corp.local",
    "EventType": "AUDIT_FAILURE",
    "EventID": 4625,
    "SourceName": "Microsoft-Windows-Security-Auditing",
    "Channel": "Security",
    "Message": "An account failed to log on.\r\n\r\nSubject:\r\n\tSecurity ID:\t\tS-1-0-0\r\n\tAccount Name:\t\t-\r\n\tAccount Domain:\t\t-\r\n\tLogon ID:\t\t0x0\r\n\r\nLogon Type:\t\t3\r\n\r\nAccount For Which Logon Failed:\r\n\tSecurity ID:\t\tS-1-0-0\r\n\tAccount Name:\t\tguest\r\n\tAccount Domain:\t\tCORP\r\n\r\nFailure Information:\r\n\tFailure Reason:\t\tUnknown user name or bad password.\r\n\tStatus:\t\t\t0xc000006d\r\n\tSub Status:\t\t0xc000006a\r\n\r\nNetwork Information:\r\n\tWorkstation Name:\tDC01\r\n\tSource Network Address:\t203.0.113.76\r\n\tSource Port:\t\t65339\r\n"
  },
  {
    "EventTime": "2025-08-03T12:19:51",
    "Hostname": "DC01.corp.local",
    "EventType": "AUDIT_FAILURE",
    "EventID": 4625,
    "SourceName": "Microsoft-Windows-Security-Auditing",
    "Channel": "Security",
    "Message": "An account failed to log on.\r\n\r\nSubject:\r\n\tSecurity ID:\t\tS-1-0-0\r\n\tAccount Name:\t\t-\r\n\tAccount Domain:\t\t-\r\n\tLogon ID:\t\t0x0\r\n\r\nLogon Type:\t\t3\r\n\r\nAccount For Which Logon Failed:\r\n\tSecurity ID:\t\tS-1-0-0\r\n\tAccount Name:\t\tadmin\r\n\tAccount Domain:\t\tCORP\r\n\r\nFailure Information:\r\n\tFailure Reason:\t\tUnknown user name or bad password.\r\n\tStatus:\t\t\t0xc000006d\r\n\tSub Status:\t\t0xc000006a\r\n\r\nNetwork Information:\r\n\tWorkstation Name:\tDC01\r\n\tSource Network Address:\t198.51.100.23\r\n\tSource Port:\t\t31257\r\n"
  },
  {
    "EventTime": "2025-08-03T12:25:05",
    "Hostname": "DC01.corp.local",
    "EventType": "AUDIT_SUCCESS",
    "EventID": 4624,
    "SourceName": "Microsoft-Windows-Security-Auditing",
    "Channel": "Security",
    "Message": "An account was successfully logged on.\r\n\r\nSubject:\r\n\tSecurity ID:\t\tS-1-5-21\r\n\tAccount Name:\t\tjsmith\r\n\tAccount Domain:\t\tCORP\r\n\tLogon ID:\t\t0x1234\r\n\r\nLogon Type:\t\t2\r\n\r\nNetwork Information:\r\n\tSource Network Address:\t45.33.32.156\r\n\tSource Port:\t\t64324\r\n"
  },
  {
    "EventTime": "2025-08-03T12:45:31",
    "Hostname": "DC01.corp.local",
    "EventType": "AUDIT_SUCCESS",
    "EventID": 4720,
    "SourceName": "Microsoft-Windows-Security-Auditing",
    "Channel": "Security",
    "Message": "A user account was created.\r\n\r\nNew Account:\r\n\tAccount Name:\t\tuser1\r\n"
  },
  {
    "EventTime": "2025-08-03T12:25:13",
    "Hostname": "DC01.corp.local",
    "EventType": "AUDIT_SUCCESS",
    "EventID": 4624,
    "SourceName": "Microsoft-Windows-Security-Auditing",
    "Channel": "Security",
    "Message": "An account was successfully logged on.\r\n\r\nSubject:\r\n\tSecurity ID:\t\tS-1-5-21\r\n\tAccount Name:\t\ttestuser\r\n\tAccount Domain:\t\tCORP\r\n\tLogon ID:\t\t0x1234\r\n\r\nLogon Type:\t\t2\r\n\r\nNetwork Information:\r\n\tSource Network Address:\t45.33.32.156\r\n\tSource Port:\t\t20560\r\n"
  },
  {
    "EventTime": "2025-08-03T12:30:08",
    "Hostname": "DC01.corp.local",
    "EventType": "AUDIT_SUCCESS",
    "EventID": 4624,
    "SourceName": "Microsoft-Windows-Security-Auditing",
    "Channel": "Security",
    "Message": "An account was successfully logged on.\r\n\r\nSubject:\r\n\tSecurity ID:\t\tS-1-5-21\r\n\tAccount Name:\t\ttestuser\r\n\tAccount Domain:\t\tCORP\r\n\tLogon ID:\t\t0x1234\r\n\r\nLogon Type:\t\t2\r\n\r\nNetwork Information:\r\n\tSource Network Address:\t45.33.32.156\r\n\tSource Port:\t\t10823\r\n"
  },
  {
    "EventTime": "2025-08-03T12:01:25",
    "Hostname": "DC01.corp.local",
    "EventType": "AUDIT_FAILURE",
    "EventID": 4625,
    "SourceName": "Microsoft-Windows-Security-Auditing",
    "Channel": "Security",
    "Message": "An account failed to log on.\r\n\r\nSubject:\r\n\tSecurity ID:\t\tS-1-0-0\r\n\tAccount Name:\t\t-\r\n\tAccount Domain:\t\t-\r\n\tLogon ID:\t\t0x0\r\n\r\nLogon Type:\t\t3\r\n\r\nAccount For Which Logon Failed:\r\n\tSecurity ID:\t\tS-1-0-0\r\n\tAccount Name:\t\tadmin\r\n\tAccount Domain:\t\tCORP\r\n\r\nFailure Information:\r\n\tFailure Reason:\t\tUnknown user name or bad password.\r\n\tStatus:\t\t\t0xc000006d\r\n\tSub Status:\t\t0xc000006a\r\n\r\nNetwork Information:\r\n\tWorkstation Name:\tDC01\r\n\tSource Network Address:\t198.51.100.23\r\n\tSource Port:\t\t29934\r\n"
  },
  {
    "EventTime": "2025-08-03T12:08:39",
    "Hostname": "DC01.corp.local",
    "EventType": "AUDIT_FAILURE",
    "EventID": 4625,
    "SourceName": "Microsoft-Windows-Security-Auditing",
    "Channel": "Security",
    "Message": "An account failed to log on.\r\n\r\nSubject:\r\n\tSecurity ID:\t\tS-1-0-0\r\n\tAccount Name:\t\t-\r\n\tAccount Domain:\t\t-\r\n\tLogon ID:\t\t0x0\r\n\r\nLogon Type:\t\t3\r\n\r\nAccount For Which Logon Failed:\r\n\tSecurity ID:\t\tS-1-0-0\r\n\tAccount Name:\t\tadministrator\r\n\tAccount Domain:\t\tCORP\r\n\r\nFailure Information:\r\n\tFailure Reason:\t\tUnknown user name or bad password.\r\n\tStatus:\t\t\t0xc000006d\r\n\tSub Status:\t\t0xc000006a\r\n\r\nNetwork Information:\r\n\tWorkstation Name:\tDC01\r\n\tSource Network Address:\t203.0.113.45\r\n\tSource Port:\t\t21578\r\n"
  },
  {
    "EventTime": "2025-08-03T12:05:38",
    "Hostname": "DC01.corp.local",
    "EventType": "AUDIT_SUCCESS",
    "EventID": 4624,
    "SourceName": "Microsoft-Windows-Security-Auditing",
    "Channel": "Security",
    "Message": "An account was successfully logged on.\r\n\r\nSubject:\r\n\tSecurity ID:\t\tS-1-5-21\r\n\tAccount Name:\t\tjsmith\r\n\tAccount Domain:\t\tCORP\r\n\tLogon ID:\t\t0x1234\r\n\r\nLogon Type:\t\t2\r\n\r\nNetwork Information:\r\n\tSource Network Address:\t162.243.187.132\r\n\tSource Port:\t\t61409\r\n"
  },
  {
    "EventTime": "2025-08-03T12:11:36",
    "Hostname": "DC01.corp.local",
    "EventType": "AUDIT_FAILURE",
    "EventID": 4625,
    "SourceName": "Microsoft-Windows-Security-Auditing",
    "Channel": "Security",
    "Message": "An account failed to log on.\r\n\r\nSubject:\r\n\tSecurity ID:\t\tS-1-0-0\r\n\tAccount Name:\t\t-\r\n\tAccount Domain:\t\t-\r\n\tLogon ID:\t\t0x0\r\n\r\nLogon Type:\t\t3\r\n\r\nAccount For Which Logon Failed:\r\n\tSecurity ID:\t\tS-1-0-0\r\n\tAccount Name:\t\tjinny\r\n\tAccount Domain:\t\tCORP\r\n\r\nFailure Information:\r\n\tFailure Reason:\t\tUnknown user name or bad password.\r\n\tStatus:\t\t\t0xc000006d\r\n\tSub Status:\t\t0xc000006a\r\n\r\nNetwork Information:\r\n\tWorkstation Name:\tDC01\r\n\tSource Network Address:\t104.244.42.1\r\n\tSource Port:\t\t6027\r\n"
  },
  {
    "EventTime": "2025-08-03T12:51:09",
    "Hostname": "DC01.corp.local",
    "EventType": "AUDIT_FAILURE",
    "EventID": 4634,
    "SourceName": "Microsoft-Windows-Security-Auditing",
    "Channel": "Security",
    "Message": "An account was logged off.\r\n\r\nAccount Name:\t\tuser1\r\n"
  },
  {
    "EventTime": "2025-08-03T12:10:39",
    "Hostname": "DC01.corp.local",
    "EventType": "AUDIT_FAILURE",
    "EventID": 4625,
    "SourceName": "Microsoft-Windows-Security-Auditing",
    "Channel": "Security",
    "Message": "An account failed to log on.\r\n\r\nSubject:\r\n\tSecurity ID:\t\tS-1-0-0\r\n\tAccount Name:\t\t-\r\n\tAccount Domain:\t\t-\r\n\tLogon ID:\t\t0x0\r\n\r\nLogon Type:\t\t3\r\n\r\nAccount For Which Logon Failed:\r\n\tSecurity ID:\t\tS-1-0-0\r\n\tAccount Name:\t\tuser1\r\n\tAccount Domain:\t\tCORP\r\n\r\nFailure Information:\r\n\tFailure Reason:\t\tUnknown user name or bad password.\r\n\tStatus:\t\t\t0xc000006d\r\n\tSub Status:\t\t0xc000006a\r\n\r\nNetwork Information:\r\n\tWorkstation Name:\tDC01\r\n\tSource Network Address:\t203.0.113.76\r\n\tSource Port:\t\t14944\r\n"
  },
  {
    "EventTime": "2025-08-03T12:54:54",
    "Hostname": "DC01.corp.local",
    "EventType": "AUDIT_SUCCESS",
    "EventID": 4624,
    "SourceName": "Microsoft-Windows-Security-Auditing",
    "Channel": "Security",
    "Message": "An account was successfully logged on.\r\n\r\nSubject:\r\n\tSecurity ID:\t\tS-1-5-21\r\n\tAccount Name:\t\tjinny\r\n\tAccount Domain:\t\tCORP\r\n\tLogon ID:\t\t0x1234\r\n\r\nLogon Type:\t\t2\r\n\r\nNetwork Information:\r\n\tSource Network Address:\t185.199.108.45\r\n\tSource Port:\t\t19200\r\n"
  },
  {
    "EventTime": "2025-08-03T12:05:58",
    "Hostname": "DC01.corp.local",
    "EventType": "AUDIT_FAILURE",
    "EventID": 5140,
    "SourceName": "Microsoft-Windows-Security-Auditing",
    "Channel": "Security",
    "Message": "A network share object was accessed.\r\n\r\n\tSource Network Address:\t45.33.32.156\r\n"
  },
  {
    "EventTime": "2025-08-03T12:48:55",
    "Hostname": "DC01.corp.local",
    "EventType": "AUDIT_FAILURE",
    "EventID": 4672,
    "SourceName": "Microsoft-Windows-Security-Auditing",
    "Channel": "Security",
    "Message": "Special privileges assigned to new logon.\r\n\tAccount Name:\t\tjsmith\r\n"
  },
  {
    "EventTime": "2025-08-03T12:53:30",
    "Hostname": "DC01.corp.local",
    "EventType": "AUDIT_SUCCESS",
    "EventID": 4624,
    "SourceName": "Microsoft-Windows-Security-Auditing",
    "Channel": "Security",
    "Message": "An account was successfully logged on.\r\n\r\nSubject:\r\n\tSecurity ID:\t\tS-1-5-21\r\n\tAccount Name:\t\ttestuser\r\n\tAccount Domain:\t\tCORP\r\n\tLogon ID:\t\t0x1234\r\n\r\nLogon Type:\t\t2\r\n\r\nNetwork Information:\r\n\tSource Network Address:\t203.0.113.45\r\n\tSource Port:\t\t31594\r\n"
  },
  {
    "EventTime": "2025-08-03T12:48:20",
    "Hostname": "DC01.corp.local",
    "EventType": "AUDIT_FAILURE",
    "EventID": 4634,
    "SourceName": "Microsoft-Windows-Security-Auditing",
    "Channel": "Security",
    "Message": "An account was logged off.\r\n\r\nAccount Name:\t\ttestuser\r\n"
  },
  {
    "EventTime": "2025-08-03T12:46:44",
    "Hostname": "DC01.corp.local",
    "EventType": "AUDIT_SUCCESS",
    "EventID": 4624,
    "SourceName": "Microsoft-Windows-Security-Auditing",
    "Channel": "Security",
    "Message": "An account was successfully logged on.\r\n\r\nSubject:\r\n\tSecurity ID:\t\tS-1-5-21\r\n\tAccount Name:\t\tguest\r\n\tAccount Domain:\t\tCORP\r\n\tLogon ID:\t\t0x1234\r\n\r\nLogon Type:\t\t2\r\n\r\nNetwork Information:\r\n\tSource Network Address:\t45.79.0.12\r\n\tSource Port:\t\t29079\r\n"
  },
  {
    "EventTime": "2025-08-03T12:16:43",
    "Hostname": "DC01.corp.local",
    "EventType": "AUDIT_FAILURE",
    "EventID": 4625,
    "SourceName": "Microsoft-Windows-Security-Auditing",
    "Channel": "Security",
    "Message": "An account failed to log on.\r\n\r\nSubject:\r\n\tSecurity ID:\t\tS-1-0-0\r\n\tAccount Name:\t\t-\r\n\tAccount Domain:\t\t-\r\n\tLogon ID:\t\t0x0\r\n\r\nLogon Type:\t\t3\r\n\r\nAccount For Which Logon Failed:\r\n\tSecurity ID:\t\tS-1-0-0\r\n\tAccount Name:\t\tguest\r\n\tAccount Domain:\t\tCORP\r\n\r\nFailure Information:\r\n\tFailure Reason:\t\tUnknown user name or bad password.\r\n\tStatus:\t\t\t0xc000006d\r\n\tSub Status:\t\t0xc000006a\r\n\r\nNetwork Information:\r\n\tWorkstation Name:\tDC01\r\n\tSource Network Address:\t8.8.8.8\r\n\tSource Port:\t\t1871\r\n"
  },
  {
    "EventTime": "2025-08-03T12:13:28",
    "Hostname": "DC01.corp.local",
    "EventType": "AUDIT_FAILURE",
    "EventID": 4634,
    "SourceName": "Microsoft-Windows-Security-Auditing",
    "Channel": "Security",
    "Message": "An account was logged off.\r\n\r\nAccount Name:\t\tjinny\r\n"
  },
  {
    "EventTime": "2025-08-03T12:48:51",
    "Hostname": "DC01.corp.local",
    "EventType": "AUDIT_SUCCESS",
    "EventID": 4624,
    "SourceName": "Microsoft-Windows-Security-Auditing",
    "Channel": "Security",
    "Message": "An account was successfully logged on.\r\n\r\nSubject:\r\n\tSecurity ID:\t\tS-1-5-21\r\n\tAccount Name:\t\thradmin\r\n\tAccount Domain:\t\tCORP\r\n\tLogon ID:\t\t0x1234\r\n\r\nLogon Type:\t\t2\r\n\r\nNetwork Information:\r\n\tSource Network Address:\t203.0.113.76\r\n\tSource Port:\t\t9206\r\n"
  },
  {
    "EventTime": "2025-08-03T12:42:08",
    "Hostname": "DC01.corp.local",
    "EventType": "AUDIT_SUCCESS",
    "EventID": 4624,
    "SourceName": "Microsoft-Windows-Security-Auditing",
    "Channel": "Security",
    "Message": "An account was successfully logged on.\r\n\r\nSubject:\r\n\tSecurity ID:\t\tS-1-5-21\r\n\tAccount Name:\t\tuser1\r\n\tAccount Domain:\t\tCORP\r\n\tLogon ID:\t\t0x1234\r\n\r\nLogon Type:\t\t2\r\n\r\nNetwork Information:\r\n\tSource Network Address:\t104.244.42.1\r\n\tSource Port:\t\t17466\r\n"
  },
  {
    "EventTime": "2025-08-03T12:04:22",
    "Hostname": "DC01.corp.local",
    "EventType": "AUDIT_SUCCESS",
    "EventID": 4624,
    "SourceName": "Microsoft-Windows-Security-Auditing",
    "Channel": "Security",
    "Message": "An account was successfully logged on.\r\n\r\nSubject:\r\n\tSecurity ID:\t\tS-1-5-21\r\n\tAccount Name:\t\tadmin\r\n\tAccount Domain:\t\tCORP\r\n\tLogon ID:\t\t0x1234\r\n\r\nLogon Type:\t\t2\r\n\r\nNetwork Information:\r\n\tSource Network Address:\t23.235.33.141\r\n\tSource Port:\t\t43727\r\n"
  },
  {
    "EventTime": "2025-08-03T12:05:53",
    "Hostname": "DC01.corp.local",
    "EventType": "AUDIT_SUCCESS",
    "EventID": 4624,
    "SourceName": "Microsoft-Windows-Security-Auditing",
    "Channel": "Security",
    "Message": "An account was successfully logged on.\r\n\r\nSubject:\r\n\tSecurity ID:\t\tS-1-5-21\r\n\tAccount Name:\t\tadministrator\r\n\tAccount Domain:\t\tCORP\r\n\tLogon ID:\t\t0x1234\r\n\r\nLogon Type:\t\t2\r\n\r\nNetwork Information:\r\n\tSource Network Address:\t45.79.0.12\r\n\tSource Port:\t\t40174\r\n"
  },
  {
    "EventTime": "2025-08-03T12:59:09",
    "Hostname": "DC01.corp.local",
    "EventType": "AUDIT_FAILURE",
    "EventID": 4648,
    "SourceName": "Microsoft-Windows-Security-Auditing",
    "Channel": "Security",
    "Message": "A logon was attempted using explicit credentials.\r\n\r\nAccount Name:\t\tguest\r\n\tNetwork Address:\t203.0.113.76\r\n\tPort:\t\t28324\r\n"
  },
  {
    "EventTime": "2025-08-03T12:50:39",
    "Hostname": "DC01.corp.local",
    "EventType": "AUDIT_FAILURE",
    "EventID": 5140,
    "SourceName": "Microsoft-Windows-Security-Auditing",
    "Channel": "Security",
    "Message": "A network share object was accessed.\r\n\r\n\tSource Network Address:\t198.51.100.23\r\n"
  },
  {
    "EventTime": "2025-08-03T12:16:54",
    "Hostname": "DC01.corp.local",
    "EventType": "AUDIT_FAILURE",
    "EventID": 4625,
    "SourceName": "Microsoft-Windows-Security-Auditing",
    "Channel": "Security",
    "Message": "An account failed to log on.\r\n\r\nSubject:\r\n\tSecurity ID:\t\tS-1-0-0\r\n\tAccount Name:\t\t-\r\n\tAccount Domain:\t\t-\r\n\tLogon ID:\t\t0x0\r\n\r\nLogon Type:\t\t3\r\n\r\nAccount For Which Logon Failed:\r\n\tSecurity ID:\t\tS-1-0-0\r\n\tAccount Name:\t\tjinny\r\n\tAccount Domain:\t\tCORP\r\n\r\nFailure Information:\r\n\tFailure Reason:\t\tUnknown user name or bad password.\r\n\tStatus:\t\t\t0xc000006d\r\n\tSub Status:\t\t0xc000006a\r\n\r\nNetwork Information:\r\n\tWorkstation Name:\tDC01\r\n\tSource Network Address:\t185.199.108.45\r\n\tSource Port:\t\t60275\r\n"
  },
  {
    "EventTime": "2025-08-03T12:59:36",
    "Hostname": "DC01.corp.local",
    "EventType": "AUDIT_FAILURE",
    "EventID": 4625,
    "SourceName": "Microsoft-Windows-Security-Auditing",
    "Channel": "Security",
    "Message": "An account failed to log on.\r\n\r\nSubject:\r\n\tSecurity ID:\t\tS-1-0-0\r\n\tAccount Name:\t\t-\r\n\tAccount Domain:\t\t-\r\n\tLogon ID:\t\t0x0\r\n\r\nLogon Type:\t\t3\r\n\r\nAccount For Which Logon Failed:\r\n\tSecurity ID:\t\tS-1-0-0\r\n\tAccount Name:\t\ttestuser\r\n\tAccount Domain:\t\tCORP\r\n\r\nFailure Information:\r\n\tFailure Reason:\t\tUnknown user name or bad password.\r\n\tStatus:\t\t\t0xc000006d\r\n\tSub Status:\t\t0xc000006a\r\n\r\nNetwork Information:\r\n\tWorkstation Name:\tDC01\r\n\tSource Network Address:\t203.0.113.45\r\n\tSource Port:\t\t52946\r\n"
  },
  {
    "EventTime": "2025-08-03T12:29:15",
    "Hostname": "DC01.corp.local",
    "EventType": "AUDIT_FAILURE",
    "EventID": 4625,
    "SourceName": "Microsoft-Windows-Security-Auditing",
    "Channel": "Security",
    "Message": "An account failed to log on.\r\n\r\nSubject:\r\n\tSecurity ID:\t\tS-1-0-0\r\n\tAccount Name:\t\t-\r\n\tAccount Domain:\t\t-\r\n\tLogon ID:\t\t0x0\r\n\r\nLogon Type:\t\t3\r\n\r\nAccount For Which Logon Failed:\r\n\tSecurity ID:\t\tS-1-0-0\r\n\tAccount Name:\t\tjsmith\r\n\tAccount Domain:\t\tCORP\r\n\r\nFailure Information:\r\n\tFailure Reason:\t\tUnknown user name or bad password.\r\n\tStatus:\t\t\t0xc000006d\r\n\tSub Status:\t\t0xc000006a\r\n\r\nNetwork Information:\r\n\tWorkstation Name:\tDC01\r\n\tSource Network Address:\t104.244.42.1\r\n\tSource Port:\t\t34178\r\n"
  },
  {
    "EventTime": "2025-08-03T12:49:38",
    "Hostname": "DC01.corp.local",
    "EventType": "AUDIT_SUCCESS",
    "EventID": 4624,
    "SourceName": "Microsoft-Windows-Security-Auditing",
    "Channel": "Security",
    "Message": "An account was successfully logged on.\r\n\r\nSubject:\r\n\tSecurity ID:\t\tS-1-5-21\r\n\tAccount Name:\t\tuser1\r\n\tAccount Domain:\t\tCORP\r\n\tLogon ID:\t\t0x1234\r\n\r\nLogon Type:\t\t2\r\n\r\nNetwork Information:\r\n\tSource Network Address:\t162.243.187.132\r\n\tSource Port:\t\t24833\r\n"
  },
  {
    "EventTime": "2025-08-03T12:06:13",
    "Hostname": "DC01.corp.local",
    "EventType": "AUDIT_FAILURE",
    "EventID": 4634,
    "SourceName": "Microsoft-Windows-Security-Auditing",
    "Channel": "Security",
    "Message": "An account was logged off.\r\n\r\nAccount Name:\t\tadmin\r\n"
  },
  {
    "EventTime": "2025-08-03T12:09:22",
    "Hostname": "DC01.corp.local",
    "EventType": "AUDIT_FAILURE",
    "EventID": 4625,
    "SourceName": "Microsoft-Windows-Security-Auditing",
    "Channel": "Security",
    "Message": "An account failed to log on.\r\n\r\nSubject:\r\n\tSecurity ID:\t\tS-1-0-0\r\n\tAccount Name:\t\t-\r\n\tAccount Domain:\t\t-\r\n\tLogon ID:\t\t0x0\r\n\r\nLogon Type:\t\t3\r\n\r\nAccount For Which Logon Failed:\r\n\tSecurity ID:\t\tS-1-0-0\r\n\tAccount Name:\t\tguest\r\n\tAccount Domain:\t\tCORP\r\n\r\nFailure Information:\r\n\tFailure Reason:\t\tUnknown user name or bad password.\r\n\tStatus:\t\t\t0xc000006d\r\n\tSub Status:\t\t0xc000006a\r\n\r\nNetwork Information:\r\n\tWorkstation Name:\tDC01\r\n\tSource Network Address:\t45.33.32.156\r\n\tSource Port:\t\t13999\r\n"
  },
  {
    "EventTime": "2025-08-03T12:55:35",
    "Hostname": "DC01.corp.local",
    "EventType": "AUDIT_FAILURE",
    "EventID": 4625,
    "SourceName": "Microsoft-Windows-Security-Auditing",
    "Channel": "Security",
    "Message": "An account failed to log on.\r\n\r\nSubject:\r\n\tSecurity ID:\t\tS-1-0-0\r\n\tAccount Name:\t\t-\r\n\tAccount Domain:\t\t-\r\n\tLogon ID:\t\t0x0\r\n\r\nLogon Type:\t\t3\r\n\r\nAccount For Which Logon Failed:\r\n\tSecurity ID:\t\tS-1-0-0\r\n\tAccount Name:\t\thradmin\r\n\tAccount Domain:\t\tCORP\r\n\r\nFailure Information:\r\n\tFailure Reason:\t\tUnknown user name or bad password.\r\n\tStatus:\t\t\t0xc000006d\r\n\tSub Status:\t\t0xc000006a\r\n\r\nNetwork Information:\r\n\tWorkstation Name:\tDC01\r\n\tSource Network Address:\t203.0.113.76\r\n\tSource Port:\t\t63483\r\n"
  },
  {
    "EventTime": "2025-08-03T12:55:31",
    "Hostname": "DC01.corp.local",
    "EventType": "AUDIT_SUCCESS",
    "EventID": 4624,
    "SourceName": "Microsoft-Windows-Security-Auditing",
    "Channel": "Security",
    "Message": "An account was successfully logged on.\r\n\r\nSubject:\r\n\tSecurity ID:\t\tS-1-5-21\r\n\tAccount Name:\t\tuser1\r\n\tAccount Domain:\t\tCORP\r\n\tLogon ID:\t\t0x1234\r\n\r\nLogon Type:\t\t2\r\n\r\nNetwork Information:\r\n\tSource Network Address:\t203.0.113.76\r\n\tSource Port:\t\t11522\r\n"
  },
  {
    "EventTime": "2025-08-03T12:45:07",
    "Hostname": "DC01.corp.local",
    "EventType": "AUDIT_FAILURE",
    "EventID": 4634,
    "SourceName": "Microsoft-Windows-Security-Auditing",
    "Channel": "Security",
    "Message": "An account was logged off.\r\n\r\nAccount Name:\t\tadministrator\r\n"
  },
  {
    "EventTime": "2025-08-03T12:38:08",
    "Hostname": "DC01.corp.local",
    "EventType": "AUDIT_FAILURE",
    "EventID": 4625,
    "SourceName": "Microsoft-Windows-Security-Auditing",
    "Channel": "Security",
    "Message": "An account failed to log on.\r\n\r\nSubject:\r\n\tSecurity ID:\t\tS-1-0-0\r\n\tAccount Name:\t\t-\r\n\tAccount Domain:\t\t-\r\n\tLogon ID:\t\t0x0\r\n\r\nLogon Type:\t\t3\r\n\r\nAccount For Which Logon Failed:\r\n\tSecurity ID:\t\tS-1-0-0\r\n\tAccount Name:\t\tuser1\r\n\tAccount Domain:\t\tCORP\r\n\r\nFailure Information:\r\n\tFailure Reason:\t\tUnknown user name or bad password.\r\n\tStatus:\t\t\t0xc000006d\r\n\tSub Status:\t\t0xc000006a\r\n\r\nNetwork Information:\r\n\tWorkstation Name:\tDC01\r\n\tSource Network Address:\t203.0.113.76\r\n\tSource Port:\t\t13861\r\n"
  },
  {
    "EventTime": "2025-08-03T12:05:17",
    "Hostname": "DC01.corp.local",
    "EventType": "AUDIT_FAILURE",
    "EventID": 4625,
    "SourceName": "Microsoft-Windows-Security-Auditing",
    "Channel": "Security",
    "Message": "An account failed to log on.\r\n\r\nSubject:\r\n\tSecurity ID:\t\tS-1-0-0\r\n\tAccount Name:\t\t-\r\n\tAccount Domain:\t\t-\r\n\tLogon ID:\t\t0x0\r\n\r\nLogon Type:\t\t3\r\n\r\nAccount For Which Logon Failed:\r\n\tSecurity ID:\t\tS-1-0-0\r\n\tAccount Name:\t\tjinny\r\n\tAccount Domain:\t\tCORP\r\n\r\nFailure Information:\r\n\tFailure Reason:\t\tUnknown user name or bad password.\r\n\tStatus:\t\t\t0xc000006d\r\n\tSub Status:\t\t0xc000006a\r\n\r\nNetwork Information:\r\n\tWorkstation Name:\tDC01\r\n\tSource Network Address:\t203.0.113.76\r\n\tSource Port:\t\t54306\r\n"
  },
  {
    "EventTime": "2025-08-03T12:00:28",
    "Hostname": "DC01.corp.local",
    "EventType": "AUDIT_FAILURE",
    "EventID": 4625,
    "SourceName": "Microsoft-Windows-Security-Auditing",
    "Channel": "Security",
    "Message": "An account failed to log on.\r\n\r\nSubject:\r\n\tSecurity ID:\t\tS-1-0-0\r\n\tAccount Name:\t\t-\r\n\tAccount Domain:\t\t-\r\n\tLogon ID:\t\t0x0\r\n\r\nLogon Type:\t\t3\r\n\r\nAccount For Which Logon Failed:\r\n\tSecurity ID:\t\tS-1-0-0\r\n\tAccount Name:\t\thradmin\r\n\tAccount Domain:\t\tCORP\r\n\r\nFailure Information:\r\n\tFailure Reason:\t\tUnknown user name or bad password.\r\n\tStatus:\t\t\t0xc000006d\r\n\tSub Status:\t\t0xc000006a\r\n\r\nNetwork Information:\r\n\tWorkstation Name:\tDC01\r\n\tSource Network Address:\t51.79.19.58\r\n\tSource Port:\t\t5660\r\n"
  },
  {
    "EventTime": "2025-08-03T12:21:32",
    "Hostname": "DC01.corp.local",
    "EventType": "AUDIT_SUCCESS",
    "EventID": 4624,
    "SourceName": "Microsoft-Windows-Security-Auditing",
    "Channel": "Security",
    "Message": "An account was successfully logged on.\r\n\r\nSubject:\r\n\tSecurity ID:\t\tS-1-5-21\r\n\tAccount Name:\t\tjinny\r\n\tAccount Domain:\t\tCORP\r\n\tLogon ID:\t\t0x1234\r\n\r\nLogon Type:\t\t2\r\n\r\nNetwork Information:\r\n\tSource Network Address:\t203.0.113.76\r\n\tSource Port:\t\t22526\r\n"
  },
  {
    "EventTime": "2025-08-03T12:37:07",
    "Hostname": "DC01.corp.local",
    "EventType": "AUDIT_FAILURE",
    "EventID": 4648,
    "SourceName": "Microsoft-Windows-Security-Auditing",
    "Channel": "Security",
    "Message": "A logon was attempted using explicit credentials.\r\n\r\nAccount Name:\t\thradmin\r\n\tNetwork Address:\t23.235.33.141\r\n\tPort:\t\t12020\r\n"
  },
  {
    "EventTime": "2025-08-03T12:11:54",
    "Hostname": "DC01.corp.local",
    "EventType": "AUDIT_FAILURE",
    "EventID": 5140,
    "SourceName": "Microsoft-Windows-Security-Auditing",
    "Channel": "Security",
    "Message": "A network share object was accessed.\r\n\r\n\tSource Network Address:\t45.33.32.156\r\n"
  },
  {
    "EventTime": "2025-08-03T12:21:43",
    "Hostname": "DC01.corp.local",
    "EventType": "AUDIT_FAILURE",
    "EventID": 4625,
    "SourceName": "Microsoft-Windows-Security-Auditing",
    "Channel": "Security",
    "Message": "An account failed to log on.\r\n\r\nSubject:\r\n\tSecurity ID:\t\tS-1-0-0\r\n\tAccount Name:\t\t-\r\n\tAccount Domain:\t\t-\r\n\tLogon ID:\t\t0x0\r\n\r\nLogon Type:\t\t3\r\n\r\nAccount For Which Logon Failed:\r\n\tSecurity ID:\t\tS-1-0-0\r\n\tAccount Name:\t\tadministrator\r\n\tAccount Domain:\t\tCORP\r\n\r\nFailure Information:\r\n\tFailure Reason:\t\tUnknown user name or bad password.\r\n\tStatus:\t\t\t0xc000006d\r\n\tSub Status:\t\t0xc000006a\r\n\r\nNetwork Information:\r\n\tWorkstation Name:\tDC01\r\n\tSource Network Address:\t198.51.100.23\r\n\tSource Port:\t\t35318\r\n"
  },
  {
    "EventTime": "2025-08-03T12:28:35",
    "Hostname": "DC01.corp.local",
    "EventType": "AUDIT_SUCCESS",
    "EventID": 4624,
    "SourceName": "Microsoft-Windows-Security-Auditing",
    "Channel": "Security",
    "Message": "An account was successfully logged on.\r\n\r\nSubject:\r\n\tSecurity ID:\t\tS-1-5-21\r\n\tAccount Name:\t\tjsmith\r\n\tAccount Domain:\t\tCORP\r\n\tLogon ID:\t\t0x1234\r\n\r\nLogon Type:\t\t2\r\n\r\nNetwork Information:\r\n\tSource Network Address:\t203.0.113.45\r\n\tSource Port:\t\t35997\r\n"
  },
  {
    "EventTime": "2025-08-03T12:13:53",
    "Hostname": "DC01.corp.local",
    "EventType": "AUDIT_FAILURE",
    "EventID": 5140,
    "SourceName": "Microsoft-Windows-Security-Auditing",
    "Channel": "Security",
    "Message": "A network share object was accessed.\r\n\r\n\tSource Network Address:\t185.199.108.45\r\n"
  },
  {
    "EventTime": "2025-08-03T12:09:44",
    "Hostname": "DC01.corp.local",
    "EventType": "AUDIT_SUCCESS",
    "EventID": 4624,
    "SourceName": "Microsoft-Windows-Security-Auditing",
    "Channel": "Security",
    "Message": "An account was successfully logged on.\r\n\r\nSubject:\r\n\tSecurity ID:\t\tS-1-5-21\r\n\tAccount Name:\t\tjinny\r\n\tAccount Domain:\t\tCORP\r\n\tLogon ID:\t\t0x1234\r\n\r\nLogon Type:\t\t2\r\n\r\nNetwork Information:\r\n\tSource Network Address:\t203.0.113.45\r\n\tSource Port:\t\t55549\r\n"
  },
  {
    "EventTime": "2025-08-03T12:16:52",
    "Hostname": "DC01.corp.local",
    "EventType": "AUDIT_FAILURE",
    "EventID": 4634,
    "SourceName": "Microsoft-Windows-Security-Auditing",
    "Channel": "Security",
    "Message": "An account was logged off.\r\n\r\nAccount Name:\t\ttestuser\r\n"
  },
  {
    "EventTime": "2025-08-03T12:57:55",
    "Hostname": "DC01.corp.local",
    "EventType": "AUDIT_FAILURE",
    "EventID": 4625,
    "SourceName": "Microsoft-Windows-Security-Auditing",
    "Channel": "Security",
    "Message": "An account failed to log on.\r\n\r\nSubject:\r\n\tSecurity ID:\t\tS-1-0-0\r\n\tAccount Name:\t\t-\r\n\tAccount Domain:\t\t-\r\n\tLogon ID:\t\t0x0\r\n\r\nLogon Type:\t\t3\r\n\r\nAccount For Which Logon Failed:\r\n\tSecurity ID:\t\tS-1-0-0\r\n\tAccount Name:\t\tjsmith\r\n\tAccount Domain:\t\tCORP\r\n\r\nFailure Information:\r\n\tFailure Reason:\t\tUnknown user name or bad password.\r\n\tStatus:\t\t\t0xc000006d\r\n\tSub Status:\t\t0xc000006a\r\n\r\nNetwork Information:\r\n\tWorkstation Name:\tDC01\r\n\tSource Network Address:\t51.79.19.58\r\n\tSource Port:\t\t5335\r\n"
  },
  {
    "EventTime": "2025-08-03T12:40:42",
    "Hostname": "DC01.corp.local",
    "EventType": "AUDIT_SUCCESS",
    "EventID": 4624,
    "SourceName": "Microsoft-Windows-Security-Auditing",
    "Channel": "Security",
    "Message": "An account was successfully logged on.\r\n\r\nSubject:\r\n\tSecurity ID:\t\tS-1-5-21\r\n\tAccount Name:\t\ttestuser\r\n\tAccount Domain:\t\tCORP\r\n\tLogon ID:\t\t0x1234\r\n\r\nLogon Type:\t\t2\r\n\r\nNetwork Information:\r\n\tSource Network Address:\t45.79.0.12\r\n\tSource Port:\t\t35939\r\n"
  },
  {
    "EventTime": "2025-08-03T12:08:31",
    "Hostname": "DC01.corp.local",
    "EventType": "AUDIT_SUCCESS",
    "EventID": 4624,
    "SourceName": "Microsoft-Windows-Security-Auditing",
    "Channel": "Security",
    "Message": "An account was successfully logged on.\r\n\r\nSubject:\r\n\tSecurity ID:\t\tS-1-5-21\r\n\tAccount Name:\t\ttestuser\r\n\tAccount Domain:\t\tCORP\r\n\tLogon ID:\t\t0x1234\r\n\r\nLogon Type:\t\t2\r\n\r\nNetwork Information:\r\n\tSource Network Address:\t203.0.113.45\r\n\tSource Port:\t\t26094\r\n"
  },
  {
    "EventTime": "2025-08-03T12:20:07",
    "Hostname": "DC01.corp.local",
    "EventType": "AUDIT_FAILURE",
    "EventID": 4634,
    "SourceName": "Microsoft-Windows-Security-Auditing",
    "Channel": "Security",
    "Message": "An account was logged off.\r\n\r\nAccount Name:\t\tjsmith\r\n"
  },
  {
    "EventTime": "2025-08-03T12:40:40",
    "Hostname": "DC01.corp.local",
    "EventType": "AUDIT_SUCCESS",
    "EventID": 4624,
    "SourceName": "Microsoft-Windows-Security-Auditing",
    "Channel": "Security",
    "Message": "An account was successfully logged on.\r\n\r\nSubject:\r\n\tSecurity ID:\t\tS-1-5-21\r\n\tAccount Name:\t\tguest\r\n\tAccount Domain:\t\tCORP\r\n\tLogon ID:\t\t0x1234\r\n\r\nLogon Type:\t\t2\r\n\r\nNetwork Information:\r\n\tSource Network Address:\t203.0.113.45\r\n\tSource Port:\t\t46383\r\n"
  },
  {
    "EventTime": "2025-08-03T12:46:39",
    "Hostname": "DC01.corp.local",
    "EventType": "AUDIT_FAILURE",
    "EventID": 5140,
    "SourceName": "Microsoft-Windows-Security-Auditing",
    "Channel": "Security",
    "Message": "A network share object was accessed.\r\n\r\n\tSource Network Address:\t23.235.33.141\r\n"
  },
  {
    "EventTime": "2025-08-03T12:25:18",
    "Hostname": "DC01.corp.local",
    "EventType": "AUDIT_SUCCESS",
    "EventID": 4624,
    "SourceName": "Microsoft-Windows-Security-Auditing",
    "Channel": "Security",
    "Message": "An account was successfully logged on.\r\n\r\nSubject:\r\n\tSecurity ID:\t\tS-1-5-21\r\n\tAccount Name:\t\tguest\r\n\tAccount Domain:\t\tCORP\r\n\tLogon ID:\t\t0x1234\r\n\r\nLogon Type:\t\t2\r\n\r\nNetwork Information:\r\n\tSource Network Address:\t198.51.100.23\r\n\tSource Port:\t\t21151\r\n"
  },
  {
    "EventTime": "2025-08-03T12:55:29",
    "Hostname": "DC01.corp.local",
    "EventType": "AUDIT_FAILURE",
    "EventID": 4634,
    "SourceName": "Microsoft-Windows-Security-Auditing",
    "Channel": "Security",
    "Message": "An account was logged off.\r\n\r\nAccount Name:\t\thradmin\r\n"
  },
  {
    "EventTime": "2025-08-03T12:24:05",
    "Hostname": "DC01.corp.local",
    "EventType": "AUDIT_SUCCESS",
    "EventID": 4624,
    "SourceName": "Microsoft-Windows-Security-Auditing",
    "Channel": "Security",
    "Message": "An account was successfully logged on.\r\n\r\nSubject:\r\n\tSecurity ID:\t\tS-1-5-21\r\n\tAccount Name:\t\tjsmith\r\n\tAccount Domain:\t\tCORP\r\n\tLogon ID:\t\t0x1234\r\n\r\nLogon Type:\t\t2\r\n\r\nNetwork Information:\r\n\tSource Network Address:\t203.0.113.45\r\n\tSource Port:\t\t17843\r\n"
  },
  {
    "EventTime": "2025-08-03T12:04:48",
    "Hostname": "DC01.corp.local",
    "EventType": "AUDIT_FAILURE",
    "EventID": 4625,
    "SourceName": "Microsoft-Windows-Security-Auditing",
    "Channel": "Security",
    "Message": "An account failed to log on.\r\n\r\nSubject:\r\n\tSecurity ID:\t\tS-1-0-0\r\n\tAccount Name:\t\t-\r\n\tAccount Domain:\t\t-\r\n\tLogon ID:\t\t0x0\r\n\r\nLogon Type:\t\t3\r\n\r\nAccount For Which Logon Failed:\r\n\tSecurity ID:\t\tS-1-0-0\r\n\tAccount Name:\t\tuser1\r\n\tAccount Domain:\t\tCORP\r\n\r\nFailure Information:\r\n\tFailure Reason:\t\tUnknown user name or bad password.\r\n\tStatus:\t\t\t0xc000006d\r\n\tSub Status:\t\t0xc000006a\r\n\r\nNetwork Information:\r\n\tWorkstation Name:\tDC01\r\n\tSource Network Address:\t45.79.0.12\r\n\tSource Port:\t\t33816\r\n"
  },
  {
    "EventTime": "2025-08-03T12:40:22",
    "Hostname": "DC01.corp.local",
    "EventType": "AUDIT_SUCCESS",
    "EventID": 4624,
    "SourceName": "Microsoft-Windows-Security-Auditing",
    "Channel": "Security",
    "Message": "An account was successfully logged on.\r\n\r\nSubject:\r\n\tSecurity ID:\t\tS-1-5-21\r\n\tAccount Name:\t\tadmin\r\n\tAccount Domain:\t\tCORP\r\n\tLogon ID:\t\t0x1234\r\n\r\nLogon Type:\t\t2\r\n\r\nNetwork Information:\r\n\tSource Network Address:\t23.235.33.141\r\n\tSource Port:\t\t34975\r\n"
  },
  {
    "EventTime": "2025-08-03T12:03:55",
    "Hostname": "DC01.corp.local",
    "EventType": "AUDIT_SUCCESS",
    "EventID": 4624,
    "SourceName": "Microsoft-Windows-Security-Auditing",
    "Channel": "Security",
    "Message": "An account was successfully logged on.\r\n\r\nSubject:\r\n\tSecurity ID:\t\tS-1-5-21\r\n\tAccount Name:\t\tuser1\r\n\tAccount Domain:\t\tCORP\r\n\tLogon ID:\t\t0x1234\r\n\r\nLogon Type:\t\t2\r\n\r\nNetwork Information:\r\n\tSource Network Address:\t185.199.108.45\r\n\tSource Port:\t\t11622\r\n"
  },
  {
    "EventTime": "2025-08-03T12:44:09",
    "Hostname": "DC01.corp.local",
    "EventType": "AUDIT_SUCCESS",
    "EventID": 4624,
    "SourceName": "Microsoft-Windows-Security-Auditing",
    "Channel": "Security",
    "Message": "An account was successfully logged on.\r\n\r\nSubject:\r\n\tSecurity ID:\t\tS-1-5-21\r\n\tAccount Name:\t\thradmin\r\n\tAccount Domain:\t\tCORP\r\n\tLogon ID:\t\t0x1234\r\n\r\nLogon Type:\t\t2\r\n\r\nNetwork Information:\r\n\tSource Network Address:\t162.243.187.132\r\n\tSource Port:\t\t18569\r\n"
  },
  {
    "EventTime": "2025-08-03T12:07:52",
    "Hostname": "DC01.corp.local",
    "EventType": "AUDIT_SUCCESS",
    "EventID": 4624,
    "SourceName": "Microsoft-Windows-Security-Auditing",
    "Channel": "Security",
    "Message": "An account was successfully logged on.\r\n\r\nSubject:\r\n\tSecurity ID:\t\tS-1-5-21\r\n\tAccount Name:\t\thradmin\r\n\tAccount Domain:\t\tCORP\r\n\tLogon ID:\t\t0x1234\r\n\r\nLogon Type:\t\t2\r\n\r\nNetwork Information:\r\n\tSource Network Address:\t162.243.187.132\r\n\tSource Port:\t\t44793\r\n"
  },
  {
    "EventTime": "2025-08-03T12:40:57",
    "Hostname": "DC01.corp.local",
    "EventType": "AUDIT_FAILURE",
    "EventID": 5140,
    "SourceName": "Microsoft-Windows-Security-Auditing",
    "Channel": "Security",
    "Message": "A network share object was accessed.\r\n\r\n\tSource Network Address:\t162.243.187.132\r\n"
  },
  {
    "EventTime": "2025-08-03T12:35:02",
    "Hostname": "DC01.corp.local",
    "EventType": "AUDIT_FAILURE",
    "EventID": 4634,
    "SourceName": "Microsoft-Windows-Security-Auditing",
    "Channel": "Security",
    "Message": "An account was logged off.\r\n\r\nAccount Name:\t\tadministrator\r\n"
  },
  {
    "EventTime": "2025-08-03T12:19:04",
    "Hostname": "DC01.corp.local",
    "EventType": "AUDIT_SUCCESS",
    "EventID": 4624,
    "SourceName": "Microsoft-Windows-Security-Auditing",
    "Channel": "Security",
    "Message": "An account was successfully logged on.\r\n\r\nSubject:\r\n\tSecurity ID:\t\tS-1-5-21\r\n\tAccount Name:\t\tguest\r\n\tAccount Domain:\t\tCORP\r\n\tLogon ID:\t\t0x1234\r\n\r\nLogon Type:\t\t2\r\n\r\nNetwork Information:\r\n\tSource Network Address:\t203.0.113.45\r\n\tSource Port:\t\t11929\r\n"
  },
  {
    "EventTime": "2025-08-03T12:17:39",
    "Hostname": "DC01.corp.local",
    "EventType": "AUDIT_SUCCESS",
    "EventID": 4624,
    "SourceName": "Microsoft-Windows-Security-Auditing",
    "Channel": "Security",
    "Message": "An account was successfully logged on.\r\n\r\nSubject:\r\n\tSecurity ID:\t\tS-1-5-21\r\n\tAccount Name:\t\tjinny\r\n\tAccount Domain:\t\tCORP\r\n\tLogon ID:\t\t0x1234\r\n\r\nLogon Type:\t\t2\r\n\r\nNetwork Information:\r\n\tSource Network Address:\t104.244.42.1\r\n\tSource Port:\t\t15359\r\n"
  },
  {
    "EventTime": "2025-08-03T12:46:29",
    "Hostname": "DC01.corp.local",
    "EventType": "AUDIT_SUCCESS",
    "EventID": 4624,
    "SourceName": "Microsoft-Windows-Security-Auditing",
    "Channel": "Security",
    "Message": "An account was successfully logged on.\r\n\r\nSubject:\r\n\tSecurity ID:\t\tS-1-5-21\r\n\tAccount Name:\t\tadministrator\r\n\tAccount Domain:\t\tCORP\r\n\tLogon ID:\t\t0x1234\r\n\r\nLogon Type:\t\t2\r\n\r\nNetwork Information:\r\n\tSource Network Address:\t162.243.187.132\r\n\tSource Port:\t\t44259\r\n"
  },
  {
    "EventTime": "2025-08-03T12:23:09",
    "Hostname": "DC01.corp.local",
    "EventType": "AUDIT_SUCCESS",
    "EventID": 4624,
    "SourceName": "Microsoft-Windows-Security-Auditing",
    "Channel": "Security",
    "Message": "An account was successfully logged on.\r\n\r\nSubject:\r\n\tSecurity ID:\t\tS-1-5-21\r\n\tAccount Name:\t\tjsmith\r\n\tAccount Domain:\t\tCORP\r\n\tLogon ID:\t\t0x1234\r\n\r\nLogon Type:\t\t2\r\n\r\nNetwork Information:\r\n\tSource Network Address:\t8.8.8.8\r\n\tSource Port:\t\t50264\r\n"
  },
  {
    "EventTime": "2025-08-03T12:07:44",
    "Hostname": "DC01.corp.local",
    "EventType": "AUDIT_SUCCESS",
    "EventID": 4624,
    "SourceName": "Microsoft-Windows-Security-Auditing",
    "Channel": "Security",
    "Message": "An account was successfully logged on.\r\n\r\nSubject:\r\n\tSecurity ID:\t\tS-1-5-21\r\n\tAccount Name:\t\tadministrator\r\n\tAccount Domain:\t\tCORP\r\n\tLogon ID:\t\t0x1234\r\n\r\nLogon Type:\t\t2\r\n\r\nNetwork Information:\r\n\tSource Network Address:\t185.199.108.45\r\n\tSource Port:\t\t16883\r\n"
  },
  {
    "EventTime": "2025-08-03T12:47:41",
    "Hostname": "DC01.corp.local",
    "EventType": "AUDIT_FAILURE",
    "EventID": 4634,
    "SourceName": "Microsoft-Windows-Security-Auditing",
    "Channel": "Security",
    "Message": "An account was logged off.\r\n\r\nAccount Name:\t\tadministrator\r\n"
  },
  {
    "EventTime": "2025-08-03T12:17:35",
    "Hostname": "DC01.corp.local",
    "EventType": "AUDIT_FAILURE",
    "EventID": 5140,
    "SourceName": "Microsoft-Windows-Security-Auditing",
    "Channel": "Security",
    "Message": "A network share object was accessed.\r\n\r\n\tSource Network Address:\t51.79.19.58\r\n"
  },
  {
    "EventTime": "2025-08-03T12:48:07",
    "Hostname": "DC01.corp.local",
    "EventType": "AUDIT_FAILURE",
    "EventID": 4625,
    "SourceName": "Microsoft-Windows-Security-Auditing",
    "Channel": "Security",
    "Message": "An account failed to log on.\r\n\r\nSubject:\r\n\tSecurity ID:\t\tS-1-0-0\r\n\tAccount Name:\t\t-\r\n\tAccount Domain:\t\t-\r\n\tLogon ID:\t\t0x0\r\n\r\nLogon Type:\t\t3\r\n\r\nAccount For Which Logon Failed:\r\n\tSecurity ID:\t\tS-1-0-0\r\n\tAccount Name:\t\tjinny\r\n\tAccount Domain:\t\tCORP\r\n\r\nFailure Information:\r\n\tFailure Reason:\t\tUnknown user name or bad password.\r\n\tStatus:\t\t\t0xc000006d\r\n\tSub Status:\t\t0xc000006a\r\n\r\nNetwork Information:\r\n\tWorkstation Name:\tDC01\r\n\tSource Network Address:\t45.33.32.156\r\n\tSource Port:\t\t15258\r\n"
  },
  {
    "EventTime": "2025-08-03T12:36:51",
    "Hostname": "DC01.corp.local",
    "EventType": "AUDIT_FAILURE",
    "EventID": 4625,
    "SourceName": "Microsoft-Windows-Security-Auditing",
    "Channel": "Security",
    "Message": "An account failed to log on.\r\n\r\nSubject:\r\n\tSecurity ID:\t\tS-1-0-0\r\n\tAccount Name:\t\t-\r\n\tAccount Domain:\t\t-\r\n\tLogon ID:\t\t0x0\r\n\r\nLogon Type:\t\t3\r\n\r\nAccount For Which Logon Failed:\r\n\tSecurity ID:\t\tS-1-0-0\r\n\tAccount Name:\t\ttestuser\r\n\tAccount Domain:\t\tCORP\r\n\r\nFailure Information:\r\n\tFailure Reason:\t\tUnknown user name or bad password.\r\n\tStatus:\t\t\t0xc000006d\r\n\tSub Status:\t\t0xc000006a\r\n\r\nNetwork Information:\r\n\tWorkstation Name:\tDC01\r\n\tSource Network Address:\t203.0.113.76\r\n\tSource Port:\t\t9064\r\n"
  },
  {
    "EventTime": "2025-08-03T12:39:25",
    "Hostname": "DC01.corp.local",
    "EventType": "AUDIT_FAILURE",
    "EventID": 4634,
    "SourceName": "Microsoft-Windows-Security-Auditing",
    "Channel": "Security",
    "Message": "An account was logged off.\r\n\r\nAccount Name:\t\tjsmith\r\n"
  },
  {
    "EventTime": "2025-08-03T12:14:14",
    "Hostname": "DC01.corp.local",
    "EventType": "AUDIT_SUCCESS",
    "EventID": 4624,
    "SourceName": "Microsoft-Windows-Security-Auditing",
    "Channel": "Security",
    "Message": "An account was successfully logged on.\r\n\r\nSubject:\r\n\tSecurity ID:\t\tS-1-5-21\r\n\tAccount Name:\t\tjinny\r\n\tAccount Domain:\t\tCORP\r\n\tLogon ID:\t\t0x1234\r\n\r\nLogon Type:\t\t2\r\n\r\nNetwork Information:\r\n\tSource Network Address:\t203.0.113.45\r\n\tSource Port:\t\t51507\r\n"
  },
  {
    "EventTime": "2025-08-03T12:53:59",
    "Hostname": "DC01.corp.local",
    "EventType": "AUDIT_FAILURE",
    "EventID": 4625,
    "SourceName": "Microsoft-Windows-Security-Auditing",
    "Channel": "Security",
    "Message": "An account failed to log on.\r\n\r\nSubject:\r\n\tSecurity ID:\t\tS-1-0-0\r\n\tAccount Name:\t\t-\r\n\tAccount Domain:\t\t-\r\n\tLogon ID:\t\t0x0\r\n\r\nLogon Type:\t\t3\r\n\r\nAccount For Which Logon Failed:\r\n\tSecurity ID:\t\tS-1-0-0\r\n\tAccount Name:\t\ttestuser\r\n\tAccount Domain:\t\tCORP\r\n\r\nFailure Information:\r\n\tFailure Reason:\t\tUnknown user name or bad password.\r\n\tStatus:\t\t\t0xc000006d\r\n\tSub Status:\t\t0xc000006a\r\n\r\nNetwork Information:\r\n\tWorkstation Name:\tDC01\r\n\tSource Network Address:\t104.244.42.1\r\n\tSource Port:\t\t55758\r\n"
  },
  {
    "EventTime": "2025-08-03T12:26:10",
    "Hostname": "DC01.corp.local",
    "EventType": "AUDIT_FAILURE",
    "EventID": 5140,
    "SourceName": "Microsoft-Windows-Security-Auditing",
    "Channel": "Security",
    "Message": "A network share object was accessed.\r\n\r\n\tSource Network Address:\t198.51.100.23\r\n"
  },
  {
    "EventTime": "2025-08-03T12:15:33",
    "Hostname": "DC01.corp.local",
    "EventType": "AUDIT_FAILURE",
    "EventID": 4634,
    "SourceName": "Microsoft-Windows-Security-Auditing",
    "Channel": "Security",
    "Message": "An account was logged off.\r\n\r\nAccount Name:\t\tuser1\r\n"
  },
  {
    "EventTime": "2025-08-03T12:41:15",
    "Hostname": "DC01.corp.local",
    "EventType": "AUDIT_FAILURE",
    "EventID": 4625,
    "SourceName": "Microsoft-Windows-Security-Auditing",
    "Channel": "Security",
    "Message": "An account failed to log on.\r\n\r\nSubject:\r\n\tSecurity ID:\t\tS-1-0-0\r\n\tAccount Name:\t\t-\r\n\tAccount Domain:\t\t-\r\n\tLogon ID:\t\t0x0\r\n\r\nLogon Type:\t\t3\r\n\r\nAccount For Which Logon Failed:\r\n\tSecurity ID:\t\tS-1-0-0\r\n\tAccount Name:\t\thradmin\r\n\tAccount Domain:\t\tCORP\r\n\r\nFailure Information:\r\n\tFailure Reason:\t\tUnknown user name or bad password.\r\n\tStatus:\t\t\t0xc000006d\r\n\tSub Status:\t\t0xc000006a\r\n\r\nNetwork Information:\r\n\tWorkstation Name:\tDC01\r\n\tSource Network Address:\t8.8.8.8\r\n\tSource Port:\t\t20827\r\n"
  },
