  {
    "EventTime": "2025-08-03T12:47:41",
    "Hostname": "DC01.corp.local",
    "EventType": "AUDIT_SUCCESS",
    "EventID": 4624,
    "SourceName": "Microsoft-Windows-Security-Auditing",
    "Channel": "Security",
    "Message": "An account was successfully logged on.\r\n\r\nSubject:\r\n\tSecurity ID:\t\tS-1-5-21\r\n\tAccount Name:\t\ttestuser\r\n\tAccount Domain:\t\tCORP\r\n\tLogon ID:\t\t0x1234\r\n\r\nLogon Type:\t\t2\r\n\r\nNetwork Information:\r\n\tSource Network Address:\t104.244.42.1\r\n\tSource Port:\t\t48173\r\n"
  },
  {
    "EventTime": "2025-08-03T12:11:26",
    "Hostname": "DC01.corp.local",
    "EventType": "AUDIT_FAILURE",
    "EventID": 4625,
    "SourceName": "Microsoft-Windows-Security-Auditing",
    "Channel": "Security",
    "Message": "An account failed to log on.\r\n\r\nSubject:\r\n\tSecurity ID:\t\tS-1-0-0\r\n\tAccount Name:\t\t-\r\n\tAccount Domain:\t\t-\r\n\tLogon ID:\t\t0x0\r\n\r\nLogon Type:\t\t3\r\n\r\nAccount For Which Logon Failed:\r\n\tSecurity ID:\t\tS-1-0-0\r\n\tAccount Name:\t\tjinny\r\n\tAccount Domain:\t\tCORP\r\n\r\nFailure Information:\r\n\tFailure Reason:\t\tUnknown user name or bad password.\r\n\tStatus:\t\t\t0xc000006d\r\n\tSub Status:\t\t0xc000006a\r\n\r\nNetwork Information:\r\n\tWorkstation Name:\tDC01\r\n\tSource Network Address:\t45.79.0.12\r\n\tSource Port:\t\t58209\r\n"
  },
  {
    "EventTime": "2025-08-03T12:03:29",
    "Hostname": "DC01.corp.local",
    "EventType": "AUDIT_SUCCESS",
    "EventID": 4624,
    "SourceName": "Microsoft-Windows-Security-Auditing",
    "Channel": "Security",
    "Message": "An account was successfully logged on.\r\n\r\nSubject:\r\n\tSecurity ID:\t\tS-1-5-21\r\n\tAccount Name:\t\tadministrator\r\n\tAccount Domain:\t\tCORP\r\n\tLogon ID:\t\t0x1234\r\n\r\nLogon Type:\t\t2\r\n\r\nNetwork Information:\r\n\tSource Network Address:\t203.0.113.76\r\n\tSource Port:\t\t11275\r\n"
  },
  {
    "EventTime": "2025-08-03T12:25:44",
    "Hostname": "DC01.corp.local",
    "EventType": "AUDIT_SUCCESS",
    "EventID": 4624,
    "SourceName": "Microsoft-Windows-Security-Auditing",
    "Channel": "Security",
    "Message": "An account was successfully logged on.\r\n\r\nSubject:\r\n\tSecurity ID:\t\tS-1-5-21\r\n\tAccount Name:\t\tadministrator\r\n\tAccount Domain:\t\tCORP\r\n\tLogon ID:\t\t0x1234\r\n\r\nLogon Type:\t\t2\r\n\r\nNetwork Information:\r\n\tSource Network Address:\t104.244.42.1\r\n\tSource Port:\t\t32236\r\n"
  },
  {
    "EventTime": "2025-08-03T12:43:54",
    "Hostname": "DC01.corp.local",
    "EventType": "AUDIT_SUCCESS",
    "EventID": 4624,
    "SourceName": "Microsoft-Windows-Security-Auditing",
    "Channel": "Security",
    "Message": "An account was successfully logged on.\r\n\r\nSubject:\r\n\tSecurity ID:\t\tS-1-5-21\r\n\tAccount Name:\t\tadministrator\r\n\tAccount Domain:\t\tCORP\r\n\tLogon ID:\t\t0x1234\r\n\r\nLogon Type:\t\t2\r\n\r\nNetwork Information:\r\n\tSource Network Address:\t23.235.33.141\r\n\tSource Port:\t\t45154\r\n"
  },
  {
    "EventTime": "2025-08-03T12:54:41",
    "Hostname": "DC01.corp.local",
    "EventType": "AUDIT_SUCCESS",
    "EventID": 4624,
    "SourceName": "Microsoft-Windows-Security-Auditing",
    "Channel": "Security",
    "Message": "An account was successfully logged on.\r\n\r\nSubject:\r\n\tSecurity ID:\t\tS-1-5-21\r\n\tAccount Name:\t\tguest\r\n\tAccount Domain:\t\tCORP\r\n\tLogon ID:\t\t0x1234\r\n\r\nLogon Type:\t\t2\r\n\r\nNetwork Information:\r\n\tSource Network Address:\t198.51.100.23\r\n\tSource Port:\t\t14086\r\n"
  },
  {
    "EventTime": "2025-08-03T12:58:50",
    "Hostname": "DC01.corp.local",
    "EventType": "AUDIT_FAILURE",
    "EventID": 4625,
    "SourceName": "Microsoft-Windows-Security-Auditing",
    "Channel": "Security",
    "Message": "An account failed to log on.\r\n\r\nSubject:\r\n\tSecurity ID:\t\tS-1-0-0\r\n\tAccount Name:\t\t-\r\n\tAccount Domain:\t\t-\r\n\tLogon ID:\t\t0x0\r\n\r\nLogon Type:\t\t3\r\n\r\nAccount For Which Logon Failed:\r\n\tSecurity ID:\t\tS-1-0-0\r\n\tAccount Name:\t\tjinny\r\n\tAccount Domain:\t\tCORP\r\n\r\nFailure Information:\r\n\tFailure Reason:\t\tUnknown user name or bad password.\r\n\tStatus:\t\t\t0xc000006d\r\n\tSub Status:\t\t0xc000006a\r\n\r\nNetwork Information:\r\n\tWorkstation Name:\tDC01\r\n\tSource Network Address:\t203.0.113.45\r\n\tSource Port:\t\t12558\r\n"
  },
  {
    "EventTime": "2025-08-03T12:01:15",
    "Hostname": "DC01.corp.local",
    "EventType": "AUDIT_FAILURE",
    "EventID": 4648,
    "SourceName": "Microsoft-Windows-Security-Auditing",
    "Channel": "Security",
    "Message": "A logon was attempted using explicit credentials.\r\n\r\nAccount Name:\t\tadmin\r\n\tNetwork Address:\t45.33.32.156\r\n\tPort:\t\t48155\r\n"
  },
  {
    "EventTime": "2025-08-03T12:24:23",
    "Hostname": "DC01.corp.local",
    "EventType": "AUDIT_SUCCESS",
    "EventID": 4624,
    "SourceName": "Microsoft-Windows-Security-Auditing",
    "Channel": "Security",
    "Message": "An account was successfully logged on.\r\n\r\nSubject:\r\n\tSecurity ID:\t\tS-1-5-21\r\n\tAccount Name:\t\ttestuser\r\n\tAccount Domain:\t\tCORP\r\n\tLogon ID:\t\t0x1234\r\n\r\nLogon Type:\t\t2\r\n\r\nNetwork Information:\r\n\tSource Network Address:\t45.33.32.156\r\n\tSource Port:\t\t37920\r\n"
  },
  {
    "EventTime": "2025-08-03T12:00:48",
    "Hostname": "DC01.corp.local",
    "EventType": "AUDIT_SUCCESS",
    "EventID": 4624,
    "SourceName": "Microsoft-Windows-Security-Auditing",
    "Channel": "Security",
    "Message": "An account was successfully logged on.\r\n\r\nSubject:\r\n\tSecurity ID:\t\tS-1-5-21\r\n\tAccount Name:\t\tjinny\r\n\tAccount Domain:\t\tCORP\r\n\tLogon ID:\t\t0x1234\r\n\r\nLogon Type:\t\t2\r\n\r\nNetwork Information:\r\n\tSource Network Address:\t8.8.8.8\r\n\tSource Port:\t\t36492\r\n"
  },
  {
    "EventTime": "2025-08-03T12:04:24",
    "Hostname": "DC01.corp.local",
    "EventType": "AUDIT_SUCCESS",
    "EventID": 4624,
    "SourceName": "Microsoft-Windows-Security-Auditing",
    "Channel": "Security",
    "Message": "An account was successfully logged on.\r\n\r\nSubject:\r\n\tSecurity ID:\t\tS-1-5-21\r\n\tAccount Name:\t\tuser1\r\n\tAccount Domain:\t\tCORP\r\n\tLogon ID:\t\t0x1234\r\n\r\nLogon Type:\t\t2\r\n\r\nNetwork Information:\r\n\tSource Network Address:\t185.199.108.45\r\n\tSource Port:\t\t19560\r\n"
  },
  {
    "EventTime": "2025-08-03T12:47:11",
    "Hostname": "DC01.corp.local",
    "EventType": "AUDIT_FAILURE",
    "EventID": 4625,
    "SourceName": "Microsoft-Windows-Security-Auditing",
    "Channel": "Security",
    "Message": "An account failed to log on.\r\n\r\nSubject:\r\n\tSecurity ID:\t\tS-1-0-0\r\n\tAccount Name:\t\t-\r\n\tAccount Domain:\t\t-\r\n\tLogon ID:\t\t0x0\r\n\r\nLogon Type:\t\t3\r\n\r\nAccount For Which Logon Failed:\r\n\tSecurity ID:\t\tS-1-0-0\r\n\tAccount Name:\t\thradmin\r\n\tAccount Domain:\t\tCORP\r\n\r\nFailure Information:\r\n\tFailure Reason:\t\tUnknown user name or bad password.\r\n\tStatus:\t\t\t0xc000006d\r\n\tSub Status:\t\t0xc000006a\r\n\r\nNetwork Information:\r\n\tWorkstation Name:\tDC01\r\n\tSource Network Address:\t45.79.0.12\r\n\tSource Port:\t\t57697\r\n"
  },
  {
    "EventTime": "2025-08-03T12:28:10",
    "Hostname": "DC01.corp.local",
    "EventType": "AUDIT_FAILURE",
    "EventID": 4625,
    "SourceName": "Microsoft-Windows-Security-Auditing",
    "Channel": "Security",
    "Message": "An account failed to log on.\r\n\r\nSubject:\r\n\tSecurity ID:\t\tS-1-0-0\r\n\tAccount Name:\t\t-\r\n\tAccount Domain:\t\t-\r\n\tLogon ID:\t\t0x0\r\n\r\nLogon Type:\t\t3\r\n\r\nAccount For Which Logon Failed:\r\n\tSecurity ID:\t\tS-1-0-0\r\n\tAccount Name:\t\tguest\r\n\tAccount Domain:\t\tCORP\r\n\r\nFailure Information:\r\n\tFailure Reason:\t\tUnknown user name or bad password.\r\n\tStatus:\t\t\t0xc000006d\r\n\tSub Status:\t\t0xc000006a\r\n\r\nNetwork Information:\r\n\tWorkstation Name:\tDC01\r\n\tSource Network Address:\t198.51.100.23\r\n\tSource Port:\t\t19174\r\n"
  },
  {
    "EventTime": "2025-08-03T12:26:01",
    "Hostname": "DC01.corp.local",
    "EventType": "AUDIT_FAILURE",
    "EventID": 4625,
    "SourceName": "Microsoft-Windows-Security-Auditing",
    "Channel": "Security",
    "Message": "An account failed to log on.\r\n\r\nSubject:\r\n\tSecurity ID:\t\tS-1-0-0\r\n\tAccount Name:\t\t-\r\n\tAccount Domain:\t\t-\r\n\tLogon ID:\t\t0x0\r\n\r\nLogon Type:\t\t3\r\n\r\nAccount For Which Logon Failed:\r\n\tSecurity ID:\t\tS-1-0-0\r\n\tAccount Name:\t\thradmin\r\n\tAccount Domain:\t\tCORP\r\n\r\nFailure Information:\r\n\tFailure Reason:\t\tUnknown user name or bad password.\r\n\tStatus:\t\t\t0xc000006d\r\n\tSub Status:\t\t0xc000006a\r\n\r\nNetwork Information:\r\n\tWorkstation Name:\tDC01\r\n\tSource Network Address:\t198.51.100.23\r\n\tSource Port:\t\t13805\r\n"
  },
  {
    "EventTime": "2025-08-03T12:16:35",
    "Hostname": "DC01.corp.local",
    "EventType": "AUDIT_FAILURE",
    "EventID": 4625,
    "SourceName": "Microsoft-Windows-Security-Auditing",
    "Channel": "Security",
    "Message": "An account failed to log on.\r\n\r\nSubject:\r\n\tSecurity ID:\t\tS-1-0-0\r\n\tAccount Name:\t\t-\r\n\tAccount Domain:\t\t-\r\n\tLogon ID:\t\t0x0\r\n\r\nLogon Type:\t\t3\r\n\r\nAccount For Which Logon Failed:\r\n\tSecurity ID:\t\tS-1-0-0\r\n\tAccount Name:\t\tuser1\r\n\tAccount Domain:\t\tCORP\r\n\r\nFailure Information:\r\n\tFailure Reason:\t\tUnknown user name or bad password.\r\n\tStatus:\t\t\t0xc000006d\r\n\tSub Status:\t\t0xc000006a\r\n\r\nNetwork Information:\r\n\tWorkstation Name:\tDC01\r\n\tSource Network Address:\t104.244.42.1\r\n\tSource Port:\t\t2632\r\n"
  },
  {
    "EventTime": "2025-08-03T12:53:31",
    "Hostname": "DC01.corp.local",
    "EventType": "AUDIT_FAILURE",
    "EventID": 4625,
    "SourceName": "Microsoft-Windows-Security-Auditing",
    "Channel": "Security",
    "Message": "An account failed to log on.\r\n\r\nSubject:\r\n\tSecurity ID:\t\tS-1-0-0\r\n\tAccount Name:\t\t-\r\n\tAccount Domain:\t\t-\r\n\tLogon ID:\t\t0x0\r\n\r\nLogon Type:\t\t3\r\n\r\nAccount For Which Logon Failed:\r\n\tSecurity ID:\t\tS-1-0-0\r\n\tAccount Name:\t\tuser1\r\n\tAccount Domain:\t\tCORP\r\n\r\nFailure Information:\r\n\tFailure Reason:\t\tUnknown user name or bad password.\r\n\tStatus:\t\t\t0xc000006d\r\n\tSub Status:\t\t0xc000006a\r\n\r\nNetwork Information:\r\n\tWorkstation Name:\tDC01\r\n\tSource Network Address:\t203.0.113.45\r\n\tSource Port:\t\t36759\r\n"
  },
  {
    "EventTime": "2025-08-03T12:16:40",
    "Hostname": "DC01.corp.local",
    "EventType": "AUDIT_SUCCESS",
    "EventID": 4624,
    "SourceName": "Microsoft-Windows-Security-Auditing",
    "Channel": "Security",
    "Message": "An account was successfully logged on.\r\n\r\nSubject:\r\n\tSecurity ID:\t\tS-1-5-21\r\n\tAccount Name:\t\tguest\r\n\tAccount Domain:\t\tCORP\r\n\tLogon ID:\t\t0x1234\r\n\r\nLogon Type:\t\t2\r\n\r\nNetwork Information:\r\n\tSource Network Address:\t185.199.108.45\r\n\tSource Port:\t\t54410\r\n"
  },
  {
    "EventTime": "2025-08-03T12:10:45",
    "Hostname": "DC01.corp.local",
    "EventType": "AUDIT_SUCCESS",
    "EventID": 4624,
    "SourceName": "Microsoft-Windows-Security-Auditing",
    "Channel": "Security",
    "Message": "An account was successfully logged on.\r\n\r\nSubject:\r\n\tSecurity ID:\t\tS-1-5-21\r\n\tAccount Name:\t\tguest\r\n\tAccount Domain:\t\tCORP\r\n\tLogon ID:\t\t0x1234\r\n\r\nLogon Type:\t\t2\r\n\r\nNetwork Information:\r\n\tSource Network Address:\t45.33.32.156\r\n\tSource Port:\t\t59626\r\n"
  },
  {
    "EventTime": "2025-08-03T12:10:29",
    "Hostname": "DC01.corp.local",
    "EventType": "AUDIT_FAILURE",
    "EventID": 4625,
    "SourceName": "Microsoft-Windows-Security-Auditing",
    "Channel": "Security",
    "Message": "An account failed to log on.\r\n\r\nSubject:\r\n\tSecurity ID:\t\tS-1-0-0\r\n\tAccount Name:\t\t-\r\n\tAccount Domain:\t\t-\r\n\tLogon ID:\t\t0x0\r\n\r\nLogon Type:\t\t3\r\n\r\nAccount For Which Logon Failed:\r\n\tSecurity ID:\t\tS-1-0-0\r\n\tAccount Name:\t\ttestuser\r\n\tAccount Domain:\t\tCORP\r\n\r\nFailure Information:\r\n\tFailure Reason:\t\tUnknown user name or bad password.\r\n\tStatus:\t\t\t0xc000006d\r\n\tSub Status:\t\t0xc000006a\r\n\r\nNetwork Information:\r\n\tWorkstation Name:\tDC01\r\n\tSource Network Address:\t185.199.108.45\r\n\tSource Port:\t\t5425\r\n"
  },
  {
    "EventTime": "2025-08-03T12:58:00",
    "Hostname": "DC01.corp.local",
    "EventType": "AUDIT_FAILURE",
    "EventID": 4648,
    "SourceName": "Microsoft-Windows-Security-Auditing",
    "Channel": "Security",
    "Message": "A logon was attempted using explicit credentials.\r\n\r\nAccount Name:\t\tjinny\r\n\tNetwork Address:\t203.0.113.76\r\n\tPort:\t\t44975\r\n"
  },
  {
    "EventTime": "2025-08-03T12:22:23",
    "Hostname": "DC01.corp.local",
    "EventType": "AUDIT_SUCCESS",
    "EventID": 4624,
    "SourceName": "Microsoft-Windows-Security-Auditing",
    "Channel": "Security",
    "Message": "An account was successfully logged on.\r\n\r\nSubject:\r\n\tSecurity ID:\t\tS-1-5-21\r\n\tAccount Name:\t\tadmin\r\n\tAccount Domain:\t\tCORP\r\n\tLogon ID:\t\t0x1234\r\n\r\nLogon Type:\t\t2\r\n\r\nNetwork Information:\r\n\tSource Network Address:\t8.8.8.8\r\n\tSource Port:\t\t7356\r\n"
  },
  {
    "EventTime": "2025-08-03T12:23:13",
    "Hostname": "DC01.corp.local",
    "EventType": "AUDIT_FAILURE",
    "EventID": 4625,
    "SourceName": "Microsoft-Windows-Security-Auditing",
    "Channel": "Security",
    "Message": "An account failed to log on.\r\n\r\nSubject:\r\n\tSecurity ID:\t\tS-1-0-0\r\n\tAccount Name:\t\t-\r\n\tAccount Domain:\t\t-\r\n\tLogon ID:\t\t0x0\r\n\r\nLogon Type:\t\t3\r\n\r\nAccount For Which Logon Failed:\r\n\tSecurity ID:\t\tS-1-0-0\r\n\tAccount Name:\t\tadministrator\r\n\tAccount Domain:\t\tCORP\r\n\r\nFailure Information:\r\n\tFailure Reason:\t\tUnknown user name or bad password.\r\n\tStatus:\t\t\t0xc000006d\r\n\tSub Status:\t\t0xc000006a\r\n\r\nNetwork Information:\r\n\tWorkstation Name:\tDC01\r\n\tSource Network Address:\t185.199.108.45\r\n\tSource Port:\t\t43187\r\n"
  },
  {
    "EventTime": "2025-08-03T12:39:48",
    "Hostname": "DC01.corp.local",
    "EventType": "AUDIT_FAILURE",
    "EventID": 4634,
    "SourceName": "Microsoft-Windows-Security-Auditing",
    "Channel": "Security",
    "Message": "An account was logged off.\r\n\r\nAccount Name:\t\ttestuser\r\n"
  },
  {
    "EventTime": "2025-08-03T12:28:20",
    "Hostname": "DC01.corp.local",
    "EventType": "AUDIT_FAILURE",
    "EventID": 4625,
    "SourceName": "Microsoft-Windows-Security-Auditing",
    "Channel": "Security",
    "Message": "An account failed to log on.\r\n\r\nSubject:\r\n\tSecurity ID:\t\tS-1-0-0\r\n\tAccount Name:\t\t-\r\n\tAccount Domain:\t\t-\r\n\tLogon ID:\t\t0x0\r\n\r\nLogon Type:\t\t3\r\n\r\nAccount For Which Logon Failed:\r\n\tSecurity ID:\t\tS-1-0-0\r\n\tAccount Name:\t\tjinny\r\n\tAccount Domain:\t\tCORP\r\n\r\nFailure Information:\r\n\tFailure Reason:\t\tUnknown user name or bad password.\r\n\tStatus:\t\t\t0xc000006d\r\n\tSub Status:\t\t0xc000006a\r\n\r\nNetwork Information:\r\n\tWorkstation Name:\tDC01\r\n\tSource Network Address:\t162.243.187.132\r\n\tSource Port:\t\t7282\r\n"
  },
  {
    "EventTime": "2025-08-03T12:59:45",
    "Hostname": "DC01.corp.local",
    "EventType": "AUDIT_FAILURE",
    "EventID": 5140,
    "SourceName": "Microsoft-Windows-Security-Auditing",
    "Channel": "Security",
    "Message": "A network share object was accessed.\r\n\r\n\tSource Network Address:\t51.79.19.58\r\n"
  },
  {
    "EventTime": "2025-08-03T12:57:21",
    "Hostname": "DC01.corp.local",
    "EventType": "AUDIT_SUCCESS",
    "EventID": 4624,
    "SourceName": "Microsoft-Windows-Security-Auditing",
    "Channel": "Security",
    "Message": "An account was successfully logged on.\r\n\r\nSubject:\r\n\tSecurity ID:\t\tS-1-5-21\r\n\tAccount Name:\t\ttestuser\r\n\tAccount Domain:\t\tCORP\r\n\tLogon ID:\t\t0x1234\r\n\r\nLogon Type:\t\t2\r\n\r\nNetwork Information:\r\n\tSource Network Address:\t45.79.0.12\r\n\tSource Port:\t\t62824\r\n"
  },
  {
    "EventTime": "2025-08-03T12:18:38",
    "Hostname": "DC01.corp.local",
    "EventType": "AUDIT_SUCCESS",
    "EventID": 4624,
    "SourceName": "Microsoft-Windows-Security-Auditing",
    "Channel": "Security",
    "Message": "An account was successfully logged on.\r\n\r\nSubject:\r\n\tSecurity ID:\t\tS-1-5-21\r\n\tAccount Name:\t\tuser1\r\n\tAccount Domain:\t\tCORP\r\n\tLogon ID:\t\t0x1234\r\n\r\nLogon Type:\t\t2\r\n\r\nNetwork Information:\r\n\tSource Network Address:\t104.244.42.1\r\n\tSource Port:\t\t19942\r\n"
  },
  {
    "EventTime": "2025-08-03T12:31:24",
    "Hostname": "DC01.corp.local",
    "EventType": "AUDIT_FAILURE",
    "EventID": 4634,
    "SourceName": "Microsoft-Windows-Security-Auditing",
    "Channel": "Security",
    "Message": "An account was logged off.\r\n\r\nAccount Name:\t\tuser1\r\n"
  },
  {
    "EventTime": "2025-08-03T12:13:42",
    "Hostname": "DC01.corp.local",
    "EventType": "AUDIT_SUCCESS",
    "EventID": 4624,
    "SourceName": "Microsoft-Windows-Security-Auditing",
    "Channel": "Security",
    "Message": "An account was successfully logged on.\r\n\r\nSubject:\r\n\tSecurity ID:\t\tS-1-5-21\r\n\tAccount Name:\t\tadmin\r\n\tAccount Domain:\t\tCORP\r\n\tLogon ID:\t\t0x1234\r\n\r\nLogon Type:\t\t2\r\n\r\nNetwork Information:\r\n\tSource Network Address:\t51.79.19.58\r\n\tSource Port:\t\t24961\r\n"
  },
  {
    "EventTime": "2025-08-03T12:07:31",
    "Hostname": "DC01.corp.local",
    "EventType": "AUDIT_FAILURE",
    "EventID": 4634,
    "SourceName": "Microsoft-Windows-Security-Auditing",
    "Channel": "Security",
    "Message": "An account was logged off.\r\n\r\nAccount Name:\t\tjsmith\r\n"
  },
  {
    "EventTime": "2025-08-03T12:11:18",
    "Hostname": "DC01.corp.local",
    "EventType": "AUDIT_FAILURE",
    "EventID": 4648,
    "SourceName": "Microsoft-Windows-Security-Auditing",
    "Channel": "Security",
    "Message": "A logon was attempted using explicit credentials.\r\n\r\nAccount Name:\t\tjinny\r\n\tNetwork Address:\t203.0.113.45\r\n\tPort:\t\t61404\r\n"
  },
  {
    "EventTime": "2025-08-03T12:07:51",
    "Hostname": "DC01.corp.local",
    "EventType": "AUDIT_FAILURE",
    "EventID": 4625,
    "SourceName": "Microsoft-Windows-Security-Auditing",
    "Channel": "Security",
    "Message": "An account failed to log on.\r\n\r\nSubject:\r\n\tSecurity ID:\t\tS-1-0-0\r\n\tAccount Name:\t\t-\r\n\tAccount Domain:\t\t-\r\n\tLogon ID:\t\t0x0\r\n\r\nLogon Type:\t\t3\r\n\r\nAccount For Which Logon Failed:\r\n\tSecurity ID:\t\tS-1-0-0\r\n\tAccount Name:\t\ttestuser\r\n\tAccount Domain:\t\tCORP\r\n\r\nFailure Information:\r\n\tFailure Reason:\t\tUnknown user name or bad password.\r\n\tStatus:\t\t\t0xc000006d\r\n\tSub Status:\t\t0xc000006a\r\n\r\nNetwork Information:\r\n\tWorkstation Name:\tDC01\r\n\tSource Network Address:\t45.79.0.12\r\n\tSource Port:\t\t23102\r\n"
  },
  {
    "EventTime": "2025-08-03T12:52:29",
    "Hostname": "DC01.corp.local",
    "EventType": "AUDIT_FAILURE",
    "EventID": 4625,
    "SourceName": "Microsoft-Windows-Security-Auditing",
    "Channel": "Security",
    "Message": "An account failed to log on.\r\n\r\nSubject:\r\n\tSecurity ID:\t\tS-1-0-0\r\n\tAccount Name:\t\t-\r\n\tAccount Domain:\t\t-\r\n\tLogon ID:\t\t0x0\r\n\r\nLogon Type:\t\t3\r\n\r\nAccount For Which Logon Failed:\r\n\tSecurity ID:\t\tS-1-0-0\r\n\tAccount Name:\t\tuser1\r\n\tAccount Domain:\t\tCORP\r\n\r\nFailure Information:\r\n\tFailure Reason:\t\tUnknown user name or bad password.\r\n\tStatus:\t\t\t0xc000006d\r\n\tSub Status:\t\t0xc000006a\r\n\r\nNetwork Information:\r\n\tWorkstation Name:\tDC01\r\n\tSource Network Address:\t203.0.113.76\r\n\tSource Port:\t\t25144\r\n"
  },
  {
    "EventTime": "2025-08-03T12:53:06",
    "Hostname": "DC01.corp.local",
    "EventType": "AUDIT_FAILURE",
    "EventID": 4625,
    "SourceName": "Microsoft-Windows-Security-Auditing",
    "Channel": "Security",
    "Message": "An account failed to log on.\r\n\r\nSubject:\r\n\tSecurity ID:\t\tS-1-0-0\r\n\tAccount Name:\t\t-\r\n\tAccount Domain:\t\t-\r\n\tLogon ID:\t\t0x0\r\n\r\nLogon Type:\t\t3\r\n\r\nAccount For Which Logon Failed:\r\n\tSecurity ID:\t\tS-1-0-0\r\n\tAccount Name:\t\tjsmith\r\n\tAccount Domain:\t\tCORP\r\n\r\nFailure Information:\r\n\tFailure Reason:\t\tUnknown user name or bad password.\r\n\tStatus:\t\t\t0xc000006d\r\n\tSub Status:\t\t0xc000006a\r\n\r\nNetwork Information:\r\n\tWorkstation Name:\tDC01\r\n\tSource Network Address:\t45.79.0.12\r\n\tSource Port:\t\t65001\r\n"
  },
  {
    "EventTime": "2025-08-03T12:59:30",
    "Hostname": "DC01.corp.local",
    "EventType": "AUDIT_FAILURE",
    "EventID": 4648,
    "SourceName": "Microsoft-Windows-Security-Auditing",
    "Channel": "Security",
    "Message": "A logon was attempted using explicit credentials.\r\n\r\nAccount Name:\t\tjsmith\r\n\tNetwork Address:\t8.8.8.8\r\n\tPort:\t\t23480\r\n"
  },
  {
    "EventTime": "2025-08-03T12:16:37",
    "Hostname": "DC01.corp.local",
    "EventType": "AUDIT_SUCCESS",
    "EventID": 4624,
    "SourceName": "Microsoft-Windows-Security-Auditing",
    "Channel": "Security",
    "Message": "An account was successfully logged on.\r\n\r\nSubject:\r\n\tSecurity ID:\t\tS-1-5-21\r\n\tAccount Name:\t\tjinny\r\n\tAccount Domain:\t\tCORP\r\n\tLogon ID:\t\t0x1234\r\n\r\nLogon Type:\t\t2\r\n\r\nNetwork Information:\r\n\tSource Network Address:\t23.235.33.141\r\n\tSource Port:\t\t40663\r\n"
  },
  {
    "EventTime": "2025-08-03T12:52:26",
    "Hostname": "DC01.corp.local",
    "EventType": "AUDIT_FAILURE",
    "EventID": 4625,
    "SourceName": "Microsoft-Windows-Security-Auditing",
    "Channel": "Security",
    "Message": "An account failed to log on.\r\n\r\nSubject:\r\n\tSecurity ID:\t\tS-1-0-0\r\n\tAccount Name:\t\t-\r\n\tAccount Domain:\t\t-\r\n\tLogon ID:\t\t0x0\r\n\r\nLogon Type:\t\t3\r\n\r\nAccount For Which Logon Failed:\r\n\tSecurity ID:\t\tS-1-0-0\r\n\tAccount Name:\t\tjinny\r\n\tAccount Domain:\t\tCORP\r\n\r\nFailure Information:\r\n\tFailure Reason:\t\tUnknown user name or bad password.\r\n\tStatus:\t\t\t0xc000006d\r\n\tSub Status:\t\t0xc000006a\r\n\r\nNetwork Information:\r\n\tWorkstation Name:\tDC01\r\n\tSource Network Address:\t104.244.42.1\r\n\tSource Port:\t\t38209\r\n"
  },
  {
    "EventTime": "2025-08-03T12:17:23",
    "Hostname": "DC01.corp.local",
    "EventType": "AUDIT_FAILURE",
    "EventID": 4634,
    "SourceName": "Microsoft-Windows-Security-Auditing",
    "Channel": "Security",
    "Message": "An account was logged off.\r\n\r\nAccount Name:\t\thradmin\r\n"
  },
  {
    "EventTime": "2025-08-03T12:49:43",
    "Hostname": "DC01.corp.local",
    "EventType": "AUDIT_FAILURE",
    "EventID": 4634,
    "SourceName": "Microsoft-Windows-Security-Auditing",
    "Channel": "Security",
    "Message": "An account was logged off.\r\n\r\nAccount Name:\t\tjsmith\r\n"
  },
  {
    "EventTime": "2025-08-03T12:43:27",
    "Hostname": "DC01.corp.local",
    "EventType": "AUDIT_SUCCESS",
    "EventID": 4624,
    "SourceName": "Microsoft-Windows-Security-Auditing",
    "Channel": "Security",
    "Message": "An account was successfully logged on.\r\n\r\nSubject:\r\n\tSecurity ID:\t\tS-1-5-21\r\n\tAccount Name:\t\thradmin\r\n\tAccount Domain:\t\tCORP\r\n\tLogon ID:\t\t0x1234\r\n\r\nLogon Type:\t\t2\r\n\r\nNetwork Information:\r\n\tSource Network Address:\t185.199.108.45\r\n\tSource Port:\t\t53401\r\n"
  },
  {
    "EventTime": "2025-08-03T12:10:42",
    "Hostname": "DC01.corp.local",
    "EventType": "AUDIT_FAILURE",
    "EventID": 4625,
    "SourceName": "Microsoft-Windows-Security-Auditing",
    "Channel": "Security",
    "Message": "An account failed to log on.\r\n\r\nSubject:\r\n\tSecurity ID:\t\tS-1-0-0\r\n\tAccount Name:\t\t-\r\n\tAccount Domain:\t\t-\r\n\tLogon ID:\t\t0x0\r\n\r\nLogon Type:\t\t3\r\n\r\nAccount For Which Logon Failed:\r\n\tSecurity ID:\t\tS-1-0-0\r\n\tAccount Name:\t\tadministrator\r\n\tAccount Domain:\t\tCORP\r\n\r\nFailure Information:\r\n\tFailure Reason:\t\tUnknown user name or bad password.\r\n\tStatus:\t\t\t0xc000006d\r\n\tSub Status:\t\t0xc000006a\r\n\r\nNetwork Information:\r\n\tWorkstation Name:\tDC01\r\n\tSource Network Address:\t203.0.113.45\r\n\tSource Port:\t\t55553\r\n"
  },
  {
    "EventTime": "2025-08-03T12:11:51",
    "Hostname": "DC01.corp.local",
    "EventType": "AUDIT_SUCCESS",
    "EventID": 4624,
    "SourceName": "Microsoft-Windows-Security-Auditing",
    "Channel": "Security",
    "Message": "An account was successfully logged on.\r\n\r\nSubject:\r\n\tSecurity ID:\t\tS-1-5-21\r\n\tAccount Name:\t\tadministrator\r\n\tAccount Domain:\t\tCORP\r\n\tLogon ID:\t\t0x1234\r\n\r\nLogon Type:\t\t2\r\n\r\nNetwork Information:\r\n\tSource Network Address:\t45.33.32.156\r\n\tSource Port:\t\t13498\r\n"
  },
  {
    "EventTime": "2025-08-03T12:09:05",
    "Hostname": "DC01.corp.local",
    "EventType": "AUDIT_FAILURE",
    "EventID": 4634,
    "SourceName": "Microsoft-Windows-Security-Auditing",
    "Channel": "Security",
    "Message": "An account was logged off.\r\n\r\nAccount Name:\t\ttestuser\r\n"
  },
  {
    "EventTime": "2025-08-03T12:55:20",
    "Hostname": "DC01.corp.local",
    "EventType": "AUDIT_FAILURE",
    "EventID": 4634,
    "SourceName": "Microsoft-Windows-Security-Auditing",
    "Channel": "Security",
    "Message": "An account was logged off.\r\n\r\nAccount Name:\t\thradmin\r\n"
  },
  {
    "EventTime": "2025-08-03T12:19:17",
    "Hostname": "DC01.corp.local",
    "EventType": "AUDIT_SUCCESS",
    "EventID": 4624,
    "SourceName": "Microsoft-Windows-Security-Auditing",
    "Channel": "Security",
    "Message": "An account was successfully logged on.\r\n\r\nSubject:\r\n\tSecurity ID:\t\tS-1-5-21\r\n\tAccount Name:\t\thradmin\r\n\tAccount Domain:\t\tCORP\r\n\tLogon ID:\t\t0x1234\r\n\r\nLogon Type:\t\t2\r\n\r\nNetwork Information:\r\n\tSource Network Address:\t203.0.113.76\r\n\tSource Port:\t\t36918\r\n"
  },
  {
    "EventTime": "2025-08-03T12:35:26",
    "Hostname": "DC01.corp.local",
    "EventType": "AUDIT_SUCCESS",
    "EventID": 4624,
    "SourceName": "Microsoft-Windows-Security-Auditing",
    "Channel": "Security",
    "Message": "An account was successfully logged on.\r\n\r\nSubject:\r\n\tSecurity ID:\t\tS-1-5-21\r\n\tAccount Name:\t\thradmin\r\n\tAccount Domain:\t\tCORP\r\n\tLogon ID:\t\t0x1234\r\n\r\nLogon Type:\t\t2\r\n\r\nNetwork Information:\r\n\tSource Network Address:\t104.244.42.1\r\n\tSource Port:\t\t12162\r\n"
  },
  {
    "EventTime": "2025-08-03T12:37:36",
    "Hostname": "DC01.corp.local",
    "EventType": "AUDIT_FAILURE",
    "EventID": 4625,
    "SourceName": "Microsoft-Windows-Security-Auditing",
    "Channel": "Security",
    "Message": "An account failed to log on.\r\n\r\nSubject:\r\n\tSecurity ID:\t\tS-1-0-0\r\n\tAccount Name:\t\t-\r\n\tAccount Domain:\t\t-\r\n\tLogon ID:\t\t0x0\r\n\r\nLogon Type:\t\t3\r\n\r\nAccount For Which Logon Failed:\r\n\tSecurity ID:\t\tS-1-0-0\r\n\tAccount Name:\t\thradmin\r\n\tAccount Domain:\t\tCORP\r\n\r\nFailure Information:\r\n\tFailure Reason:\t\tUnknown user name or bad password.\r\n\tStatus:\t\t\t0xc000006d\r\n\tSub Status:\t\t0xc000006a\r\n\r\nNetwork Information:\r\n\tWorkstation Name:\tDC01\r\n\tSource Network Address:\t51.79.19.58\r\n\tSource Port:\t\t15919\r\n"
  },
  {
    "EventTime": "2025-08-03T12:52:00",
    "Hostname": "DC01.corp.local",
    "EventType": "AUDIT_FAILURE",
    "EventID": 4634,
    "SourceName": "Microsoft-Windows-Security-Auditing",
    "Channel": "Security",
    "Message": "An account was logged off.\r\n\r\nAccount Name:\t\tuser1\r\n"
  },
  {
    "EventTime": "2025-08-03T12:59:52",
    "Hostname": "DC01.corp.local",
    "EventType": "AUDIT_FAILURE",
    "EventID": 5140,
    "SourceName": "Microsoft-Windows-Security-Auditing",
    "Channel": "Security",
    "Message": "A network share object was accessed.\r\n\r\n\tSource Network Address:\t198.51.100.23\r\n"
  },
  {
    "EventTime": "2025-08-03T12:34:43",
    "Hostname": "DC01.corp.local",
    "EventType": "AUDIT_FAILURE",
    "EventID": 4625,
    "SourceName": "Microsoft-Windows-Security-Auditing",
    "Channel": "Security",
    "Message": "An account failed to log on.\r\n\r\nSubject:\r\n\tSecurity ID:\t\tS-1-0-0\r\n\tAccount Name:\t\t-\r\n\tAccount Domain:\t\t-\r\n\tLogon ID:\t\t0x0\r\n\r\nLogon Type:\t\t3\r\n\r\nAccount For Which Logon Failed:\r\n\tSecurity ID:\t\tS-1-0-0\r\n\tAccount Name:\t\tadministrator\r\n\tAccount Domain:\t\tCORP\r\n\r\nFailure Information:\r\n\tFailure Reason:\t\tUnknown user name or bad password.\r\n\tStatus:\t\t\t0xc000006d\r\n\tSub Status:\t\t0xc000006a\r\n\r\nNetwork Information:\r\n\tWorkstation Name:\tDC01\r\n\tSource Network Address:\t104.244.42.1\r\n\tSource Port:\t\t21566\r\n"
  },
  {
    "EventTime": "2025-08-03T12:06:15",
    "Hostname": "DC01.corp.local",
    "EventType": "AUDIT_FAILURE",
    "EventID": 4625,
    "SourceName": "Microsoft-Windows-Security-Auditing",
    "Channel": "Security",
    "Message": "An account failed to log on.\r\n\r\nSubject:\r\n\tSecurity ID:\t\tS-1-0-0\r\n\tAccount Name:\t\t-\r\n\tAccount Domain:\t\t-\r\n\tLogon ID:\t\t0x0\r\n\r\nLogon Type:\t\t3\r\n\r\nAccount For Which Logon Failed:\r\n\tSecurity ID:\t\tS-1-0-0\r\n\tAccount Name:\t\tadministrator\r\n\tAccount Domain:\t\tCORP\r\n\r\nFailure Information:\r\n\tFailure Reason:\t\tUnknown user name or bad password.\r\n\tStatus:\t\t\t0xc000006d\r\n\tSub Status:\t\t0xc000006a\r\n\r\nNetwork Information:\r\n\tWorkstation Name:\tDC01\r\n\tSource Network Address:\t51.79.19.58\r\n\tSource Port:\t\t23040\r\n"
  },
  {
    "EventTime": "2025-08-03T12:21:52",
    "Hostname": "DC01.corp.local",
    "EventType": "AUDIT_SUCCESS",
    "EventID": 4624,
    "SourceName": "Microsoft-Windows-Security-Auditing",
    "Channel": "Security",
    "Message": "An account was successfully logged on.\r\n\r\nSubject:\r\n\tSecurity ID:\t\tS-1-5-21\r\n\tAccount Name:\t\ttestuser\r\n\tAccount Domain:\t\tCORP\r\n\tLogon ID:\t\t0x1234\r\n\r\nLogon Type:\t\t2\r\n\r\nNetwork Information:\r\n\tSource Network Address:\t185.199.108.45\r\n\tSource Port:\t\t54809\r\n"
  },
  {
    "EventTime": "2025-08-03T12:00:13",
    "Hostname": "DC01.corp.local",
    "EventType": "AUDIT_FAILURE",
    "EventID": 4634,
    "SourceName": "Microsoft-Windows-Security-Auditing",
    "Channel": "Security",
    "Message": "An account was logged off.\r\n\r\nAccount Name:\t\ttestuser\r\n"
  },
  {
    "EventTime": "2025-08-03T12:13:59",
    "Hostname": "DC01.corp.local",
    "EventType": "AUDIT_FAILURE",
    "EventID": 4625,
    "SourceName": "Microsoft-Windows-Security-Auditing",
    "Channel": "Security",
    "Message": "An account failed to log on.\r\n\r\nSubject:\r\n\tSecurity ID:\t\tS-1-0-0\r\n\tAccount Name:\t\t-\r\n\tAccount Domain:\t\t-\r\n\tLogon ID:\t\t0x0\r\n\r\nLogon Type:\t\t3\r\n\r\nAccount For Which Logon Failed:\r\n\tSecurity ID:\t\tS-1-0-0\r\n\tAccount Name:\t\thradmin\r\n\tAccount Domain:\t\tCORP\r\n\r\nFailure Information:\r\n\tFailure Reason:\t\tUnknown user name or bad password.\r\n\tStatus:\t\t\t0xc000006d\r\n\tSub Status:\t\t0xc000006a\r\n\r\nNetwork Information:\r\n\tWorkstation Name:\tDC01\r\n\tSource Network Address:\t203.0.113.76\r\n\tSource Port:\t\t10042\r\n"
  },
  {
    "EventTime": "2025-08-03T12:45:00",
    "Hostname": "DC01.corp.local",
    "EventType": "AUDIT_FAILURE",
    "EventID": 4625,
    "SourceName": "Microsoft-Windows-Security-Auditing",
    "Channel": "Security",
    "Message": "An account failed to log on.\r\n\r\nSubject:\r\n\tSecurity ID:\t\tS-1-0-0\r\n\tAccount Name:\t\t-\r\n\tAccount Domain:\t\t-\r\n\tLogon ID:\t\t0x0\r\n\r\nLogon Type:\t\t3\r\n\r\nAccount For Which Logon Failed:\r\n\tSecurity ID:\t\tS-1-0-0\r\n\tAccount Name:\t\ttestuser\r\n\tAccount Domain:\t\tCORP\r\n\r\nFailure Information:\r\n\tFailure Reason:\t\tUnknown user name or bad password.\r\n\tStatus:\t\t\t0xc000006d\r\n\tSub Status:\t\t0xc000006a\r\n\r\nNetwork Information:\r\n\tWorkstation Name:\tDC01\r\n\tSource Network Address:\t203.0.113.45\r\n\tSource Port:\t\t27400\r\n"
  },
  {
    "EventTime": "2025-08-03T12:26:59",
    "Hostname": "DC01.corp.local",
    "EventType": "AUDIT_FAILURE",
    "EventID": 4634,
    "SourceName": "Microsoft-Windows-Security-Auditing",
    "Channel": "Security",
    "Message": "An account was logged off.\r\n\r\nAccount Name:\t\tadministrator\r\n"
  },
  {
    "EventTime": "2025-08-03T12:51:09",
    "Hostname": "DC01.corp.local",
    "EventType": "AUDIT_FAILURE",
    "EventID": 4634,
    "SourceName": "Microsoft-Windows-Security-Auditing",
    "Channel": "Security",
    "Message": "An account was logged off.\r\n\r\nAccount Name:\t\tjsmith\r\n"
  },
  {
    "EventTime": "2025-08-03T12:28:23",
    "Hostname": "DC01.corp.local",
    "EventType": "AUDIT_FAILURE",
    "EventID": 4634,
    "SourceName": "Microsoft-Windows-Security-Auditing",
    "Channel": "Security",
    "Message": "An account was logged off.\r\n\r\nAccount Name:\t\tjinny\r\n"
  },
  {
    "EventTime": "2025-08-03T12:50:17",
    "Hostname": "DC01.corp.local",
    "EventType": "AUDIT_SUCCESS",
    "EventID": 4624,
    "SourceName": "Microsoft-Windows-Security-Auditing",
    "Channel": "Security",
    "Message": "An account was successfully logged on.\r\n\r\nSubject:\r\n\tSecurity ID:\t\tS-1-5-21\r\n\tAccount Name:\t\tadmin\r\n\tAccount Domain:\t\tCORP\r\n\tLogon ID:\t\t0x1234\r\n\r\nLogon Type:\t\t2\r\n\r\nNetwork Information:\r\n\tSource Network Address:\t45.33.32.156\r\n\tSource Port:\t\t31367\r\n"
  },
  {
    "EventTime": "2025-08-03T12:56:38",
    "Hostname": "DC01.corp.local",
    "EventType": "AUDIT_SUCCESS",
    "EventID": 4624,
    "SourceName": "Microsoft-Windows-Security-Auditing",
    "Channel": "Security",
    "Message": "An account was successfully logged on.\r\n\r\nSubject:\r\n\tSecurity ID:\t\tS-1-5-21\r\n\tAccount Name:\t\tguest\r\n\tAccount Domain:\t\tCORP\r\n\tLogon ID:\t\t0x1234\r\n\r\nLogon Type:\t\t2\r\n\r\nNetwork Information:\r\n\tSource Network Address:\t203.0.113.76\r\n\tSource Port:\t\t21735\r\n"
  },
  {
    "EventTime": "2025-08-03T12:25:13",
    "Hostname": "DC01.corp.local",
    "EventType": "AUDIT_FAILURE",
    "EventID": 4634,
    "SourceName": "Microsoft-Windows-Security-Auditing",
    "Channel": "Security",
    "Message": "An account was logged off.\r\n\r\nAccount Name:\t\ttestuser\r\n"
  },
  {
    "EventTime": "2025-08-03T12:41:42",
    "Hostname": "DC01.corp.local",
    "EventType": "AUDIT_FAILURE",
    "EventID": 4625,
    "SourceName": "Microsoft-Windows-Security-Auditing",
    "Channel": "Security",
    "Message": "An account failed to log on.\r\n\r\nSubject:\r\n\tSecurity ID:\t\tS-1-0-0\r\n\tAccount Name:\t\t-\r\n\tAccount Domain:\t\t-\r\n\tLogon ID:\t\t0x0\r\n\r\nLogon Type:\t\t3\r\n\r\nAccount For Which Logon Failed:\r\n\tSecurity ID:\t\tS-1-0-0\r\n\tAccount Name:\t\thradmin\r\n\tAccount Domain:\t\tCORP\r\n\r\nFailure Information:\r\n\tFailure Reason:\t\tUnknown user name or bad password.\r\n\tStatus:\t\t\t0xc000006d\r\n\tSub Status:\t\t0xc000006a\r\n\r\nNetwork Information:\r\n\tWorkstation Name:\tDC01\r\n\tSource Network Address:\t51.79.19.58\r\n\tSource Port:\t\t57111\r\n"
  },
  {
    "EventTime": "2025-08-03T12:41:46",
    "Hostname": "DC01.corp.local",
    "EventType": "AUDIT_SUCCESS",
    "EventID": 4624,
    "SourceName": "Microsoft-Windows-Security-Auditing",
    "Channel": "Security",
    "Message": "An account was successfully logged on.\r\n\r\nSubject:\r\n\tSecurity ID:\t\tS-1-5-21\r\n\tAccount Name:\t\tuser1\r\n\tAccount Domain:\t\tCORP\r\n\tLogon ID:\t\t0x1234\r\n\r\nLogon Type:\t\t2\r\n\r\nNetwork Information:\r\n\tSource Network Address:\t45.33.32.156\r\n\tSource Port:\t\t49206\r\n"
  },
  {
    "EventTime": "2025-08-03T12:12:10",
    "Hostname": "DC01.corp.local",
    "EventType": "AUDIT_SUCCESS",
    "EventID": 4624,
    "SourceName": "Microsoft-Windows-Security-Auditing",
    "Channel": "Security",
    "Message": "An account was successfully logged on.\r\n\r\nSubject:\r\n\tSecurity ID:\t\tS-1-5-21\r\n\tAccount Name:\t\tuser1\r\n\tAccount Domain:\t\tCORP\r\n\tLogon ID:\t\t0x1234\r\n\r\nLogon Type:\t\t2\r\n\r\nNetwork Information:\r\n\tSource Network Address:\t162.243.187.132\r\n\tSource Port:\t\t4304\r\n"
  },
  {
    "EventTime": "2025-08-03T12:54:04",
    "Hostname": "DC01.corp.local",
    "EventType": "AUDIT_FAILURE",
    "EventID": 4625,
    "SourceName": "Microsoft-Windows-Security-Auditing",
    "Channel": "Security",
    "Message": "An account failed to log on.\r\n\r\nSubject:\r\n\tSecurity ID:\t\tS-1-0-0\r\n\tAccount Name:\t\t-\r\n\tAccount Domain:\t\t-\r\n\tLogon ID:\t\t0x0\r\n\r\nLogon Type:\t\t3\r\n\r\nAccount For Which Logon Failed:\r\n\tSecurity ID:\t\tS-1-0-0\r\n\tAccount Name:\t\tadministrator\r\n\tAccount Domain:\t\tCORP\r\n\r\nFailure Information:\r\n\tFailure Reason:\t\tUnknown user name or bad password.\r\n\tStatus:\t\t\t0xc000006d\r\n\tSub Status:\t\t0xc000006a\r\n\r\nNetwork Information:\r\n\tWorkstation Name:\tDC01\r\n\tSource Network Address:\t8.8.8.8\r\n\tSource Port:\t\t49866\r\n"
  },
  {
    "EventTime": "2025-08-03T12:48:59",
    "Hostname": "DC01.corp.local",
    "EventType": "AUDIT_SUCCESS",
    "EventID": 4624,
    "SourceName": "Microsoft-Windows-Security-Auditing",
    "Channel": "Security",
    "Message": "An account was successfully logged on.\r\n\r\nSubject:\r\n\tSecurity ID:\t\tS-1-5-21\r\n\tAccount Name:\t\tadministrator\r\n\tAccount Domain:\t\tCORP\r\n\tLogon ID:\t\t0x1234\r\n\r\nLogon Type:\t\t2\r\n\r\nNetwork Information:\r\n\tSource Network Address:\t162.243.187.132\r\n\tSource Port:\t\t43896\r\n"
  },
  {
    "EventTime": "2025-08-03T12:51:36",
    "Hostname": "DC01.corp.local",
    "EventType": "AUDIT_FAILURE",
    "EventID": 4634,
    "SourceName": "Microsoft-Windows-Security-Auditing",
    "Channel": "Security",
    "Message": "An account was logged off.\r\n\r\nAccount Name:\t\tadmin\r\n"
  },
  {
    "EventTime": "2025-08-03T12:15:01",
    "Hostname": "DC01.corp.local",
    "EventType": "AUDIT_FAILURE",
    "EventID": 4625,
    "SourceName": "Microsoft-Windows-Security-Auditing",
    "Channel": "Security",
    "Message": "An account failed to log on.\r\n\r\nSubject:\r\n\tSecurity ID:\t\tS-1-0-0\r\n\tAccount Name:\t\t-\r\n\tAccount Domain:\t\t-\r\n\tLogon ID:\t\t0x0\r\n\r\nLogon Type:\t\t3\r\n\r\nAccount For Which Logon Failed:\r\n\tSecurity ID:\t\tS-1-0-0\r\n\tAccount Name:\t\tadmin\r\n\tAccount Domain:\t\tCORP\r\n\r\nFailure Information:\r\n\tFailure Reason:\t\tUnknown user name or bad password.\r\n\tStatus:\t\t\t0xc000006d\r\n\tSub Status:\t\t0xc000006a\r\n\r\nNetwork Information:\r\n\tWorkstation Name:\tDC01\r\n\tSource Network Address:\t203.0.113.76\r\n\tSource Port:\t\t53966\r\n"
  },
  {
    "EventTime": "2025-08-03T12:56:32",
    "Hostname": "DC01.corp.local",
    "EventType": "AUDIT_SUCCESS",
    "EventID": 4624,
    "SourceName": "Microsoft-Windows-Security-Auditing",
    "Channel": "Security",
    "Message": "An account was successfully logged on.\r\n\r\nSubject:\r\n\tSecurity ID:\t\tS-1-5-21\r\n\tAccount Name:\t\tjsmith\r\n\tAccount Domain:\t\tCORP\r\n\tLogon ID:\t\t0x1234\r\n\r\nLogon Type:\t\t2\r\n\r\nNetwork Information:\r\n\tSource Network Address:\t51.79.19.58\r\n\tSource Port:\t\t7422\r\n"
  },
  {
    "EventTime": "2025-08-03T12:42:20",
    "Hostname": "DC01.corp.local",
    "EventType": "AUDIT_SUCCESS",
    "EventID": 4624,
    "SourceName": "Microsoft-Windows-Security-Auditing",
    "Channel": "Security",
    "Message": "An account was successfully logged on.\r\n\r\nSubject:\r\n\tSecurity ID:\t\tS-1-5-21\r\n\tAccount Name:\t\tjsmith\r\n\tAccount Domain:\t\tCORP\r\n\tLogon ID:\t\t0x1234\r\n\r\nLogon Type:\t\t2\r\n\r\nNetwork Information:\r\n\tSource Network Address:\t8.8.8.8\r\n\tSource Port:\t\t18170\r\n"
  },
  {
    "EventTime": "2025-08-03T12:46:52",
    "Hostname": "DC01.corp.local",
    "EventType": "AUDIT_SUCCESS",
    "EventID": 4624,
    "SourceName": "Microsoft-Windows-Security-Auditing",
    "Channel": "Security",
    "Message": "An account was successfully logged on.\r\n\r\nSubject:\r\n\tSecurity ID:\t\tS-1-5-21\r\n\tAccount Name:\t\tguest\r\n\tAccount Domain:\t\tCORP\r\n\tLogon ID:\t\t0x1234\r\n\r\nLogon Type:\t\t2\r\n\r\nNetwork Information:\r\n\tSource Network Address:\t203.0.113.76\r\n\tSource Port:\t\t10778\r\n"
  },
  {
    "EventTime": "2025-08-03T12:11:37",
    "Hostname": "DC01.corp.local",
    "EventType": "AUDIT_FAILURE",
    "EventID": 4634,
    "SourceName": "Microsoft-Windows-Security-Auditing",
    "Channel": "Security",
    "Message": "An account was logged off.\r\n\r\nAccount Name:\t\ttestuser\r\n"
  },
  {
    "EventTime": "2025-08-03T12:14:54",
    "Hostname": "DC01.corp.local",
    "EventType": "AUDIT_FAILURE",
    "EventID": 4634,
    "SourceName": "Microsoft-Windows-Security-Auditing",
    "Channel": "Security",
    "Message": "An account was logged off.\r\n\r\nAccount Name:\t\tjinny\r\n"
  },
  {
    "EventTime": "2025-08-03T12:12:11",
    "Hostname": "DC01.corp.local",
    "EventType": "AUDIT_FAILURE",
    "EventID": 4625,
    "SourceName": "Microsoft-Windows-Security-Auditing",
    "Channel": "Security",
    "Message": "An account failed to log on.\r\n\r\nSubject:\r\n\tSecurity ID:\t\tS-1-0-0\r\n\tAccount Name:\t\t-\r\n\tAccount Domain:\t\t-\r\n\tLogon ID:\t\t0x0\r\n\r\nLogon Type:\t\t3\r\n\r\nAccount For Which Logon Failed:\r\n\tSecurity ID:\t\tS-1-0-0\r\n\tAccount Name:\t\tguest\r\n\tAccount Domain:\t\tCORP\r\n\r\nFailure Information:\r\n\tFailure Reason:\t\tUnknown user name or bad password.\r\n\tStatus:\t\t\t0xc000006d\r\n\tSub Status:\t\t0xc000006a\r\n\r\nNetwork Information:\r\n\tWorkstation Name:\tDC01\r\n\tSource Network Address:\t23.235.33.141\r\n\tSource Port:\t\t57866\r\n"
  },
  {
    "EventTime": "2025-08-03T12:08:27",
    "Hostname": "DC01.corp.local",
    "EventType": "AUDIT_SUCCESS",
    "EventID": 4624,
    "SourceName": "Microsoft-Windows-Security-Auditing",
    "Channel": "Security",
    "Message": "An account was successfully logged on.\r\n\r\nSubject:\r\n\tSecurity ID:\t\tS-1-5-21\r\n\tAccount Name:\t\tguest\r\n\tAccount Domain:\t\tCORP\r\n\tLogon ID:\t\t0x1234\r\n\r\nLogon Type:\t\t2\r\n\r\nNetwork Information:\r\n\tSource Network Address:\t23.235.33.141\r\n\tSource Port:\t\t42768\r\n"
  },
  {
    "EventTime": "2025-08-03T12:06:29",
    "Hostname": "DC01.corp.local",
    "EventType": "AUDIT_SUCCESS",
    "EventID": 4624,
    "SourceName": "Microsoft-Windows-Security-Auditing",
    "Channel": "Security",
    "Message": "An account was successfully logged on.\r\n\r\nSubject:\r\n\tSecurity ID:\t\tS-1-5-21\r\n\tAccount Name:\t\tadmin\r\n\tAccount Domain:\t\tCORP\r\n\tLogon ID:\t\t0x1234\r\n\r\nLogon Type:\t\t2\r\n\r\nNetwork Information:\r\n\tSource Network Address:\t8.8.8.8\r\n\tSource Port:\t\t59101\r\n"
  },
  {
    "EventTime": "2025-08-03T12:50:17",
    "Hostname": "DC01.corp.local",
    "EventType": "AUDIT_FAILURE",
    "EventID": 4625,
    "SourceName": "Microsoft-Windows-Security-Auditing",
    "Channel": "Security",
    "Message": "An account failed to log on.\r\n\r\nSubject:\r\n\tSecurity ID:\t\tS-1-0-0\r\n\tAccount Name:\t\t-\r\n\tAccount Domain:\t\t-\r\n\tLogon ID:\t\t0x0\r\n\r\nLogon Type:\t\t3\r\n\r\nAccount For Which Logon Failed:\r\n\tSecurity ID:\t\tS-1-0-0\r\n\tAccount Name:\t\tjinny\r\n\tAccount Domain:\t\tCORP\r\n\r\nFailure Information:\r\n\tFailure Reason:\t\tUnknown user name or bad password.\r\n\tStatus:\t\t\t0xc000006d\r\n\tSub Status:\t\t0xc000006a\r\n\r\nNetwork Information:\r\n\tWorkstation Name:\tDC01\r\n\tSource Network Address:\t203.0.113.45\r\n\tSource Port:\t\t8645\r\n"
  },
  {
    "EventTime": "2025-08-03T12:17:12",
    "Hostname": "DC01.corp.local",
    "EventType": "AUDIT_SUCCESS",
    "EventID": 4624,
    "SourceName": "Microsoft-Windows-Security-Auditing",
    "Channel": "Security",
    "Message": "An account was successfully logged on.\r\n\r\nSubject:\r\n\tSecurity ID:\t\tS-1-5-21\r\n\tAccount Name:\t\tadministrator\r\n\tAccount Domain:\t\tCORP\r\n\tLogon ID:\t\t0x1234\r\n\r\nLogon Type:\t\t2\r\n\r\nNetwork Information:\r\n\tSource Network Address:\t8.8.8.8\r\n\tSource Port:\t\t29108\r\n"
  },
  {
    "EventTime": "2025-08-03T12:18:21",
    "Hostname": "DC01.corp.local",
    "EventType": "AUDIT_FAILURE",
    "EventID": 4634,
    "SourceName": "Microsoft-Windows-Security-Auditing",
    "Channel": "Security",
    "Message": "An account was logged off.\r\n\r\nAccount Name:\t\tuser1\r\n"
  },
  {
    "EventTime": "2025-08-03T12:16:54",
    "Hostname": "DC01.corp.local",
    "EventType": "AUDIT_SUCCESS",
    "EventID": 4624,
    "SourceName": "Microsoft-Windows-Security-Auditing",
    "Channel": "Security",
    "Message": "An account was successfully logged on.\r\n\r\nSubject:\r\n\tSecurity ID:\t\tS-1-5-21\r\n\tAccount Name:\t\tjinny\r\n\tAccount Domain:\t\tCORP\r\n\tLogon ID:\t\t0x1234\r\n\r\nLogon Type:\t\t2\r\n\r\nNetwork Information:\r\n\tSource Network Address:\t162.243.187.132\r\n\tSource Port:\t\t60850\r\n"
  },
  {
    "EventTime": "2025-08-03T12:38:43",
    "Hostname": "DC01.corp.local",
    "EventType": "AUDIT_FAILURE",
    "EventID": 4625,
    "SourceName": "Microsoft-Windows-Security-Auditing",
    "Channel": "Security",
    "Message": "An account failed to log on.\r\n\r\nSubject:\r\n\tSecurity ID:\t\tS-1-0-0\r\n\tAccount Name:\t\t-\r\n\tAccount Domain:\t\t-\r\n\tLogon ID:\t\t0x0\r\n\r\nLogon Type:\t\t3\r\n\r\nAccount For Which Logon Failed:\r\n\tSecurity ID:\t\tS-1-0-0\r\n\tAccount Name:\t\tjsmith\r\n\tAccount Domain:\t\tCORP\r\n\r\nFailure Information:\r\n\tFailure Reason:\t\tUnknown user name or bad password.\r\n\tStatus:\t\t\t0xc000006d\r\n\tSub Status:\t\t0xc000006a\r\n\r\nNetwork Information:\r\n\tWorkstation Name:\tDC01\r\n\tSource Network Address:\t203.0.113.76\r\n\tSource Port:\t\t1229\r\n"
  },
  {
    "EventTime": "2025-08-03T12:54:42",
    "Hostname": "DC01.corp.local",
    "EventType": "AUDIT_SUCCESS",
    "EventID": 4624,
    "SourceName": "Microsoft-Windows-Security-Auditing",
    "Channel": "Security",
    "Message": "An account was successfully logged on.\r\n\r\nSubject:\r\n\tSecurity ID:\t\tS-1-5-21\r\n\tAccount Name:\t\tadministrator\r\n\tAccount Domain:\t\tCORP\r\n\tLogon ID:\t\t0x1234\r\n\r\nLogon Type:\t\t2\r\n\r\nNetwork Information:\r\n\tSource Network Address:\t162.243.187.132\r\n\tSource Port:\t\t32098\r\n"
  },
  {
    "EventTime": "2025-08-03T12:36:38",
    "Hostname": "DC01.corp.local",
    "EventType": "AUDIT_FAILURE",
    "EventID": 4634,
    "SourceName": "Microsoft-Windows-Security-Auditing",
    "Channel": "Security",
    "Message": "An account was logged off.\r\n\r\nAccount Name:\t\tadministrator\r\n"
  },
  {
    "EventTime": "2025-08-03T12:54:26",
    "Hostname": "DC01.corp.local",
    "EventType": "AUDIT_SUCCESS",
    "EventID": 4624,
    "SourceName": "Microsoft-Windows-Security-Auditing",
    "Channel": "Security",
    "Message": "An account was successfully logged on.\r\n\r\nSubject:\r\n\tSecurity ID:\t\tS-1-5-21\r\n\tAccount Name:\t\tguest\r\n\tAccount Domain:\t\tCORP\r\n\tLogon ID:\t\t0x1234\r\n\r\nLogon Type:\t\t2\r\n\r\nNetwork Information:\r\n\tSource Network Address:\t203.0.113.45\r\n\tSource Port:\t\t50012\r\n"
  },
  {
    "EventTime": "2025-08-03T12:56:35",
    "Hostname": "DC01.corp.local",
    "EventType": "AUDIT_FAILURE",
    "EventID": 4648,
    "SourceName": "Microsoft-Windows-Security-Auditing",
    "Channel": "Security",
    "Message": "A logon was attempted using explicit credentials.\r\n\r\nAccount Name:\t\tuser1\r\n\tNetwork Address:\t203.0.113.76\r\n\tPort:\t\t30279\r\n"
  },
  {
    "EventTime": "2025-08-03T12:15:03",
    "Hostname": "DC01.corp.local",
    "EventType": "AUDIT_SUCCESS",
    "EventID": 4624,
    "SourceName": "Microsoft-Windows-Security-Auditing",
    "Channel": "Security",
    "Message": "An account was successfully logged on.\r\n\r\nSubject:\r\n\tSecurity ID:\t\tS-1-5-21\r\n\tAccount Name:\t\tuser1\r\n\tAccount Domain:\t\tCORP\r\n\tLogon ID:\t\t0x1234\r\n\r\nLogon Type:\t\t2\r\n\r\nNetwork Information:\r\n\tSource Network Address:\t23.235.33.141\r\n\tSource Port:\t\t39550\r\n"
  },
  {
    "EventTime": "2025-08-03T12:41:14",
    "Hostname": "DC01.corp.local",
    "EventType": "AUDIT_SUCCESS",
    "EventID": 4624,
    "SourceName": "Microsoft-Windows-Security-Auditing",
    "Channel": "Security",
    "Message": "An account was successfully logged on.\r\n\r\nSubject:\r\n\tSecurity ID:\t\tS-1-5-21\r\n\tAccount Name:\t\tguest\r\n\tAccount Domain:\t\tCORP\r\n\tLogon ID:\t\t0x1234\r\n\r\nLogon Type:\t\t2\r\n\r\nNetwork Information:\r\n\tSource Network Address:\t198.51.100.23\r\n\tSource Port:\t\t2084\r\n"
  },
  {
    "EventTime": "2025-08-03T12:51:48",
    "Hostname": "DC01.corp.local",
    "EventType": "AUDIT_FAILURE",
    "EventID": 4634,
    "SourceName": "Microsoft-Windows-Security-Auditing",
    "Channel": "Security",
    "Message": "An account was logged off.\r\n\r\nAccount Name:\t\tuser1\r\n"
  },
  {
    "EventTime": "2025-08-03T12:00:11",
    "Hostname": "DC01.corp.local",
    "EventType": "AUDIT_SUCCESS",
    "EventID": 4624,
    "SourceName": "Microsoft-Windows-Security-Auditing",
    "Channel": "Security",
    "Message": "An account was successfully logged on.\r\n\r\nSubject:\r\n\tSecurity ID:\t\tS-1-5-21\r\n\tAccount Name:\t\tguest\r\n\tAccount Domain:\t\tCORP\r\n\tLogon ID:\t\t0x1234\r\n\r\nLogon Type:\t\t2\r\n\r\nNetwork Information:\r\n\tSource Network Address:\t185.199.108.45\r\n\tSource Port:\t\t20361\r\n"
  },
  {
    "EventTime": "2025-08-03T12:35:52",
    "Hostname": "DC01.corp.local",
    "EventType": "AUDIT_FAILURE",
    "EventID": 4634,
    "SourceName": "Microsoft-Windows-Security-Auditing",
    "Channel": "Security",
    "Message": "An account was logged off.\r\n\r\nAccount Name:\t\tjsmith\r\n"
  },
  {
    "EventTime": "2025-08-03T12:24:18",
    "Hostname": "DC01.corp.local",
    "EventType": "AUDIT_FAILURE",
    "EventID": 4648,
    "SourceName": "Microsoft-Windows-Security-Auditing",
    "Channel": "Security",
    "Message": "A logon was attempted using explicit credentials.\r\n\r\nAccount Name:\t\tadministrator\r\n\tNetwork Address:\t185.199.108.45\r\n\tPort:\t\t58346\r\n"
  },
