  {
    "EventTime": "2025-08-03T12:33:28",
    "Hostname": "DC01.corp.local",
    "EventType": "AUDIT_SUCCESS",
    "EventID": 4624,
    "SourceName": "Microsoft-Windows-Security-Auditing",
    "Channel": "Security",
    "Message": "An account was successfully logged on.\r\n\r\nSubject:\r\n\tSecurity ID:\t\tS-1-5-21\r\n\tAccount Name:\t\tjinny\r\n\tAccount Domain:\t\tCORP\r\n\tLogon ID:\t\t0x1234\r\n\r\nLogon Type:\t\t2\r\n\r\nNetwork Information:\r\n\tSource Network Address:\t203.0.113.45\r\n\tSource Port:\t\t1695\r\n"
  },
  {
    "EventTime": "2025-08-03T12:20:50",
    "Hostname": "DC01.corp.local",
    "EventType": "AUDIT_FAILURE",
    "EventID": 4625,
    "SourceName": "Microsoft-Windows-Security-Auditing",
    "Channel": "Security",
    "Message": "An account failed to log on.\r\n\r\nSubject:\r\n\tSecurity ID:\t\tS-1-0-0\r\n\tAccount Name:\t\t-\r\n\tAccount Domain:\t\t-\r\n\tLogon ID:\t\t0x0\r\n\r\nLogon Type:\t\t3\r\n\r\nAccount For Which Logon Failed:\r\n\tSecurity ID:\t\tS-1-0-0\r\n\tAccount Name:\t\tadmin\r\n\tAccount Domain:\t\tCORP\r\n\r\nFailure Information:\r\n\tFailure Reason:\t\tUnknown user name or bad password.\r\n\tStatus:\t\t\t0xc000006d\r\n\tSub Status:\t\t0xc000006a\r\n\r\nNetwork Information:\r\n\tWorkstation Name:\tDC01\r\n\tSource Network Address:\t185.199.108.45\r\n\tSource Port:\t\t11584\r\n"
  },
  {
    "EventTime": "2025-08-03T12:45:31",
    "Hostname": "DC01.corp.local",
    "EventType": "AUDIT_FAILURE",
    "EventID": 4634,
    "SourceName": "Microsoft-Windows-Security-Auditing",
    "Channel": "Security",
    "Message": "An account was logged off.\r\n\r\nAccount Name:\t\tadministrator\r\n"
  },
  {
    "EventTime": "2025-08-03T12:18:47",
    "Hostname": "DC01.corp.local",
    "EventType": "AUDIT_SUCCESS",
    "EventID": 4624,
    "SourceName": "Microsoft-Windows-Security-Auditing",
    "Channel": "Security",
    "Message": "An account was successfully logged on.\r\n\r\nSubject:\r\n\tSecurity ID:\t\tS-1-5-21\r\n\tAccount Name:\t\tjsmith\r\n\tAccount Domain:\t\tCORP\r\n\tLogon ID:\t\t0x1234\r\n\r\nLogon Type:\t\t2\r\n\r\nNetwork Information:\r\n\tSource Network Address:\t104.244.42.1\r\n\tSource Port:\t\t44030\r\n"
  },
  {
    "EventTime": "2025-08-03T12:39:40",
    "Hostname": "DC01.corp.local",
    "EventType": "AUDIT_FAILURE",
    "EventID": 4634,
    "SourceName": "Microsoft-Windows-Security-Auditing",
    "Channel": "Security",
    "Message": "An account was logged off.\r\n\r\nAccount Name:\t\tuser1\r\n"
  },
  {
    "EventTime": "2025-08-03T12:33:58",
    "Hostname": "DC01.corp.local",
    "EventType": "AUDIT_SUCCESS",
    "EventID": 4624,
    "SourceName": "Microsoft-Windows-Security-Auditing",
    "Channel": "Security",
    "Message": "An account was successfully logged on.\r\n\r\nSubject:\r\n\tSecurity ID:\t\tS-1-5-21\r\n\tAccount Name:\t\tjinny\r\n\tAccount Domain:\t\tCORP\r\n\tLogon ID:\t\t0x1234\r\n\r\nLogon Type:\t\t2\r\n\r\nNetwork Information:\r\n\tSource Network Address:\t8.8.8.8\r\n\tSource Port:\t\t37789\r\n"
  },
  {
    "EventTime": "2025-08-03T12:25:18",
    "Hostname": "DC01.corp.local",
    "EventType": "AUDIT_SUCCESS",
    "EventID": 4624,
    "SourceName": "Microsoft-Windows-Security-Auditing",
    "Channel": "Security",
    "Message": "An account was successfully logged on.\r\n\r\nSubject:\r\n\tSecurity ID:\t\tS-1-5-21\r\n\tAccount Name:\t\tjinny\r\n\tAccount Domain:\t\tCORP\r\n\tLogon ID:\t\t0x1234\r\n\r\nLogon Type:\t\t2\r\n\r\nNetwork Information:\r\n\tSource Network Address:\t203.0.113.45\r\n\tSource Port:\t\t29489\r\n"
  },
  {
    "EventTime": "2025-08-03T12:27:44",
    "Hostname": "DC01.corp.local",
    "EventType": "AUDIT_FAILURE",
    "EventID": 4625,
    "SourceName": "Microsoft-Windows-Security-Auditing",
    "Channel": "Security",
    "Message": "An account failed to log on.\r\n\r\nSubject:\r\n\tSecurity ID:\t\tS-1-0-0\r\n\tAccount Name:\t\t-\r\n\tAccount Domain:\t\t-\r\n\tLogon ID:\t\t0x0\r\n\r\nLogon Type:\t\t3\r\n\r\nAccount For Which Logon Failed:\r\n\tSecurity ID:\t\tS-1-0-0\r\n\tAccount Name:\t\thradmin\r\n\tAccount Domain:\t\tCORP\r\n\r\nFailure Information:\r\n\tFailure Reason:\t\tUnknown user name or bad password.\r\n\tStatus:\t\t\t0xc000006d\r\n\tSub Status:\t\t0xc000006a\r\n\r\nNetwork Information:\r\n\tWorkstation Name:\tDC01\r\n\tSource Network Address:\t162.243.187.132\r\n\tSource Port:\t\t51513\r\n"
  },
  {
    "EventTime": "2025-08-03T12:28:29",
    "Hostname": "DC01.corp.local",
    "EventType": "AUDIT_FAILURE",
    "EventID": 4672,
    "SourceName": "Microsoft-Windows-Security-Auditing",
    "Channel": "Security",
    "Message": "Special privileges assigned to new logon.\r\n\tAccount Name:\t\ttestuser\r\n"
  },
  {
    "EventTime": "2025-08-03T12:29:07",
    "Hostname": "DC01.corp.local",
    "EventType": "AUDIT_FAILURE",
    "EventID": 4625,
    "SourceName": "Microsoft-Windows-Security-Auditing",
    "Channel": "Security",
    "Message": "An account failed to log on.\r\n\r\nSubject:\r\n\tSecurity ID:\t\tS-1-0-0\r\n\tAccount Name:\t\t-\r\n\tAccount Domain:\t\t-\r\n\tLogon ID:\t\t0x0\r\n\r\nLogon Type:\t\t3\r\n\r\nAccount For Which Logon Failed:\r\n\tSecurity ID:\t\tS-1-0-0\r\n\tAccount Name:\t\tadmin\r\n\tAccount Domain:\t\tCORP\r\n\r\nFailure Information:\r\n\tFailure Reason:\t\tUnknown user name or bad password.\r\n\tStatus:\t\t\t0xc000006d\r\n\tSub Status:\t\t0xc000006a\r\n\r\nNetwork Information:\r\n\tWorkstation Name:\tDC01\r\n\tSource Network Address:\t45.33.32.156\r\n\tSource Port:\t\t15337\r\n"
  },
  {
    "EventTime": "2025-08-03T12:05:02",
    "Hostname": "DC01.corp.local",
    "EventType": "AUDIT_FAILURE",
    "EventID": 4625,
    "SourceName": "Microsoft-Windows-Security-Auditing",
    "Channel": "Security",
    "Message": "An account failed to log on.\r\n\r\nSubject:\r\n\tSecurity ID:\t\tS-1-0-0\r\n\tAccount Name:\t\t-\r\n\tAccount Domain:\t\t-\r\n\tLogon ID:\t\t0x0\r\n\r\nLogon Type:\t\t3\r\n\r\nAccount For Which Logon Failed:\r\n\tSecurity ID:\t\tS-1-0-0\r\n\tAccount Name:\t\tguest\r\n\tAccount Domain:\t\tCORP\r\n\r\nFailure Information:\r\n\tFailure Reason:\t\tUnknown user name or bad password.\r\n\tStatus:\t\t\t0xc000006d\r\n\tSub Status:\t\t0xc000006a\r\n\r\nNetwork Information:\r\n\tWorkstation Name:\tDC01\r\n\tSource Network Address:\t203.0.113.45\r\n\tSource Port:\t\t22569\r\n"
  },
  {
    "EventTime": "2025-08-03T12:01:36",
    "Hostname": "DC01.corp.local",
    "EventType": "AUDIT_FAILURE",
    "EventID": 4625,
    "SourceName": "Microsoft-Windows-Security-Auditing",
    "Channel": "Security",
    "Message": "An account failed to log on.\r\n\r\nSubject:\r\n\tSecurity ID:\t\tS-1-0-0\r\n\tAccount Name:\t\t-\r\n\tAccount Domain:\t\t-\r\n\tLogon ID:\t\t0x0\r\n\r\nLogon Type:\t\t3\r\n\r\nAccount For Which Logon Failed:\r\n\tSecurity ID:\t\tS-1-0-0\r\n\tAccount Name:\t\tadmin\r\n\tAccount Domain:\t\tCORP\r\n\r\nFailure Information:\r\n\tFailure Reason:\t\tUnknown user name or bad password.\r\n\tStatus:\t\t\t0xc000006d\r\n\tSub Status:\t\t0xc000006a\r\n\r\nNetwork Information:\r\n\tWorkstation Name:\tDC01\r\n\tSource Network Address:\t45.33.32.156\r\n\tSource Port:\t\t26303\r\n"
  },
  {
    "EventTime": "2025-08-03T12:33:18",
    "Hostname": "DC01.corp.local",
    "EventType": "AUDIT_FAILURE",
    "EventID": 4625,
    "SourceName": "Microsoft-Windows-Security-Auditing",
    "Channel": "Security",
    "Message": "An account failed to log on.\r\n\r\nSubject:\r\n\tSecurity ID:\t\tS-1-0-0\r\n\tAccount Name:\t\t-\r\n\tAccount Domain:\t\t-\r\n\tLogon ID:\t\t0x0\r\n\r\nLogon Type:\t\t3\r\n\r\nAccount For Which Logon Failed:\r\n\tSecurity ID:\t\tS-1-0-0\r\n\tAccount Name:\t\tadmin\r\n\tAccount Domain:\t\tCORP\r\n\r\nFailure Information:\r\n\tFailure Reason:\t\tUnknown user name or bad password.\r\n\tStatus:\t\t\t0xc000006d\r\n\tSub Status:\t\t0xc000006a\r\n\r\nNetwork Information:\r\n\tWorkstation Name:\tDC01\r\n\tSource Network Address:\t162.243.187.132\r\n\tSource Port:\t\t22901\r\n"
  },
  {
    "EventTime": "2025-08-03T12:47:55",
    "Hostname": "DC01.corp.local",
    "EventType": "AUDIT_FAILURE",
    "EventID": 4625,
    "SourceName": "Microsoft-Windows-Security-Auditing",
    "Channel": "Security",
    "Message": "An account failed to log on.\r\n\r\nSubject:\r\n\tSecurity ID:\t\tS-1-0-0\r\n\tAccount Name:\t\t-\r\n\tAccount Domain:\t\t-\r\n\tLogon ID:\t\t0x0\r\n\r\nLogon Type:\t\t3\r\n\r\nAccount For Which Logon Failed:\r\n\tSecurity ID:\t\tS-1-0-0\r\n\tAccount Name:\t\tjinny\r\n\tAccount Domain:\t\tCORP\r\n\r\nFailure Information:\r\n\tFailure Reason:\t\tUnknown user name or bad password.\r\n\tStatus:\t\t\t0xc000006d\r\n\tSub Status:\t\t0xc000006a\r\n\r\nNetwork Information:\r\n\tWorkstation Name:\tDC01\r\n\tSource Network Address:\t162.243.187.132\r\n\tSource Port:\t\t60874\r\n"
  },
  {
    "EventTime": "2025-08-03T12:01:46",
    "Hostname": "DC01.corp.local",
    "EventType": "AUDIT_FAILURE",
    "EventID": 4634,
    "SourceName": "Microsoft-Windows-Security-Auditing",
    "Channel": "Security",
    "Message": "An account was logged off.\r\n\r\nAccount Name:\t\tuser1\r\n"
  },
  {
    "EventTime": "2025-08-03T12:48:41",
    "Hostname": "DC01.corp.local",
    "EventType": "AUDIT_FAILURE",
    "EventID": 4634,
    "SourceName": "Microsoft-Windows-Security-Auditing",
    "Channel": "Security",
    "Message": "An account was logged off.\r\n\r\nAccount Name:\t\tadmin\r\n"
  },
  {
    "EventTime": "2025-08-03T12:17:59",
    "Hostname": "DC01.corp.local",
    "EventType": "AUDIT_SUCCESS",
    "EventID": 4624,
    "SourceName": "Microsoft-Windows-Security-Auditing",
    "Channel": "Security",
    "Message": "An account was successfully logged on.\r\n\r\nSubject:\r\n\tSecurity ID:\t\tS-1-5-21\r\n\tAccount Name:\t\tguest\r\n\tAccount Domain:\t\tCORP\r\n\tLogon ID:\t\t0x1234\r\n\r\nLogon Type:\t\t2\r\n\r\nNetwork Information:\r\n\tSource Network Address:\t185.199.108.45\r\n\tSource Port:\t\t30429\r\n"
  },
  {
    "EventTime": "2025-08-03T12:34:22",
    "Hostname": "DC01.corp.local",
    "EventType": "AUDIT_FAILURE",
    "EventID": 4625,
    "SourceName": "Microsoft-Windows-Security-Auditing",
    "Channel": "Security",
    "Message": "An account failed to log on.\r\n\r\nSubject:\r\n\tSecurity ID:\t\tS-1-0-0\r\n\tAccount Name:\t\t-\r\n\tAccount Domain:\t\t-\r\n\tLogon ID:\t\t0x0\r\n\r\nLogon Type:\t\t3\r\n\r\nAccount For Which Logon Failed:\r\n\tSecurity ID:\t\tS-1-0-0\r\n\tAccount Name:\t\tuser1\r\n\tAccount Domain:\t\tCORP\r\n\r\nFailure Information:\r\n\tFailure Reason:\t\tUnknown user name or bad password.\r\n\tStatus:\t\t\t0xc000006d\r\n\tSub Status:\t\t0xc000006a\r\n\r\nNetwork Information:\r\n\tWorkstation Name:\tDC01\r\n\tSource Network Address:\t23.235.33.141\r\n\tSource Port:\t\t18611\r\n"
  },
  {
    "EventTime": "2025-08-03T12:15:50",
    "Hostname": "DC01.corp.local",
    "EventType": "AUDIT_SUCCESS",
    "EventID": 4624,
    "SourceName": "Microsoft-Windows-Security-Auditing",
    "Channel": "Security",
    "Message": "An account was successfully logged on.\r\n\r\nSubject:\r\n\tSecurity ID:\t\tS-1-5-21\r\n\tAccount Name:\t\tguest\r\n\tAccount Domain:\t\tCORP\r\n\tLogon ID:\t\t0x1234\r\n\r\nLogon Type:\t\t2\r\n\r\nNetwork Information:\r\n\tSource Network Address:\t185.199.108.45\r\n\tSource Port:\t\t47749\r\n"
  },
  {
    "EventTime": "2025-08-03T12:16:39",
    "Hostname": "DC01.corp.local",
    "EventType": "AUDIT_FAILURE",
    "EventID": 4648,
    "SourceName": "Microsoft-Windows-Security-Auditing",
    "Channel": "Security",
    "Message": "A logon was attempted using explicit credentials.\r\n\r\nAccount Name:\t\tuser1\r\n\tNetwork Address:\t51.79.19.58\r\n\tPort:\t\t16912\r\n"
  },
  {
    "EventTime": "2025-08-03T12:16:54",
    "Hostname": "DC01.corp.local",
    "EventType": "AUDIT_SUCCESS",
    "EventID": 4624,
    "SourceName": "Microsoft-Windows-Security-Auditing",
    "Channel": "Security",
    "Message": "An account was successfully logged on.\r\n\r\nSubject:\r\n\tSecurity ID:\t\tS-1-5-21\r\n\tAccount Name:\t\tuser1\r\n\tAccount Domain:\t\tCORP\r\n\tLogon ID:\t\t0x1234\r\n\r\nLogon Type:\t\t2\r\n\r\nNetwork Information:\r\n\tSource Network Address:\t23.235.33.141\r\n\tSource Port:\t\t42330\r\n"
  },
  {
    "EventTime": "2025-08-03T12:31:29",
    "Hostname": "DC01.corp.local",
    "EventType": "AUDIT_SUCCESS",
    "EventID": 4624,
    "SourceName": "Microsoft-Windows-Security-Auditing",
    "Channel": "Security",
    "Message": "An account was successfully logged on.\r\n\r\nSubject:\r\n\tSecurity ID:\t\tS-1-5-21\r\n\tAccount Name:\t\tguest\r\n\tAccount Domain:\t\tCORP\r\n\tLogon ID:\t\t0x1234\r\n\r\nLogon Type:\t\t2\r\n\r\nNetwork Information:\r\n\tSource Network Address:\t45.79.0.12\r\n\tSource Port:\t\t47164\r\n"
  },
  {
    "EventTime": "2025-08-03T12:30:32",
    "Hostname": "DC01.corp.local",
    "EventType": "AUDIT_FAILURE",
    "EventID": 4634,
    "SourceName": "Microsoft-Windows-Security-Auditing",
    "Channel": "Security",
    "Message": "An account was logged off.\r\n\r\nAccount Name:\t\tjinny\r\n"
  },
  {
    "EventTime": "2025-08-03T12:11:34",
    "Hostname": "DC01.corp.local",
    "EventType": "AUDIT_SUCCESS",
    "EventID": 4624,
    "SourceName": "Microsoft-Windows-Security-Auditing",
    "Channel": "Security",
    "Message": "An account was successfully logged on.\r\n\r\nSubject:\r\n\tSecurity ID:\t\tS-1-5-21\r\n\tAccount Name:\t\thradmin\r\n\tAccount Domain:\t\tCORP\r\n\tLogon ID:\t\t0x1234\r\n\r\nLogon Type:\t\t2\r\n\r\nNetwork Information:\r\n\tSource Network Address:\t185.199.108.45\r\n\tSource Port:\t\t25026\r\n"
  },
  {
    "EventTime": "2025-08-03T13:00:00",
    "Hostname": "DC01.corp.local",
    "EventType": "AUDIT_FAILURE",
    "EventID": 4648,
    "SourceName": "Microsoft-Windows-Security-Auditing",
    "Channel": "Security",
    "Message": "A logon was attempted using explicit credentials.\r\n\r\nAccount Name:\t\thradmin\r\n\tNetwork Address:\t8.8.8.8\r\n\tPort:\t\t3646\r\n"
  }
]