  {
    "EventTime": "2025-08-03T12:07:32",
    "Hostname": "DC01.corp.local",
    "EventType": "AUDIT_FAILURE",
    "EventID": 4625,
    "SourceName": "Microsoft-Windows-Security-Auditing",
    "Channel": "Security",
    "Message": "An account failed to log on.\r\n\r\nSubject:\r\n\tSecurity ID:\t\tS-1-0-0\r\n\tAccount Name:\t\t-\r\n\tAccount Domain:\t\t-\r\n\tLogon ID:\t\t0x0\r\n\r\nLogon Type:\t\t3\r\n\r\nAccount For Which Logon Failed:\r\n\tSecurity ID:\t\tS-1-0-0\r\n\tAccount Name:\t\tadmin\r\n\tAccount Domain:\t\tCORP\r\n\r\nFailure Information:\r\n\tFailure Reason:\t\tUnknown user name or bad password.\r\n\tStatus:\t\t\t0xc000006d\r\n\tSub Status:\t\t0xc000006a\r\n\r\nNetwork Information:\r\n\tWorkstation Name:\tDC01\r\n\tSource Network Address:\t203.0.113.76\r\n\tSource Port:\t\t6495\r\n"
  },
  {
    "EventTime": "2025-08-03T12:33:55",
    "Hostname": "DC01.corp.local",
    "EventType": "AUDIT_FAILURE",
    "EventID": 4634,
    "SourceName": "Microsoft-Windows-Security-Auditing",
    "Channel": "Security",
    "Message": "An account was logged off.\r\n\r\nAccount Name:\t\tadministrator\r\n"
  },
  {
    "EventTime": "2025-08-03T12:47:34",
    "Hostname": "DC01.corp.local",
    "EventType": "AUDIT_SUCCESS",
    "EventID": 4624,
    "SourceName": "Microsoft-Windows-Security-Auditing",
    "Channel": "Security",
    "Message": "An account was successfully logged on.\r\n\r\nSubject:\r\n\tSecurity ID:\t\tS-1-5-21\r\n\tAccount Name:\t\ttestuser\r\n\tAccount Domain:\t\tCORP\r\n\tLogon ID:\t\t0x1234\r\n\r\nLogon Type:\t\t2\r\n\r\nNetwork Information:\r\n\tSource Network Address:\t185.199.108.45\r\n\tSource Port:\t\t61941\r\n"
  },
  {
    "EventTime": "2025-08-03T12:08:31",
    "Hostname": "DC01.corp.local",
    "EventType": "AUDIT_SUCCESS",
    "EventID": 4624,
    "SourceName": "Microsoft-Windows-Security-Auditing",
    "Channel": "Security",
    "Message": "An account was successfully logged on.\r\n\r\nSubject:\r\n\tSecurity ID:\t\tS-1-5-21\r\n\tAccount Name:\t\tadmin\r\n\tAccount Domain:\t\tCORP\r\n\tLogon ID:\t\t0x1234\r\n\r\nLogon Type:\t\t2\r\n\r\nNetwork Information:\r\n\tSource Network Address:\t198.51.100.23\r\n\tSource Port:\t\t24799\r\n"
  },
  {
    "EventTime": "2025-08-03T12:51:19",
    "Hostname": "DC01.corp.local",
    "EventType": "AUDIT_FAILURE",
    "EventID": 5140,
    "SourceName": "Microsoft-Windows-Security-Auditing",
    "Channel": "Security",
    "Message": "A network share object was accessed.\r\n\r\n\tSource Network Address:\t198.51.100.23\r\n"
  },
  {
    "EventTime": "2025-08-03T12:52:38",
    "Hostname": "DC01.corp.local",
    "EventType": "AUDIT_FAILURE",
    "EventID": 4625,
    "SourceName": "Microsoft-Windows-Security-Auditing",
    "Channel": "Security",
    "Message": "An account failed to log on.\r\n\r\nSubject:\r\n\tSecurity ID:\t\tS-1-0-0\r\n\tAccount Name:\t\t-\r\n\tAccount Domain:\t\t-\r\n\tLogon ID:\t\t0x0\r\n\r\nLogon Type:\t\t3\r\n\r\nAccount For Which Logon Failed:\r\n\tSecurity ID:\t\tS-1-0-0\r\n\tAccount Name:\t\tguest\r\n\tAccount Domain:\t\tCORP\r\n\r\nFailure Information:\r\n\tFailure Reason:\t\tUnknown user name or bad password.\r\n\tStatus:\t\t\t0xc000006d\r\n\tSub Status:\t\t0xc000006a\r\n\r\nNetwork Information:\r\n\tWorkstation Name:\tDC01\r\n\tSource Network Address:\t162.243.187.132\r\n\tSource Port:\t\t23943\r\n"
  },
  {
    "EventTime": "2025-08-03T12:29:58",
    "Hostname": "DC01.corp.local",
    "EventType": "AUDIT_SUCCESS",
    "EventID": 4624,
    "SourceName": "Microsoft-Windows-Security-Auditing",
    "Channel": "Security",
    "Message": "An account was successfully logged on.\r\n\r\nSubject:\r\n\tSecurity ID:\t\tS-1-5-21\r\n\tAccount Name:\t\tadministrator\r\n\tAccount Domain:\t\tCORP\r\n\tLogon ID:\t\t0x1234\r\n\r\nLogon Type:\t\t2\r\n\r\nNetwork Information:\r\n\tSource Network Address:\t198.51.100.23\r\n\tSource Port:\t\t12713\r\n"
  },
  {
    "EventTime": "2025-08-03T12:37:03",
    "Hostname": "DC01.corp.local",
    "EventType": "AUDIT_FAILURE",
    "EventID": 4625,
    "SourceName": "Microsoft-Windows-Security-Auditing",
    "Channel": "Security",
    "Message": "An account failed to log on.\r\n\r\nSubject:\r\n\tSecurity ID:\t\tS-1-0-0\r\n\tAccount Name:\t\t-\r\n\tAccount Domain:\t\t-\r\n\tLogon ID:\t\t0x0\r\n\r\nLogon Type:\t\t3\r\n\r\nAccount For Which Logon Failed:\r\n\tSecurity ID:\t\tS-1-0-0\r\n\tAccount Name:\t\tguest\r\n\tAccount Domain:\t\tCORP\r\n\r\nFailure Information:\r\n\tFailure Reason:\t\tUnknown user name or bad password.\r\n\tStatus:\t\t\t0xc000006d\r\n\tSub Status:\t\t0xc000006a\r\n\r\nNetwork Information:\r\n\tWorkstation Name:\tDC01\r\n\tSource Network Address:\t45.33.32.156\r\n\tSource Port:\t\t52859\r\n"
  },
  {
    "EventTime": "2025-08-03T12:40:39",
    "Hostname": "DC01.corp.local",
    "EventType": "AUDIT_FAILURE",
    "EventID": 4625,
    "SourceName": "Microsoft-Windows-Security-Auditing",
    "Channel": "Security",
    "Message": "An account failed to log on.\r\n\r\nSubject:\r\n\tSecurity ID:\t\tS-1-0-0\r\n\tAccount Name:\t\t-\r\n\tAccount Domain:\t\t-\r\n\tLogon ID:\t\t0x0\r\n\r\nLogon Type:\t\t3\r\n\r\nAccount For Which Logon Failed:\r\n\tSecurity ID:\t\tS-1-0-0\r\n\tAccount Name:\t\tjsmith\r\n\tAccount Domain:\t\tCORP\r\n\r\nFailure Information:\r\n\tFailure Reason:\t\tUnknown user name or bad password.\r\n\tStatus:\t\t\t0xc000006d\r\n\tSub Status:\t\t0xc000006a\r\n\r\nNetwork Information:\r\n\tWorkstation Name:\tDC01\r\n\tSource Network Address:\t45.79.0.12\r\n\tSource Port:\t\t64287\r\n"
  },
  {
    "EventTime": "2025-08-03T12:52:55",
    "Hostname": "DC01.corp.local",
    "EventType": "AUDIT_FAILURE",
    "EventID": 4634,
    "SourceName": "Microsoft-Windows-Security-Auditing",
    "Channel": "Security",
    "Message": "An account was logged off.\r\n\r\nAccount Name:\t\tadministrator\r\n"
  },
  {
    "EventTime": "2025-08-03T12:43:36",
    "Hostname": "DC01.corp.local",
    "EventType": "AUDIT_FAILURE",
    "EventID": 4634,
    "SourceName": "Microsoft-Windows-Security-Auditing",
    "Channel": "Security",
    "Message": "An account was logged off.\r\n\r\nAccount Name:\t\tjinny\r\n"
  },
  {
    "EventTime": "2025-08-03T12:48:42",
    "Hostname": "DC01.corp.local",
    "EventType": "AUDIT_SUCCESS",
    "EventID": 4624,
    "SourceName": "Microsoft-Windows-Security-Auditing",
    "Channel": "Security",
    "Message": "An account was successfully logged on.\r\n\r\nSubject:\r\n\tSecurity ID:\t\tS-1-5-21\r\n\tAccount Name:\t\tadministrator\r\n\tAccount Domain:\t\tCORP\r\n\tLogon ID:\t\t0x1234\r\n\r\nLogon Type:\t\t2\r\n\r\nNetwork Information:\r\n\tSource Network Address:\t185.199.108.45\r\n\tSource Port:\t\t5865\r\n"
  },
  {
    "EventTime": "2025-08-03T12:55:20",
    "Hostname": "DC01.corp.local",
    "EventType": "AUDIT_FAILURE",
    "EventID": 4625,
    "SourceName": "Microsoft-Windows-Security-Auditing",
    "Channel": "Security",
    "Message": "An account failed to log on.\r\n\r\nSubject:\r\n\tSecurity ID:\t\tS-1-0-0\r\n\tAccount Name:\t\t-\r\n\tAccount Domain:\t\t-\r\n\tLogon ID:\t\t0x0\r\n\r\nLogon Type:\t\t3\r\n\r\nAccount For Which Logon Failed:\r\n\tSecurity ID:\t\tS-1-0-0\r\n\tAccount Name:\t\tjsmith\r\n\tAccount Domain:\t\tCORP\r\n\r\nFailure Information:\r\n\tFailure Reason:\t\tUnknown user name or bad password.\r\n\tStatus:\t\t\t0xc000006d\r\n\tSub Status:\t\t0xc000006a\r\n\r\nNetwork Information:\r\n\tWorkstation Name:\tDC01\r\n\tSource Network Address:\t198.51.100.23\r\n\tSource Port:\t\t10437\r\n"
  },
  {
    "EventTime": "2025-08-03T12:30:23",
    "Hostname": "DC01.corp.local",
    "EventType": "AUDIT_FAILURE",
    "EventID": 4625,
    "SourceName": "Microsoft-Windows-Security-Auditing",
    "Channel": "Security",
    "Message": "An account failed to log on.\r\n\r\nSubject:\r\n\tSecurity ID:\t\tS-1-0-0\r\n\tAccount Name:\t\t-\r\n\tAccount Domain:\t\t-\r\n\tLogon ID:\t\t0x0\r\n\r\nLogon Type:\t\t3\r\n\r\nAccount For Which Logon Failed:\r\n\tSecurity ID:\t\tS-1-0-0\r\n\tAccount Name:\t\tuser1\r\n\tAccount Domain:\t\tCORP\r\n\r\nFailure Information:\r\n\tFailure Reason:\t\tUnknown user name or bad password.\r\n\tStatus:\t\t\t0xc000006d\r\n\tSub Status:\t\t0xc000006a\r\n\r\nNetwork Information:\r\n\tWorkstation Name:\tDC01\r\n\tSource Network Address:\t203.0.113.76\r\n\tSource Port:\t\t18773\r\n"
  },
  {
    "EventTime": "2025-08-03T12:34:43",
    "Hostname": "DC01.corp.local",
    "EventType": "AUDIT_FAILURE",
    "EventID": 4634,
    "SourceName": "Microsoft-Windows-Security-Auditing",
    "Channel": "Security",
    "Message": "An account was logged off.\r\n\r\nAccount Name:\t\tadmin\r\n"
  },
  {
    "EventTime": "2025-08-03T12:24:13",
    "Hostname": "DC01.corp.local",
    "EventType": "AUDIT_FAILURE",
    "EventID": 4634,
    "SourceName": "Microsoft-Windows-Security-Auditing",
    "Channel": "Security",
    "Message": "An account was logged off.\r\n\r\nAccount Name:\t\tadministrator\r\n"
  },
  {
    "EventTime": "2025-08-03T12:41:49",
    "Hostname": "DC01.corp.local",
    "EventType": "AUDIT_FAILURE",
    "EventID": 5140,
    "SourceName": "Microsoft-Windows-Security-Auditing",
    "Channel": "Security",
    "Message": "A network share object was accessed.\r\n\r\n\tSource Network Address:\t45.33.32.156\r\n"
  },
  {
    "EventTime": "2025-08-03T12:34:58",
    "Hostname": "DC01.corp.local",
    "EventType": "AUDIT_FAILURE",
    "EventID": 5140,
    "SourceName": "Microsoft-Windows-Security-Auditing",
    "Channel": "Security",
    "Message": "A network share object was accessed.\r\n\r\n\tSource Network Address:\t104.244.42.1\r\n"
  },
  {
    "EventTime": "2025-08-03T12:31:57",
    "Hostname": "DC01.corp.local",
    "EventType": "AUDIT_SUCCESS",
    "EventID": 4624,
    "SourceName": "Microsoft-Windows-Security-Auditing",
    "Channel": "Security",
    "Message": "An account was successfully logged on.\r\n\r\nSubject:\r\n\tSecurity ID:\t\tS-1-5-21\r\n\tAccount Name:\t\tguest\r\n\tAccount Domain:\t\tCORP\r\n\tLogon ID:\t\t0x1234\r\n\r\nLogon Type:\t\t2\r\n\r\nNetwork Information:\r\n\tSource Network Address:\t23.235.33.141\r\n\tSource Port:\t\t23671\r\n"
  },
  {
    "EventTime": "2025-08-03T12:23:49",
    "Hostname": "DC01.corp.local",
    "EventType": "AUDIT_FAILURE",
    "EventID": 4625,
    "SourceName": "Microsoft-Windows-Security-Auditing",
    "Channel": "Security",
    "Message": "An account failed to log on.\r\n\r\nSubject:\r\n\tSecurity ID:\t\tS-1-0-0\r\n\tAccount Name:\t\t-\r\n\tAccount Domain:\t\t-\r\n\tLogon ID:\t\t0x0\r\n\r\nLogon Type:\t\t3\r\n\r\nAccount For Which Logon Failed:\r\n\tSecurity ID:\t\tS-1-0-0\r\n\tAccount Name:\t\thradmin\r\n\tAccount Domain:\t\tCORP\r\n\r\nFailure Information:\r\n\tFailure Reason:\t\tUnknown user name or bad password.\r\n\tStatus:\t\t\t0xc000006d\r\n\tSub Status:\t\t0xc000006a\r\n\r\nNetwork Information:\r\n\tWorkstation Name:\tDC01\r\n\tSource Network Address:\t162.243.187.132\r\n\tSource Port:\t\t4756\r\n"
  },
  {
    "EventTime": "2025-08-03T12:50:34",
    "Hostname": "DC01.corp.local",
    "EventType": "AUDIT_SUCCESS",
    "EventID": 4624,
    "SourceName": "Microsoft-Windows-Security-Auditing",
    "Channel": "Security",
    "Message": "An account was successfully logged on.\r\n\r\nSubject:\r\n\tSecurity ID:\t\tS-1-5-21\r\n\tAccount Name:\t\thradmin\r\n\tAccount Domain:\t\tCORP\r\n\tLogon ID:\t\t0x1234\r\n\r\nLogon Type:\t\t2\r\n\r\nNetwork Information:\r\n\tSource Network Address:\t104.244.42.1\r\n\tSource Port:\t\t36804\r\n"
  },
  {
    "EventTime": "2025-08-03T12:35:57",
    "Hostname": "DC01.corp.local",
    "EventType": "AUDIT_FAILURE",
    "EventID": 4625,
    "SourceName": "Microsoft-Windows-Security-Auditing",
    "Channel": "Security",
    "Message": "An account failed to log on.\r\n\r\nSubject:\r\n\tSecurity ID:\t\tS-1-0-0\r\n\tAccount Name:\t\t-\r\n\tAccount Domain:\t\t-\r\n\tLogon ID:\t\t0x0\r\n\r\nLogon Type:\t\t3\r\n\r\nAccount For Which Logon Failed:\r\n\tSecurity ID:\t\tS-1-0-0\r\n\tAccount Name:\t\tuser1\r\n\tAccount Domain:\t\tCORP\r\n\r\nFailure Information:\r\n\tFailure Reason:\t\tUnknown user name or bad password.\r\n\tStatus:\t\t\t0xc000006d\r\n\tSub Status:\t\t0xc000006a\r\n\r\nNetwork Information:\r\n\tWorkstation Name:\tDC01\r\n\tSource Network Address:\t198.51.100.23\r\n\tSource Port:\t\t47585\r\n"
  },
  {
    "EventTime": "2025-08-03T12:55:15",
    "Hostname": "DC01.corp.local",
    "EventType": "AUDIT_FAILURE",
    "EventID": 4648,
    "SourceName": "Microsoft-Windows-Security-Auditing",
    "Channel": "Security",
    "Message": "A logon was attempted using explicit credentials.\r\n\r\nAccount Name:\t\tadmin\r\n\tNetwork Address:\t203.0.113.45\r\n\tPort:\t\t54572\r\n"
  },
  {
    "EventTime": "2025-08-03T12:27:27",
    "Hostname": "DC01.corp.local",
    "EventType": "AUDIT_FAILURE",
    "EventID": 5140,
    "SourceName": "Microsoft-Windows-Security-Auditing",
    "Channel": "Security",
    "Message": "A network share object was accessed.\r\n\r\n\tSource Network Address:\t185.199.108.45\r\n"
  },
  {
    "EventTime": "2025-08-03T12:01:18",
    "Hostname": "DC01.corp.local",
    "EventType": "AUDIT_FAILURE",
    "EventID": 4625,
    "SourceName": "Microsoft-Windows-Security-Auditing",
    "Channel": "Security",
    "Message": "An account failed to log on.\r\n\r\nSubject:\r\n\tSecurity ID:\t\tS-1-0-0\r\n\tAccount Name:\t\t-\r\n\tAccount Domain:\t\t-\r\n\tLogon ID:\t\t0x0\r\n\r\nLogon Type:\t\t3\r\n\r\nAccount For Which Logon Failed:\r\n\tSecurity ID:\t\tS-1-0-0\r\n\tAccount Name:\t\thradmin\r\n\tAccount Domain:\t\tCORP\r\n\r\nFailure Information:\r\n\tFailure Reason:\t\tUnknown user name or bad password.\r\n\tStatus:\t\t\t0xc000006d\r\n\tSub Status:\t\t0xc000006a\r\n\r\nNetwork Information:\r\n\tWorkstation Name:\tDC01\r\n\tSource Network Address:\t203.0.113.76\r\n\tSource Port:\t\t2509\r\n"
  },
  {
    "EventTime": "2025-08-03T12:51:24",
    "Hostname": "DC01.corp.local",
    "EventType": "AUDIT_SUCCESS",
    "EventID": 4624,
    "SourceName": "Microsoft-Windows-Security-Auditing",
    "Channel": "Security",
    "Message": "An account was successfully logged on.\r\n\r\nSubject:\r\n\tSecurity ID:\t\tS-1-5-21\r\n\tAccount Name:\t\tjsmith\r\n\tAccount Domain:\t\tCORP\r\n\tLogon ID:\t\t0x1234\r\n\r\nLogon Type:\t\t2\r\n\r\nNetwork Information:\r\n\tSource Network Address:\t185.199.108.45\r\n\tSource Port:\t\t28192\r\n"
  },
  {
    "EventTime": "2025-08-03T12:08:09",
    "Hostname": "DC01.corp.local",
    "EventType": "AUDIT_FAILURE",
    "EventID": 4634,
    "SourceName": "Microsoft-Windows-Security-Auditing",
    "Channel": "Security",
    "Message": "An account was logged off.\r\n\r\nAccount Name:\t\thradmin\r\n"
  },
  {
    "EventTime": "2025-08-03T12:10:27",
    "Hostname": "DC01.corp.local",
    "EventType": "AUDIT_SUCCESS",
    "EventID": 4624,
    "SourceName": "Microsoft-Windows-Security-Auditing",
    "Channel": "Security",
    "Message": "An account was successfully logged on.\r\n\r\nSubject:\r\n\tSecurity ID:\t\tS-1-5-21\r\n\tAccount Name:\t\tjinny\r\n\tAccount Domain:\t\tCORP\r\n\tLogon ID:\t\t0x1234\r\n\r\nLogon Type:\t\t2\r\n\r\nNetwork Information:\r\n\tSource Network Address:\t104.244.42.1\r\n\tSource Port:\t\t53385\r\n"
  },
  {
    "EventTime": "2025-08-03T12:06:02",
    "Hostname": "DC01.corp.local",
    "EventType": "AUDIT_FAILURE",
    "EventID": 4625,
    "SourceName": "Microsoft-Windows-Security-Auditing",
    "Channel": "Security",
    "Message": "An account failed to log on.\r\n\r\nSubject:\r\n\tSecurity ID:\t\tS-1-0-0\r\n\tAccount Name:\t\t-\r\n\tAccount Domain:\t\t-\r\n\tLogon ID:\t\t0x0\r\n\r\nLogon Type:\t\t3\r\n\r\nAccount For Which Logon Failed:\r\n\tSecurity ID:\t\tS-1-0-0\r\n\tAccount Name:\t\tjinny\r\n\tAccount Domain:\t\tCORP\r\n\r\nFailure Information:\r\n\tFailure Reason:\t\tUnknown user name or bad password.\r\n\tStatus:\t\t\t0xc000006d\r\n\tSub Status:\t\t0xc000006a\r\n\r\nNetwork Information:\r\n\tWorkstation Name:\tDC01\r\n\tSource Network Address:\t45.79.0.12\r\n\tSource Port:\t\t65437\r\n"
  },
  {
    "EventTime": "2025-08-03T12:01:50",
    "Hostname": "DC01.corp.local",
    "EventType": "AUDIT_SUCCESS",
    "EventID": 4624,
    "SourceName": "Microsoft-Windows-Security-Auditing",
    "Channel": "Security",
    "Message": "An account was successfully logged on.\r\n\r\nSubject:\r\n\tSecurity ID:\t\tS-1-5-21\r\n\tAccount Name:\t\tadmin\r\n\tAccount Domain:\t\tCORP\r\n\tLogon ID:\t\t0x1234\r\n\r\nLogon Type:\t\t2\r\n\r\nNetwork Information:\r\n\tSource Network Address:\t185.199.108.45\r\n\tSource Port:\t\t17591\r\n"
  },
  {
    "EventTime": "2025-08-03T12:06:07",
    "Hostname": "DC01.corp.local",
    "EventType": "AUDIT_SUCCESS",
    "EventID": 4624,
    "SourceName": "Microsoft-Windows-Security-Auditing",
    "Channel": "Security",
    "Message": "An account was successfully logged on.\r\n\r\nSubject:\r\n\tSecurity ID:\t\tS-1-5-21\r\n\tAccount Name:\t\tuser1\r\n\tAccount Domain:\t\tCORP\r\n\tLogon ID:\t\t0x1234\r\n\r\nLogon Type:\t\t2\r\n\r\nNetwork Information:\r\n\tSource Network Address:\t203.0.113.45\r\n\tSource Port:\t\t13877\r\n"
  },
  {
    "EventTime": "2025-08-03T12:23:42",
    "Hostname": "DC01.corp.local",
    "EventType": "AUDIT_FAILURE",
    "EventID": 4625,
    "SourceName": "Microsoft-Windows-Security-Auditing",
    "Channel": "Security",
    "Message": "An account failed to log on.\r\n\r\nSubject:\r\n\tSecurity ID:\t\tS-1-0-0\r\n\tAccount Name:\t\t-\r\n\tAccount Domain:\t\t-\r\n\tLogon ID:\t\t0x0\r\n\r\nLogon Type:\t\t3\r\n\r\nAccount For Which Logon Failed:\r\n\tSecurity ID:\t\tS-1-0-0\r\n\tAccount Name:\t\thradmin\r\n\tAccount Domain:\t\tCORP\r\n\r\nFailure Information:\r\n\tFailure Reason:\t\tUnknown user name or bad password.\r\n\tStatus:\t\t\t0xc000006d\r\n\tSub Status:\t\t0xc000006a\r\n\r\nNetwork Information:\r\n\tWorkstation Name:\tDC01\r\n\tSource Network Address:\t8.8.8.8\r\n\tSource Port:\t\t49255\r\n"
  },
  {
    "EventTime": "2025-08-03T12:22:24",
    "Hostname": "DC01.corp.local",
    "EventType": "AUDIT_FAILURE",
    "EventID": 4625,
    "SourceName": "Microsoft-Windows-Security-Auditing",
    "Channel": "Security",
    "Message": "An account failed to log on.\r\n\r\nSubject:\r\n\tSecurity ID:\t\tS-1-0-0\r\n\tAccount Name:\t\t-\r\n\tAccount Domain:\t\t-\r\n\tLogon ID:\t\t0x0\r\n\r\nLogon Type:\t\t3\r\n\r\nAccount For Which Logon Failed:\r\n\tSecurity ID:\t\tS-1-0-0\r\n\tAccount Name:\t\ttestuser\r\n\tAccount Domain:\t\tCORP\r\n\r\nFailure Information:\r\n\tFailure Reason:\t\tUnknown user name or bad password.\r\n\tStatus:\t\t\t0xc000006d\r\n\tSub Status:\t\t0xc000006a\r\n\r\nNetwork Information:\r\n\tWorkstation Name:\tDC01\r\n\tSource Network Address:\t162.243.187.132\r\n\tSource Port:\t\t36563\r\n"
  },
  {
    "EventTime": "2025-08-03T12:25:34",
    "Hostname": "DC01.corp.local",
    "EventType": "AUDIT_FAILURE",
    "EventID": 4625,
    "SourceName": "Microsoft-Windows-Security-Auditing",
    "Channel": "Security",
    "Message": "An account failed to log on.\r\n\r\nSubject:\r\n\tSecurity ID:\t\tS-1-0-0\r\n\tAccount Name:\t\t-\r\n\tAccount Domain:\t\t-\r\n\tLogon ID:\t\t0x0\r\n\r\nLogon Type:\t\t3\r\n\r\nAccount For Which Logon Failed:\r\n\tSecurity ID:\t\tS-1-0-0\r\n\tAccount Name:\t\thradmin\r\n\tAccount Domain:\t\tCORP\r\n\r\nFailure Information:\r\n\tFailure Reason:\t\tUnknown user name or bad password.\r\n\tStatus:\t\t\t0xc000006d\r\n\tSub Status:\t\t0xc000006a\r\n\r\nNetwork Information:\r\n\tWorkstation Name:\tDC01\r\n\tSource Network Address:\t203.0.113.45\r\n\tSource Port:\t\t63464\r\n"
  },
  {
    "EventTime": "2025-08-03T12:38:03",
    "Hostname": "DC01.corp.local",
    "EventType": "AUDIT_FAILURE",
    "EventID": 4625,
    "SourceName": "Microsoft-Windows-Security-Auditing",
    "Channel": "Security",
    "Message": "An account failed to log on.\r\n\r\nSubject:\r\n\tSecurity ID:\t\tS-1-0-0\r\n\tAccount Name:\t\t-\r\n\tAccount Domain:\t\t-\r\n\tLogon ID:\t\t0x0\r\n\r\nLogon Type:\t\t3\r\n\r\nAccount For Which Logon Failed:\r\n\tSecurity ID:\t\tS-1-0-0\r\n\tAccount Name:\t\thradmin\r\n\tAccount Domain:\t\tCORP\r\n\r\nFailure Information:\r\n\tFailure Reason:\t\tUnknown user name or bad password.\r\n\tStatus:\t\t\t0xc000006d\r\n\tSub Status:\t\t0xc000006a\r\n\r\nNetwork Information:\r\n\tWorkstation Name:\tDC01\r\n\tSource Network Address:\t203.0.113.45\r\n\tSource Port:\t\t53688\r\n"
  },
  {
    "EventTime": "2025-08-03T12:55:40",
    "Hostname": "DC01.corp.local",
    "EventType": "AUDIT_SUCCESS",
    "EventID": 4624,
    "SourceName": "Microsoft-Windows-Security-Auditing",
    "Channel": "Security",
    "Message": "An account was successfully logged on.\r\n\r\nSubject:\r\n\tSecurity ID:\t\tS-1-5-21\r\n\tAccount Name:\t\tguest\r\n\tAccount Domain:\t\tCORP\r\n\tLogon ID:\t\t0x1234\r\n\r\nLogon Type:\t\t2\r\n\r\nNetwork Information:\r\n\tSource Network Address:\t203.0.113.45\r\n\tSource Port:\t\t12413\r\n"
  },
  {
    "EventTime": "2025-08-03T12:11:35",
    "Hostname": "DC01.corp.local",
    "EventType": "AUDIT_FAILURE",
    "EventID": 4625,
    "SourceName": "Microsoft-Windows-Security-Auditing",
    "Channel": "Security",
    "Message": "An account failed to log on.\r\n\r\nSubject:\r\n\tSecurity ID:\t\tS-1-0-0\r\n\tAccount Name:\t\t-\r\n\tAccount Domain:\t\t-\r\n\tLogon ID:\t\t0x0\r\n\r\nLogon Type:\t\t3\r\n\r\nAccount For Which Logon Failed:\r\n\tSecurity ID:\t\tS-1-0-0\r\n\tAccount Name:\t\tguest\r\n\tAccount Domain:\t\tCORP\r\n\r\nFailure Information:\r\n\tFailure Reason:\t\tUnknown user name or bad password.\r\n\tStatus:\t\t\t0xc000006d\r\n\tSub Status:\t\t0xc000006a\r\n\r\nNetwork Information:\r\n\tWorkstation Name:\tDC01\r\n\tSource Network Address:\t162.243.187.132\r\n\tSource Port:\t\t10425\r\n"
  },
  {
    "EventTime": "2025-08-03T12:44:47",
    "Hostname": "DC01.corp.local",
    "EventType": "AUDIT_FAILURE",
    "EventID": 4648,
    "SourceName": "Microsoft-Windows-Security-Auditing",
    "Channel": "Security",
    "Message": "A logon was attempted using explicit credentials.\r\n\r\nAccount Name:\t\tguest\r\n\tNetwork Address:\t23.235.33.141\r\n\tPort:\t\t36804\r\n"
  },
  {
    "EventTime": "2025-08-03T12:38:06",
    "Hostname": "DC01.corp.local",
    "EventType": "AUDIT_FAILURE",
    "EventID": 4625,
    "SourceName": "Microsoft-Windows-Security-Auditing",
    "Channel": "Security",
    "Message": "An account failed to log on.\r\n\r\nSubject:\r\n\tSecurity ID:\t\tS-1-0-0\r\n\tAccount Name:\t\t-\r\n\tAccount Domain:\t\t-\r\n\tLogon ID:\t\t0x0\r\n\r\nLogon Type:\t\t3\r\n\r\nAccount For Which Logon Failed:\r\n\tSecurity ID:\t\tS-1-0-0\r\n\tAccount Name:\t\tjsmith\r\n\tAccount Domain:\t\tCORP\r\n\r\nFailure Information:\r\n\tFailure Reason:\t\tUnknown user name or bad password.\r\n\tStatus:\t\t\t0xc000006d\r\n\tSub Status:\t\t0xc000006a\r\n\r\nNetwork Information:\r\n\tWorkstation Name:\tDC01\r\n\tSource Network Address:\t104.244.42.1\r\n\tSource Port:\t\t40312\r\n"
  },
  {
    "EventTime": "2025-08-03T12:36:42",
    "Hostname": "DC01.corp.local",
    "EventType": "AUDIT_FAILURE",
    "EventID": 4625,
    "SourceName": "Microsoft-Windows-Security-Auditing",
    "Channel": "Security",
    "Message": "An account failed to log on.\r\n\r\nSubject:\r\n\tSecurity ID:\t\tS-1-0-0\r\n\tAccount Name:\t\t-\r\n\tAccount Domain:\t\t-\r\n\tLogon ID:\t\t0x0\r\n\r\nLogon Type:\t\t3\r\n\r\nAccount For Which Logon Failed:\r\n\tSecurity ID:\t\tS-1-0-0\r\n\tAccount Name:\t\thradmin\r\n\tAccount Domain:\t\tCORP\r\n\r\nFailure Information:\r\n\tFailure Reason:\t\tUnknown user name or bad password.\r\n\tStatus:\t\t\t0xc000006d\r\n\tSub Status:\t\t0xc000006a\r\n\r\nNetwork Information:\r\n\tWorkstation Name:\tDC01\r\n\tSource Network Address:\t45.33.32.156\r\n\tSource Port:\t\t34134\r\n"
  },
  {
    "EventTime": "2025-08-03T12:23:36",
    "Hostname": "DC01.corp.local",
    "EventType": "AUDIT_FAILURE",
    "EventID": 4625,
    "SourceName": "Microsoft-Windows-Security-Auditing",
    "Channel": "Security",
    "Message": "An account failed to log on.\r\n\r\nSubject:\r\n\tSecurity ID:\t\tS-1-0-0\r\n\tAccount Name:\t\t-\r\n\tAccount Domain:\t\t-\r\n\tLogon ID:\t\t0x0\r\n\r\nLogon Type:\t\t3\r\n\r\nAccount For Which Logon Failed:\r\n\tSecurity ID:\t\tS-1-0-0\r\n\tAccount Name:\t\tadmin\r\n\tAccount Domain:\t\tCORP\r\n\r\nFailure Information:\r\n\tFailure Reason:\t\tUnknown user name or bad password.\r\n\tStatus:\t\t\t0xc000006d\r\n\tSub Status:\t\t0xc000006a\r\n\r\nNetwork Information:\r\n\tWorkstation Name:\tDC01\r\n\tSource Network Address:\t203.0.113.45\r\n\tSource Port:\t\t11712\r\n"
  },
  {
    "EventTime": "2025-08-03T12:12:15",
    "Hostname": "DC01.corp.local",
    "EventType": "AUDIT_SUCCESS",
    "EventID": 4624,
    "SourceName": "Microsoft-Windows-Security-Auditing",
    "Channel": "Security",
    "Message": "An account was successfully logged on.\r\n\r\nSubject:\r\n\tSecurity ID:\t\tS-1-5-21\r\n\tAccount Name:\t\tuser1\r\n\tAccount Domain:\t\tCORP\r\n\tLogon ID:\t\t0x1234\r\n\r\nLogon Type:\t\t2\r\n\r\nNetwork Information:\r\n\tSource Network Address:\t162.243.187.132\r\n\tSource Port:\t\t23127\r\n"
  },
  {
    "EventTime": "2025-08-03T12:55:10",
    "Hostname": "DC01.corp.local",
    "EventType": "AUDIT_FAILURE",
    "EventID": 4625,
    "SourceName": "Microsoft-Windows-Security-Auditing",
    "Channel": "Security",
    "Message": "An account failed to log on.\r\n\r\nSubject:\r\n\tSecurity ID:\t\tS-1-0-0\r\n\tAccount Name:\t\t-\r\n\tAccount Domain:\t\t-\r\n\tLogon ID:\t\t0x0\r\n\r\nLogon Type:\t\t3\r\n\r\nAccount For Which Logon Failed:\r\n\tSecurity ID:\t\tS-1-0-0\r\n\tAccount Name:\t\tjinny\r\n\tAccount Domain:\t\tCORP\r\n\r\nFailure Information:\r\n\tFailure Reason:\t\tUnknown user name or bad password.\r\n\tStatus:\t\t\t0xc000006d\r\n\tSub Status:\t\t0xc000006a\r\n\r\nNetwork Information:\r\n\tWorkstation Name:\tDC01\r\n\tSource Network Address:\t203.0.113.76\r\n\tSource Port:\t\t45105\r\n"
  },
  {
    "EventTime": "2025-08-03T12:58:45",
    "Hostname": "DC01.corp.local",
    "EventType": "AUDIT_FAILURE",
    "EventID": 4625,
    "SourceName": "Microsoft-Windows-Security-Auditing",
    "Channel": "Security",
    "Message": "An account failed to log on.\r\n\r\nSubject:\r\n\tSecurity ID:\t\tS-1-0-0\r\n\tAccount Name:\t\t-\r\n\tAccount Domain:\t\t-\r\n\tLogon ID:\t\t0x0\r\n\r\nLogon Type:\t\t3\r\n\r\nAccount For Which Logon Failed:\r\n\tSecurity ID:\t\tS-1-0-0\r\n\tAccount Name:\t\tjinny\r\n\tAccount Domain:\t\tCORP\r\n\r\nFailure Information:\r\n\tFailure Reason:\t\tUnknown user name or bad password.\r\n\tStatus:\t\t\t0xc000006d\r\n\tSub Status:\t\t0xc000006a\r\n\r\nNetwork Information:\r\n\tWorkstation Name:\tDC01\r\n\tSource Network Address:\t198.51.100.23\r\n\tSource Port:\t\t5910\r\n"
  },
  {
    "EventTime": "2025-08-03T12:16:31",
    "Hostname": "DC01.corp.local",
    "EventType": "AUDIT_FAILURE",
    "EventID": 4625,
    "SourceName": "Microsoft-Windows-Security-Auditing",
    "Channel": "Security",
    "Message": "An account failed to log on.\r\n\r\nSubject:\r\n\tSecurity ID:\t\tS-1-0-0\r\n\tAccount Name:\t\t-\r\n\tAccount Domain:\t\t-\r\n\tLogon ID:\t\t0x0\r\n\r\nLogon Type:\t\t3\r\n\r\nAccount For Which Logon Failed:\r\n\tSecurity ID:\t\tS-1-0-0\r\n\tAccount Name:\t\ttestuser\r\n\tAccount Domain:\t\tCORP\r\n\r\nFailure Information:\r\n\tFailure Reason:\t\tUnknown user name or bad password.\r\n\tStatus:\t\t\t0xc000006d\r\n\tSub Status:\t\t0xc000006a\r\n\r\nNetwork Information:\r\n\tWorkstation Name:\tDC01\r\n\tSource Network Address:\t203.0.113.45\r\n\tSource Port:\t\t32008\r\n"
  },
  {
    "EventTime": "2025-08-03T12:56:24",
    "Hostname": "DC01.corp.local",
    "EventType": "AUDIT_FAILURE",
    "EventID": 4634,
    "SourceName": "Microsoft-Windows-Security-Auditing",
    "Channel": "Security",
    "Message": "An account was logged off.\r\n\r\nAccount Name:\t\tjsmith\r\n"
  },
  {
    "EventTime": "2025-08-03T12:06:38",
    "Hostname": "DC01.corp.local",
    "EventType": "AUDIT_FAILURE",
    "EventID": 4625,
    "SourceName": "Microsoft-Windows-Security-Auditing",
    "Channel": "Security",
    "Message": "An account failed to log on.\r\n\r\nSubject:\r\n\tSecurity ID:\t\tS-1-0-0\r\n\tAccount Name:\t\t-\r\n\tAccount Domain:\t\t-\r\n\tLogon ID:\t\t0x0\r\n\r\nLogon Type:\t\t3\r\n\r\nAccount For Which Logon Failed:\r\n\tSecurity ID:\t\tS-1-0-0\r\n\tAccount Name:\t\tadmin\r\n\tAccount Domain:\t\tCORP\r\n\r\nFailure Information:\r\n\tFailure Reason:\t\tUnknown user name or bad password.\r\n\tStatus:\t\t\t0xc000006d\r\n\tSub Status:\t\t0xc000006a\r\n\r\nNetwork Information:\r\n\tWorkstation Name:\tDC01\r\n\tSource Network Address:\t185.199.108.45\r\n\tSource Port:\t\t3067\r\n"
  },
  {
    "EventTime": "2025-08-03T12:14:18",
    "Hostname": "DC01.corp.local",
    "EventType": "AUDIT_FAILURE",
    "EventID": 5140,
    "SourceName": "Microsoft-Windows-Security-Auditing",
    "Channel": "Security",
    "Message": "A network share object was accessed.\r\n\r\n\tSource Network Address:\t162.243.187.132\r\n"
  },
  {
    "EventTime": "2025-08-03T12:32:23",
    "Hostname": "DC01.corp.local",
    "EventType": "AUDIT_SUCCESS",
    "EventID": 4624,
    "SourceName": "Microsoft-Windows-Security-Auditing",
    "Channel": "Security",
    "Message": "An account was successfully logged on.\r\n\r\nSubject:\r\n\tSecurity ID:\t\tS-1-5-21\r\n\tAccount Name:\t\thradmin\r\n\tAccount Domain:\t\tCORP\r\n\tLogon ID:\t\t0x1234\r\n\r\nLogon Type:\t\t2\r\n\r\nNetwork Information:\r\n\tSource Network Address:\t203.0.113.45\r\n\tSource Port:\t\t36536\r\n"
  },
  {
    "EventTime": "2025-08-03T12:06:08",
    "Hostname": "DC01.corp.local",
    "EventType": "AUDIT_FAILURE",
    "EventID": 4634,
    "SourceName": "Microsoft-Windows-Security-Auditing",
    "Channel": "Security",
    "Message": "An account was logged off.\r\n\r\nAccount Name:\t\ttestuser\r\n"
  },
  {
    "EventTime": "2025-08-03T12:20:44",
    "Hostname": "DC01.corp.local",
    "EventType": "AUDIT_SUCCESS",
    "EventID": 4624,
    "SourceName": "Microsoft-Windows-Security-Auditing",
    "Channel": "Security",
    "Message": "An account was successfully logged on.\r\n\r\nSubject:\r\n\tSecurity ID:\t\tS-1-5-21\r\n\tAccount Name:\t\tjinny\r\n\tAccount Domain:\t\tCORP\r\n\tLogon ID:\t\t0x1234\r\n\r\nLogon Type:\t\t2\r\n\r\nNetwork Information:\r\n\tSource Network Address:\t23.235.33.141\r\n\tSource Port:\t\t3787\r\n"
  },
  {
    "EventTime": "2025-08-03T12:50:49",
    "Hostname": "DC01.corp.local",
    "EventType": "AUDIT_FAILURE",
    "EventID": 4672,
    "SourceName": "Microsoft-Windows-Security-Auditing",
    "Channel": "Security",
    "Message": "Special privileges assigned to new logon.\r\n\tAccount Name:\t\tjsmith\r\n"
  },
  {
    "EventTime": "2025-08-03T12:42:36",
    "Hostname": "DC01.corp.local",
    "EventType": "AUDIT_FAILURE",
    "EventID": 4672,
    "SourceName": "Microsoft-Windows-Security-Auditing",
    "Channel": "Security",
    "Message": "Special privileges assigned to new logon.\r\n\tAccount Name:\t\thradmin\r\n"
  },
  {
    "EventTime": "2025-08-03T12:01:41",
    "Hostname": "DC01.corp.local",
    "EventType": "AUDIT_SUCCESS",
    "EventID": 4624,
    "SourceName": "Microsoft-Windows-Security-Auditing",
    "Channel": "Security",
    "Message": "An account was successfully logged on.\r\n\r\nSubject:\r\n\tSecurity ID:\t\tS-1-5-21\r\n\tAccount Name:\t\tadmin\r\n\tAccount Domain:\t\tCORP\r\n\tLogon ID:\t\t0x1234\r\n\r\nLogon Type:\t\t2\r\n\r\nNetwork Information:\r\n\tSource Network Address:\t203.0.113.76\r\n\tSource Port:\t\t63450\r\n"
  },
  {
    "EventTime": "2025-08-03T12:50:23",
    "Hostname": "DC01.corp.local",
    "EventType": "AUDIT_FAILURE",
    "EventID": 4625,
    "SourceName": "Microsoft-Windows-Security-Auditing",
    "Channel": "Security",
    "Message": "An account failed to log on.\r\n\r\nSubject:\r\n\tSecurity ID:\t\tS-1-0-0\r\n\tAccount Name:\t\t-\r\n\tAccount Domain:\t\t-\r\n\tLogon ID:\t\t0x0\r\n\r\nLogon Type:\t\t3\r\n\r\nAccount For Which Logon Failed:\r\n\tSecurity ID:\t\tS-1-0-0\r\n\tAccount Name:\t\ttestuser\r\n\tAccount Domain:\t\tCORP\r\n\r\nFailure Information:\r\n\tFailure Reason:\t\tUnknown user name or bad password.\r\n\tStatus:\t\t\t0xc000006d\r\n\tSub Status:\t\t0xc000006a\r\n\r\nNetwork Information:\r\n\tWorkstation Name:\tDC01\r\n\tSource Network Address:\t45.79.0.12\r\n\tSource Port:\t\t6294\r\n"
  },
  {
    "EventTime": "2025-08-03T12:15:15",
    "Hostname": "DC01.corp.local",
    "EventType": "AUDIT_FAILURE",
    "EventID": 4648,
    "SourceName": "Microsoft-Windows-Security-Auditing",
    "Channel": "Security",
    "Message": "A logon was attempted using explicit credentials.\r\n\r\nAccount Name:\t\tjinny\r\n\tNetwork Address:\t23.235.33.141\r\n\tPort:\t\t16896\r\n"
  },
  {
    "EventTime": "2025-08-03T12:42:04",
    "Hostname": "DC01.corp.local",
    "EventType": "AUDIT_SUCCESS",
    "EventID": 4624,
    "SourceName": "Microsoft-Windows-Security-Auditing",
    "Channel": "Security",
    "Message": "An account was successfully logged on.\r\n\r\nSubject:\r\n\tSecurity ID:\t\tS-1-5-21\r\n\tAccount Name:\t\tuser1\r\n\tAccount Domain:\t\tCORP\r\n\tLogon ID:\t\t0x1234\r\n\r\nLogon Type:\t\t2\r\n\r\nNetwork Information:\r\n\tSource Network Address:\t104.244.42.1\r\n\tSource Port:\t\t12033\r\n"
  },
  {
    "EventTime": "2025-08-03T12:41:15",
    "Hostname": "DC01.corp.local",
    "EventType": "AUDIT_SUCCESS",
    "EventID": 4624,
    "SourceName": "Microsoft-Windows-Security-Auditing",
    "Channel": "Security",
    "Message": "An account was successfully logged on.\r\n\r\nSubject:\r\n\tSecurity ID:\t\tS-1-5-21\r\n\tAccount Name:\t\tjinny\r\n\tAccount Domain:\t\tCORP\r\n\tLogon ID:\t\t0x1234\r\n\r\nLogon Type:\t\t2\r\n\r\nNetwork Information:\r\n\tSource Network Address:\t185.199.108.45\r\n\tSource Port:\t\t43762\r\n"
  },
  {
    "EventTime": "2025-08-03T12:15:02",
    "Hostname": "DC01.corp.local",
    "EventType": "AUDIT_SUCCESS",
    "EventID": 4624,
    "SourceName": "Microsoft-Windows-Security-Auditing",
    "Channel": "Security",
    "Message": "An account was successfully logged on.\r\n\r\nSubject:\r\n\tSecurity ID:\t\tS-1-5-21\r\n\tAccount Name:\t\tjsmith\r\n\tAccount Domain:\t\tCORP\r\n\tLogon ID:\t\t0x1234\r\n\r\nLogon Type:\t\t2\r\n\r\nNetwork Information:\r\n\tSource Network Address:\t185.199.108.45\r\n\tSource Port:\t\t16306\r\n"
  },
  {
    "EventTime": "2025-08-03T12:32:27",
    "Hostname": "DC01.corp.local",
    "EventType": "AUDIT_SUCCESS",
    "EventID": 4720,
    "SourceName": "Microsoft-Windows-Security-Auditing",
    "Channel": "Security",
    "Message": "A user account was created.\r\n\r\nNew Account:\r\n\tAccount Name:\t\tuser1\r\n"
  },
  {
    "EventTime": "2025-08-03T12:56:14",
    "Hostname": "DC01.corp.local",
    "EventType": "AUDIT_SUCCESS",
    "EventID": 4624,
    "SourceName": "Microsoft-Windows-Security-Auditing",
    "Channel": "Security",
    "Message": "An account was successfully logged on.\r\n\r\nSubject:\r\n\tSecurity ID:\t\tS-1-5-21\r\n\tAccount Name:\t\tuser1\r\n\tAccount Domain:\t\tCORP\r\n\tLogon ID:\t\t0x1234\r\n\r\nLogon Type:\t\t2\r\n\r\nNetwork Information:\r\n\tSource Network Address:\t8.8.8.8\r\n\tSource Port:\t\t47300\r\n"
  },
  {
    "EventTime": "2025-08-03T12:36:03",
    "Hostname": "DC01.corp.local",
    "EventType": "AUDIT_FAILURE",
    "EventID": 4625,
    "SourceName": "Microsoft-Windows-Security-Auditing",
    "Channel": "Security",
    "Message": "An account failed to log on.\r\n\r\nSubject:\r\n\tSecurity ID:\t\tS-1-0-0\r\n\tAccount Name:\t\t-\r\n\tAccount Domain:\t\t-\r\n\tLogon ID:\t\t0x0\r\n\r\nLogon Type:\t\t3\r\n\r\nAccount For Which Logon Failed:\r\n\tSecurity ID:\t\tS-1-0-0\r\n\tAccount Name:\t\ttestuser\r\n\tAccount Domain:\t\tCORP\r\n\r\nFailure Information:\r\n\tFailure Reason:\t\tUnknown user name or bad password.\r\n\tStatus:\t\t\t0xc000006d\r\n\tSub Status:\t\t0xc000006a\r\n\r\nNetwork Information:\r\n\tWorkstation Name:\tDC01\r\n\tSource Network Address:\t203.0.113.45\r\n\tSource Port:\t\t28621\r\n"
  },
  {
    "EventTime": "2025-08-03T12:54:10",
    "Hostname": "DC01.corp.local",
    "EventType": "AUDIT_SUCCESS",
    "EventID": 4624,
    "SourceName": "Microsoft-Windows-Security-Auditing",
    "Channel": "Security",
    "Message": "An account was successfully logged on.\r\n\r\nSubject:\r\n\tSecurity ID:\t\tS-1-5-21\r\n\tAccount Name:\t\thradmin\r\n\tAccount Domain:\t\tCORP\r\n\tLogon ID:\t\t0x1234\r\n\r\nLogon Type:\t\t2\r\n\r\nNetwork Information:\r\n\tSource Network Address:\t198.51.100.23\r\n\tSource Port:\t\t62425\r\n"
  },
  {
    "EventTime": "2025-08-03T12:18:15",
    "Hostname": "DC01.corp.local",
    "EventType": "AUDIT_FAILURE",
    "EventID": 4672,
    "SourceName": "Microsoft-Windows-Security-Auditing",
    "Channel": "Security",
    "Message": "Special privileges assigned to new logon.\r\n\tAccount Name:\t\tadministrator\r\n"
  },
  {
    "EventTime": "2025-08-03T12:04:20",
    "Hostname": "DC01.corp.local",
    "EventType": "AUDIT_FAILURE",
    "EventID": 4625,
    "SourceName": "Microsoft-Windows-Security-Auditing",
    "Channel": "Security",
    "Message": "An account failed to log on.\r\n\r\nSubject:\r\n\tSecurity ID:\t\tS-1-0-0\r\n\tAccount Name:\t\t-\r\n\tAccount Domain:\t\t-\r\n\tLogon ID:\t\t0x0\r\n\r\nLogon Type:\t\t3\r\n\r\nAccount For Which Logon Failed:\r\n\tSecurity ID:\t\tS-1-0-0\r\n\tAccount Name:\t\tjinny\r\n\tAccount Domain:\t\tCORP\r\n\r\nFailure Information:\r\n\tFailure Reason:\t\tUnknown user name or bad password.\r\n\tStatus:\t\t\t0xc000006d\r\n\tSub Status:\t\t0xc000006a\r\n\r\nNetwork Information:\r\n\tWorkstation Name:\tDC01\r\n\tSource Network Address:\t8.8.8.8\r\n\tSource Port:\t\t10274\r\n"
  },
  {
    "EventTime": "2025-08-03T12:19:17",
    "Hostname": "DC01.corp.local",
    "EventType": "AUDIT_SUCCESS",
    "EventID": 4624,
    "SourceName": "Microsoft-Windows-Security-Auditing",
    "Channel": "Security",
    "Message": "An account was successfully logged on.\r\n\r\nSubject:\r\n\tSecurity ID:\t\tS-1-5-21\r\n\tAccount Name:\t\tjsmith\r\n\tAccount Domain:\t\tCORP\r\n\tLogon ID:\t\t0x1234\r\n\r\nLogon Type:\t\t2\r\n\r\nNetwork Information:\r\n\tSource Network Address:\t45.33.32.156\r\n\tSource Port:\t\t46585\r\n"
  },
  {
    "EventTime": "2025-08-03T12:48:04",
    "Hostname": "DC01.corp.local",
    "EventType": "AUDIT_SUCCESS",
    "EventID": 4624,
    "SourceName": "Microsoft-Windows-Security-Auditing",
    "Channel": "Security",
    "Message": "An account was successfully logged on.\r\n\r\nSubject:\r\n\tSecurity ID:\t\tS-1-5-21\r\n\tAccount Name:\t\thradmin\r\n\tAccount Domain:\t\tCORP\r\n\tLogon ID:\t\t0x1234\r\n\r\nLogon Type:\t\t2\r\n\r\nNetwork Information:\r\n\tSource Network Address:\t203.0.113.76\r\n\tSource Port:\t\t32616\r\n"
  },
  {
    "EventTime": "2025-08-03T12:30:45",
    "Hostname": "DC01.corp.local",
    "EventType": "AUDIT_SUCCESS",
    "EventID": 4624,
    "SourceName": "Microsoft-Windows-Security-Auditing",
    "Channel": "Security",
    "Message": "An account was successfully logged on.\r\n\r\nSubject:\r\n\tSecurity ID:\t\tS-1-5-21\r\n\tAccount Name:\t\tadministrator\r\n\tAccount Domain:\t\tCORP\r\n\tLogon ID:\t\t0x1234\r\n\r\nLogon Type:\t\t2\r\n\r\nNetwork Information:\r\n\tSource Network Address:\t45.79.0.12\r\n\tSource Port:\t\t21126\r\n"
  },
  {
    "EventTime": "2025-08-03T12:37:22",
    "Hostname": "DC01.corp.local",
    "EventType": "AUDIT_FAILURE",
    "EventID": 5140,
    "SourceName": "Microsoft-Windows-Security-Auditing",
    "Channel": "Security",
    "Message": "A network share object was accessed.\r\n\r\n\tSource Network Address:\t203.0.113.45\r\n"
  },
  {
    "EventTime": "2025-08-03T12:06:57",
    "Hostname": "DC01.corp.local",
    "EventType": "AUDIT_SUCCESS",
    "EventID": 4624,
    "SourceName": "Microsoft-Windows-Security-Auditing",
    "Channel": "Security",
    "Message": "An account was successfully logged on.\r\n\r\nSubject:\r\n\tSecurity ID:\t\tS-1-5-21\r\n\tAccount Name:\t\ttestuser\r\n\tAccount Domain:\t\tCORP\r\n\tLogon ID:\t\t0x1234\r\n\r\nLogon Type:\t\t2\r\n\r\nNetwork Information:\r\n\tSource Network Address:\t45.79.0.12\r\n\tSource Port:\t\t57120\r\n"
  },
  {
    "EventTime": "2025-08-03T12:06:10",
    "Hostname": "DC01.corp.local",
    "EventType": "AUDIT_FAILURE",
    "EventID": 4625,
    "SourceName": "Microsoft-Windows-Security-Auditing",
    "Channel": "Security",
    "Message": "An account failed to log on.\r\n\r\nSubject:\r\n\tSecurity ID:\t\tS-1-0-0\r\n\tAccount Name:\t\t-\r\n\tAccount Domain:\t\t-\r\n\tLogon ID:\t\t0x0\r\n\r\nLogon Type:\t\t3\r\n\r\nAccount For Which Logon Failed:\r\n\tSecurity ID:\t\tS-1-0-0\r\n\tAccount Name:\t\thradmin\r\n\tAccount Domain:\t\tCORP\r\n\r\nFailure Information:\r\n\tFailure Reason:\t\tUnknown user name or bad password.\r\n\tStatus:\t\t\t0xc000006d\r\n\tSub Status:\t\t0xc000006a\r\n\r\nNetwork Information:\r\n\tWorkstation Name:\tDC01\r\n\tSource Network Address:\t162.243.187.132\r\n\tSource Port:\t\t28764\r\n"
  },
  {
    "EventTime": "2025-08-03T12:41:03",
    "Hostname": "DC01.corp.local",
    "EventType": "AUDIT_SUCCESS",
    "EventID": 4624,
    "SourceName": "Microsoft-Windows-Security-Auditing",
    "Channel": "Security",
    "Message": "An account was successfully logged on.\r\n\r\nSubject:\r\n\tSecurity ID:\t\tS-1-5-21\r\n\tAccount Name:\t\tjinny\r\n\tAccount Domain:\t\tCORP\r\n\tLogon ID:\t\t0x1234\r\n\r\nLogon Type:\t\t2\r\n\r\nNetwork Information:\r\n\tSource Network Address:\t203.0.113.45\r\n\tSource Port:\t\t46607\r\n"
  },
  {
    "EventTime": "2025-08-03T12:43:48",
    "Hostname": "DC01.corp.local",
    "EventType": "AUDIT_SUCCESS",
    "EventID": 4624,
    "SourceName": "Microsoft-Windows-Security-Auditing",
    "Channel": "Security",
    "Message": "An account was successfully logged on.\r\n\r\nSubject:\r\n\tSecurity ID:\t\tS-1-5-21\r\n\tAccount Name:\t\tuser1\r\n\tAccount Domain:\t\tCORP\r\n\tLogon ID:\t\t0x1234\r\n\r\nLogon Type:\t\t2\r\n\r\nNetwork Information:\r\n\tSource Network Address:\t51.79.19.58\r\n\tSource Port:\t\t38120\r\n"
  },
  {
    "EventTime": "2025-08-03T12:07:23",
    "Hostname": "DC01.corp.local",
    "EventType": "AUDIT_FAILURE",
    "EventID": 4625,
    "SourceName": "Microsoft-Windows-Security-Auditing",
    "Channel": "Security",
    "Message": "An account failed to log on.\r\n\r\nSubject:\r\n\tSecurity ID:\t\tS-1-0-0\r\n\tAccount Name:\t\t-\r\n\tAccount Domain:\t\t-\r\n\tLogon ID:\t\t0x0\r\n\r\nLogon Type:\t\t3\r\n\r\nAccount For Which Logon Failed:\r\n\tSecurity ID:\t\tS-1-0-0\r\n\tAccount Name:\t\tguest\r\n\tAccount Domain:\t\tCORP\r\n\r\nFailure Information:\r\n\tFailure Reason:\t\tUnknown user name or bad password.\r\n\tStatus:\t\t\t0xc000006d\r\n\tSub Status:\t\t0xc000006a\r\n\r\nNetwork Information:\r\n\tWorkstation Name:\tDC01\r\n\tSource Network Address:\t185.199.108.45\r\n\tSource Port:\t\t6195\r\n"
  },
  {
    "EventTime": "2025-08-03T12:01:43",
    "Hostname": "DC01.corp.local",
    "EventType": "AUDIT_FAILURE",
    "EventID": 4648,
    "SourceName": "Microsoft-Windows-Security-Auditing",
    "Channel": "Security",
    "Message": "A logon was attempted using explicit credentials.\r\n\r\nAccount Name:\t\tjsmith\r\n\tNetwork Address:\t45.33.32.156\r\n\tPort:\t\t23632\r\n"
  },
  {
    "EventTime": "2025-08-03T12:41:25",
    "Hostname": "DC01.corp.local",
    "EventType": "AUDIT_FAILURE",
    "EventID": 4625,
    "SourceName": "Microsoft-Windows-Security-Auditing",
    "Channel": "Security",
    "Message": "An account failed to log on.\r\n\r\nSubject:\r\n\tSecurity ID:\t\tS-1-0-0\r\n\tAccount Name:\t\t-\r\n\tAccount Domain:\t\t-\r\n\tLogon ID:\t\t0x0\r\n\r\nLogon Type:\t\t3\r\n\r\nAccount For Which Logon Failed:\r\n\tSecurity ID:\t\tS-1-0-0\r\n\tAccount Name:\t\tjinny\r\n\tAccount Domain:\t\tCORP\r\n\r\nFailure Information:\r\n\tFailure Reason:\t\tUnknown user name or bad password.\r\n\tStatus:\t\t\t0xc000006d\r\n\tSub Status:\t\t0xc000006a\r\n\r\nNetwork Information:\r\n\tWorkstation Name:\tDC01\r\n\tSource Network Address:\t51.79.19.58\r\n\tSource Port:\t\t57192\r\n"
  },
  {
    "EventTime": "2025-08-03T12:17:55",
    "Hostname": "DC01.corp.local",
    "EventType": "AUDIT_FAILURE",
    "EventID": 4625,
    "SourceName": "Microsoft-Windows-Security-Auditing",
    "Channel": "Security",
    "Message": "An account failed to log on.\r\n\r\nSubject:\r\n\tSecurity ID:\t\tS-1-0-0\r\n\tAccount Name:\t\t-\r\n\tAccount Domain:\t\t-\r\n\tLogon ID:\t\t0x0\r\n\r\nLogon Type:\t\t3\r\n\r\nAccount For Which Logon Failed:\r\n\tSecurity ID:\t\tS-1-0-0\r\n\tAccount Name:\t\ttestuser\r\n\tAccount Domain:\t\tCORP\r\n\r\nFailure Information:\r\n\tFailure Reason:\t\tUnknown user name or bad password.\r\n\tStatus:\t\t\t0xc000006d\r\n\tSub Status:\t\t0xc000006a\r\n\r\nNetwork Information:\r\n\tWorkstation Name:\tDC01\r\n\tSource Network Address:\t203.0.113.76\r\n\tSource Port:\t\t17683\r\n"
  },
  {
    "EventTime": "2025-08-03T12:44:45",
    "Hostname": "DC01.corp.local",
    "EventType": "AUDIT_SUCCESS",
    "EventID": 4624,
    "SourceName": "Microsoft-Windows-Security-Auditing",
    "Channel": "Security",
    "Message": "An account was successfully logged on.\r\n\r\nSubject:\r\n\tSecurity ID:\t\tS-1-5-21\r\n\tAccount Name:\t\tuser1\r\n\tAccount Domain:\t\tCORP\r\n\tLogon ID:\t\t0x1234\r\n\r\nLogon Type:\t\t2\r\n\r\nNetwork Information:\r\n\tSource Network Address:\t8.8.8.8\r\n\tSource Port:\t\t45038\r\n"
  },
  {
    "EventTime": "2025-08-03T12:35:11",
    "Hostname": "DC01.corp.local",
    "EventType": "AUDIT_SUCCESS",
    "EventID": 4624,
    "SourceName": "Microsoft-Windows-Security-Auditing",
    "Channel": "Security",
    "Message": "An account was successfully logged on.\r\n\r\nSubject:\r\n\tSecurity ID:\t\tS-1-5-21\r\n\tAccount Name:\t\ttestuser\r\n\tAccount Domain:\t\tCORP\r\n\tLogon ID:\t\t0x1234\r\n\r\nLogon Type:\t\t2\r\n\r\nNetwork Information:\r\n\tSource Network Address:\t45.33.32.156\r\n\tSource Port:\t\t18420\r\n"
  },
  {
    "EventTime": "2025-08-03T12:32:27",
    "Hostname": "DC01.corp.local",
    "EventType": "AUDIT_SUCCESS",
    "EventID": 4624,
    "SourceName": "Microsoft-Windows-Security-Auditing",
    "Channel": "Security",
    "Message": "An account was successfully logged on.\r\n\r\nSubject:\r\n\tSecurity ID:\t\tS-1-5-21\r\n\tAccount Name:\t\tjsmith\r\n\tAccount Domain:\t\tCORP\r\n\tLogon ID:\t\t0x1234\r\n\r\nLogon Type:\t\t2\r\n\r\nNetwork Information:\r\n\tSource Network Address:\t203.0.113.45\r\n\tSource Port:\t\t48424\r\n"
  },
  {
    "EventTime": "2025-08-03T12:20:57",
    "Hostname": "DC01.corp.local",
    "EventType": "AUDIT_FAILURE",
    "EventID": 4625,
    "SourceName": "Microsoft-Windows-Security-Auditing",
    "Channel": "Security",
    "Message": "An account failed to log on.\r\n\r\nSubject:\r\n\tSecurity ID:\t\tS-1-0-0\r\n\tAccount Name:\t\t-\r\n\tAccount Domain:\t\t-\r\n\tLogon ID:\t\t0x0\r\n\r\nLogon Type:\t\t3\r\n\r\nAccount For Which Logon Failed:\r\n\tSecurity ID:\t\tS-1-0-0\r\n\tAccount Name:\t\thradmin\r\n\tAccount Domain:\t\tCORP\r\n\r\nFailure Information:\r\n\tFailure Reason:\t\tUnknown user name or bad password.\r\n\tStatus:\t\t\t0xc000006d\r\n\tSub Status:\t\t0xc000006a\r\n\r\nNetwork Information:\r\n\tWorkstation Name:\tDC01\r\n\tSource Network Address:\t203.0.113.76\r\n\tSource Port:\t\t24072\r\n"
  },
  {
    "EventTime": "2025-08-03T12:29:58",
    "Hostname": "DC01.corp.local",
    "EventType": "AUDIT_FAILURE",
    "EventID": 4625,
    "SourceName": "Microsoft-Windows-Security-Auditing",
    "Channel": "Security",
    "Message": "An account failed to log on.\r\n\r\nSubject:\r\n\tSecurity ID:\t\tS-1-0-0\r\n\tAccount Name:\t\t-\r\n\tAccount Domain:\t\t-\r\n\tLogon ID:\t\t0x0\r\n\r\nLogon Type:\t\t3\r\n\r\nAccount For Which Logon Failed:\r\n\tSecurity ID:\t\tS-1-0-0\r\n\tAccount Name:\t\tjinny\r\n\tAccount Domain:\t\tCORP\r\n\r\nFailure Information:\r\n\tFailure Reason:\t\tUnknown user name or bad password.\r\n\tStatus:\t\t\t0xc000006d\r\n\tSub Status:\t\t0xc000006a\r\n\r\nNetwork Information:\r\n\tWorkstation Name:\tDC01\r\n\tSource Network Address:\t185.199.108.45\r\n\tSource Port:\t\t23245\r\n"
  },
  {
    "EventTime": "2025-08-03T12:46:18",
    "Hostname": "DC01.corp.local",
    "EventType": "AUDIT_SUCCESS",
    "EventID": 4624,
    "SourceName": "Microsoft-Windows-Security-Auditing",
    "Channel": "Security",
    "Message": "An account was successfully logged on.\r\n\r\nSubject:\r\n\tSecurity ID:\t\tS-1-5-21\r\n\tAccount Name:\t\ttestuser\r\n\tAccount Domain:\t\tCORP\r\n\tLogon ID:\t\t0x1234\r\n\r\nLogon Type:\t\t2\r\n\r\nNetwork Information:\r\n\tSource Network Address:\t51.79.19.58\r\n\tSource Port:\t\t21014\r\n"
  },
  {
    "EventTime": "2025-08-03T12:38:33",
    "Hostname": "DC01.corp.local",
    "EventType": "AUDIT_SUCCESS",
    "EventID": 4720,
    "SourceName": "Microsoft-Windows-Security-Auditing",
    "Channel": "Security",
    "Message": "A user account was created.\r\n\r\nNew Account:\r\n\tAccount Name:\t\ttestuser\r\n"
  },
  {
    "EventTime": "2025-08-03T12:06:16",
    "Hostname": "DC01.corp.local",
    "EventType": "AUDIT_FAILURE",
    "EventID": 4634,
    "SourceName": "Microsoft-Windows-Security-Auditing",
    "Channel": "Security",
    "Message": "An account was logged off.\r\n\r\nAccount Name:\t\tjsmith\r\n"
  },
  {
    "EventTime": "2025-08-03T12:32:40",
    "Hostname": "DC01.corp.local",
    "EventType": "AUDIT_SUCCESS",
    "EventID": 4624,
    "SourceName": "Microsoft-Windows-Security-Auditing",
    "Channel": "Security",
    "Message": "An account was successfully logged on.\r\n\r\nSubject:\r\n\tSecurity ID:\t\tS-1-5-21\r\n\tAccount Name:\t\thradmin\r\n\tAccount Domain:\t\tCORP\r\n\tLogon ID:\t\t0x1234\r\n\r\nLogon Type:\t\t2\r\n\r\nNetwork Information:\r\n\tSource Network Address:\t45.79.0.12\r\n\tSource Port:\t\t22018\r\n"
  },
